Using pre-set license
Built from '2021.3/staging' branch; Version is '2021.3.11f1 (0a5ca18544bf) revision 679073'; Using compiler version '192829333'; Build Type 'Release'
OS: 'Windows 11  (10.0.22000) 64bit Core' Language: 'ja' Physical Memory: 16302 MB
BatchMode: 1, IsHumanControllingUs: 0, StartBugReporterOnCrash: 0, Is64bit: 1, IsPro: 1

COMMAND LINE ARGUMENTS:
C:\Program Files\Unity\Hub\Editor\2021.3.11f1\Editor\Unity.exe
-adb2
-batchMode
-noUpm
-name
AssetImportWorker1
-projectPath
C:/Users/shiro/Desktop/UnityGames/so-ra-game/3DAction
-logFile
Logs/AssetImportWorker1.log
-srvPort
51596
Successfully changed project path to: C:/Users/shiro/Desktop/UnityGames/so-ra-game/3DAction
C:/Users/shiro/Desktop/UnityGames/so-ra-game/3DAction
[UnityMemory] Configuration Parameters - Can be set up in boot.config
    "memorysetup-bucket-allocator-granularity=16"
    "memorysetup-bucket-allocator-bucket-count=8"
    "memorysetup-bucket-allocator-block-size=33554432"
    "memorysetup-bucket-allocator-block-count=8"
    "memorysetup-main-allocator-block-size=16777216"
    "memorysetup-thread-allocator-block-size=16777216"
    "memorysetup-gfx-main-allocator-block-size=16777216"
    "memorysetup-gfx-thread-allocator-block-size=16777216"
    "memorysetup-cache-allocator-block-size=4194304"
    "memorysetup-typetree-allocator-block-size=2097152"
    "memorysetup-profiler-bucket-allocator-granularity=16"
    "memorysetup-profiler-bucket-allocator-bucket-count=8"
    "memorysetup-profiler-bucket-allocator-block-size=33554432"
    "memorysetup-profiler-bucket-allocator-block-count=8"
    "memorysetup-profiler-allocator-block-size=16777216"
    "memorysetup-profiler-editor-allocator-block-size=1048576"
    "memorysetup-temp-allocator-size-main=16777216"
    "memorysetup-job-temp-allocator-block-size=2097152"
    "memorysetup-job-temp-allocator-block-size-background=1048576"
    "memorysetup-job-temp-allocator-reduction-small-platforms=262144"
    "memorysetup-temp-allocator-size-background-worker=32768"
    "memorysetup-temp-allocator-size-job-worker=262144"
    "memorysetup-temp-allocator-size-preload-manager=33554432"
    "memorysetup-temp-allocator-size-nav-mesh-worker=65536"
    "memorysetup-temp-allocator-size-audio-worker=65536"
    "memorysetup-temp-allocator-size-cloud-worker=32768"
    "memorysetup-temp-allocator-size-gi-baking-worker=262144"
    "memorysetup-temp-allocator-size-gfx=262144"
Refreshing native plugins compatible for Editor in 129.11 ms, found 4 plugins.
Preloading 0 native plugins for Editor in 0.00 ms.
Initialize engine version: 2021.3.11f1 (0a5ca18544bf)
[Subsystems] Discovering subsystems at path C:/Program Files/Unity/Hub/Editor/2021.3.11f1/Editor/Data/Resources/UnitySubsystems
[Subsystems] Discovering subsystems at path C:/Users/shiro/Desktop/UnityGames/so-ra-game/3DAction/Assets
GfxDevice: creating device client; threaded=0; jobified=0
Direct3D:
    Version:  Direct3D 11.0 [level 11.1]
    Renderer: NVIDIA GeForce GTX 1660 Ti (ID=0x2182)
    Vendor:   NVIDIA
    VRAM:     5991 MB
    Driver:   30.0.15.1123
Initialize mono
Mono path[0] = 'C:/Program Files/Unity/Hub/Editor/2021.3.11f1/Editor/Data/Managed'
Mono path[1] = 'C:/Program Files/Unity/Hub/Editor/2021.3.11f1/Editor/Data/MonoBleedingEdge/lib/mono/unityjit-win32'
Mono config path = 'C:/Program Files/Unity/Hub/Editor/2021.3.11f1/Editor/Data/MonoBleedingEdge/etc'
Using monoOptions --debugger-agent=transport=dt_socket,embedding=1,server=y,suspend=n,address=127.0.0.1:56536
Begin MonoManager ReloadAssembly
Registering precompiled unity dll's ...
Register platform support module: C:/Program Files/Unity/Hub/Editor/2021.3.11f1/Editor/Data/PlaybackEngines/WebGLSupport/UnityEditor.WebGL.Extensions.dll
Register platform support module: C:/Program Files/Unity/Hub/Editor/2021.3.11f1/Editor/Data/PlaybackEngines/WindowsStandaloneSupport/UnityEditor.WindowsStandalone.Extensions.dll
Registered in 0.005156 seconds.
Native extension for WindowsStandalone target not found
Native extension for WebGL target not found
Refreshing native plugins compatible for Editor in 132.00 ms, found 4 plugins.
Preloading 0 native plugins for Editor in 0.00 ms.
Mono: successfully reloaded assembly
- Completed reload, in  0.682 seconds
Domain Reload Profiling:
	ReloadAssembly (682ms)
		BeginReloadAssembly (76ms)
			ExecutionOrderSort (0ms)
			DisableScriptedObjects (0ms)
			BackupInstance (0ms)
			ReleaseScriptingObjects (0ms)
			CreateAndSetChildDomain (1ms)
		EndReloadAssembly (504ms)
			LoadAssemblies (76ms)
			RebuildTransferFunctionScriptingTraits (0ms)
			SetupTypeCache (102ms)
			ReleaseScriptCaches (0ms)
			RebuildScriptCaches (35ms)
			SetupLoadedEditorAssemblies (321ms)
				LogAssemblyErrors (0ms)
				InitializePlatformSupportModulesInManaged (25ms)
				SetLoadedEditorAssemblies (0ms)
				RefreshPlugins (132ms)
				BeforeProcessingInitializeOnLoad (1ms)
				ProcessInitializeOnLoadAttributes (123ms)
				ProcessInitializeOnLoadMethodAttributes (39ms)
				AfterProcessingInitializeOnLoad (0ms)
				EditorAssembliesLoaded (0ms)
			ExecutionOrderSort2 (0ms)
			AwakeInstancesAfterBackupRestoration (0ms)
Platform modules already initialized, skipping
Registering precompiled user dll's ...
Registered in 0.013314 seconds.
Begin MonoManager ReloadAssembly
Symbol file LoadedFromMemory doesn't match image C:\Users\shiro\Desktop\UnityGames\so-ra-game\3DAction\Library\PackageCache\com.unity.visualscripting@1.7.8\Editor\VisualScripting.Core\Dependencies\YamlDotNet\Unity.VisualScripting.YamlDotNet.dll
Symbol file LoadedFromMemory doesn't match image C:\Users\shiro\Desktop\UnityGames\so-ra-game\3DAction\Library\PackageCache\com.unity.visualscripting@1.7.8\Editor\VisualScripting.Core\Dependencies\DotNetZip\Unity.VisualScripting.IonicZip.dll
Native extension for WindowsStandalone target not found
Native extension for WebGL target not found
Refreshing native plugins compatible for Editor in 114.25 ms, found 4 plugins.
Preloading 0 native plugins for Editor in 0.00 ms.
Mono: successfully reloaded assembly
- Completed reload, in  1.587 seconds
Domain Reload Profiling:
	ReloadAssembly (1588ms)
		BeginReloadAssembly (110ms)
			ExecutionOrderSort (0ms)
			DisableScriptedObjects (6ms)
			BackupInstance (0ms)
			ReleaseScriptingObjects (0ms)
			CreateAndSetChildDomain (18ms)
		EndReloadAssembly (1354ms)
			LoadAssemblies (132ms)
			RebuildTransferFunctionScriptingTraits (0ms)
			SetupTypeCache (291ms)
			ReleaseScriptCaches (1ms)
			RebuildScriptCaches (66ms)
			SetupLoadedEditorAssemblies (834ms)
				LogAssemblyErrors (0ms)
				InitializePlatformSupportModulesInManaged (4ms)
				SetLoadedEditorAssemblies (0ms)
				RefreshPlugins (114ms)
				BeforeProcessingInitializeOnLoad (214ms)
				ProcessInitializeOnLoadAttributes (314ms)
				ProcessInitializeOnLoadMethodAttributes (181ms)
				AfterProcessingInitializeOnLoad (5ms)
				EditorAssembliesLoaded (0ms)
			ExecutionOrderSort2 (0ms)
			AwakeInstancesAfterBackupRestoration (5ms)
Platform modules already initialized, skipping
========================================================================
Worker process is ready to serve import requests
Launched and connected shader compiler UnityShaderCompiler.exe after 0.08 seconds
Refreshing native plugins compatible for Editor in 1.01 ms, found 4 plugins.
Preloading 0 native plugins for Editor in 0.00 ms.
Unloading 6612 Unused Serialized files (Serialized files now loaded: 0)
Unloading 95 unused Assets / (11.9 MB). Loaded Objects now: 7022.
Memory consumption went from 283.4 MB to 271.4 MB.
Total: 8.170500 ms (FindLiveObjects: 0.601400 ms CreateObjectMapping: 0.588100 ms MarkObjects: 2.603900 ms  DeleteObjects: 4.376200 ms)

AssetImportParameters requested are different than current active one (requested -> active):
  custom:video-decoder-ogg-theora: a1e56fd34408186e4bbccfd4996cb3dc -> 
  custom:container-muxer-webm: aa71ff27fc2769a1b78a27578f13a17b -> 
  custom:container-demuxer-webm: 4f35f7cbe854078d1ac9338744f61a02 -> 
  custom:video-encoder-webm-vp8: eb34c28f22e8b96e1ab97ce403110664 -> 
  custom:audio-encoder-webm-vorbis: bf7c407c2cedff20999df2af8eb42d56 -> 
  custom:framework-win-MediaFoundation: 216162199b28c13a410421893ffa2e32 -> 
  custom:container-demuxer-ogg: 62fdf1f143b41e24485cea50d1cbac27 -> 
  custom:video-decoder-webm-vp8: 9c59270c3fd7afecdb556c50c9e8de78 -> 
  custom:audio-decoder-ogg-vorbis: bf7c407c2cedff20999df2af8eb42d56 -> 
========================================================================
Received Import Request.
  Time since last request: 3309.162852 seconds.
  path: Assets/Player/Avator/Girl001.Materials/N00_000_00_Body_00_SKIN (Instance).asset
  artifactKey: Guid(5188d85339d13fd4384ee26726a81680) Importer(815301076,1909f56bfc062723c751e8b465ee728b)
Start importing Assets/Player/Avator/Girl001.Materials/N00_000_00_Body_00_SKIN (Instance).asset using Guid(5188d85339d13fd4384ee26726a81680) Importer(815301076,1909f56bfc062723c751e8b465ee728b)  -> (artifact id: '52a8147f471027a9386a117404bd5f15') in 0.447276 seconds 
========================================================================
Received Import Request.
  Time since last request: 0.000026 seconds.
  path: Assets/Player/Avator/Girl001.Materials/N00_000_Hair_00_HAIR (Instance).asset
  artifactKey: Guid(261258374e4c1f846a3d353efd5764fe) Importer(815301076,1909f56bfc062723c751e8b465ee728b)
Start importing Assets/Player/Avator/Girl001.Materials/N00_000_Hair_00_HAIR (Instance).asset using Guid(261258374e4c1f846a3d353efd5764fe) Importer(815301076,1909f56bfc062723c751e8b465ee728b)  -> (artifact id: 'd27f69518a0dd4882527cb796703d897') in 0.024394 seconds 
========================================================================
Received Import Request.
  Time since last request: 0.000035 seconds.
  path: Assets/Player/Avator/Girl001.Materials/N00_001_01_Bottoms_01_CLOTH (Instance).asset
  artifactKey: Guid(4c32330375b034241bacd498ba411f85) Importer(815301076,1909f56bfc062723c751e8b465ee728b)
Start importing Assets/Player/Avator/Girl001.Materials/N00_001_01_Bottoms_01_CLOTH (Instance).asset using Guid(4c32330375b034241bacd498ba411f85) Importer(815301076,1909f56bfc062723c751e8b465ee728b)  -> (artifact id: '71e4cba3791fb4900156624fef79a3d9') in 0.022911 seconds 
========================================================================
Received Import Request.
  Time since last request: 0.000022 seconds.
  path: Assets/Player/Avator/Girl001.Materials/N00_000_00_EyeHighlight_00_EYE (Instance).asset
  artifactKey: Guid(471ed1f9acf2ce444ae7778fa479902e) Importer(815301076,1909f56bfc062723c751e8b465ee728b)
Start importing Assets/Player/Avator/Girl001.Materials/N00_000_00_EyeHighlight_00_EYE (Instance).asset using Guid(471ed1f9acf2ce444ae7778fa479902e) Importer(815301076,1909f56bfc062723c751e8b465ee728b)  -> (artifact id: 'ecbb9e4ee34311f7ad896da6deb2a6f8') in 0.022477 seconds 
========================================================================
Received Import Request.
  Time since last request: 0.000022 seconds.
  path: Assets/Player/Avator/Girl001.Materials/N00_000_00_HairBack_00_HAIR (Instance).asset
  artifactKey: Guid(31b95d4a1c23a764a82af28b59ea2c4e) Importer(815301076,1909f56bfc062723c751e8b465ee728b)
Start importing Assets/Player/Avator/Girl001.Materials/N00_000_00_HairBack_00_HAIR (Instance).asset using Guid(31b95d4a1c23a764a82af28b59ea2c4e) Importer(815301076,1909f56bfc062723c751e8b465ee728b)  -> (artifact id: '5d29168cef52b1307c1f5e14d3c122f6') in 0.023315 seconds 
========================================================================
Received Import Request.
  Time since last request: 0.000024 seconds.
  path: Assets/Player/Avator/Girl001.Materials/N00_000_00_FaceBrow_00_FACE (Instance).asset
  artifactKey: Guid(caace17aa417ef84fbbeae3af6564f83) Importer(815301076,1909f56bfc062723c751e8b465ee728b)
Start importing Assets/Player/Avator/Girl001.Materials/N00_000_00_FaceBrow_00_FACE (Instance).asset using Guid(caace17aa417ef84fbbeae3af6564f83) Importer(815301076,1909f56bfc062723c751e8b465ee728b)  -> (artifact id: 'd935daf9a2f2ab94baf12679e15172e3') in 0.026058 seconds 
========================================================================
Received Import Request.
  Time since last request: 0.000026 seconds.
  path: Assets/Player/Avator/Girl001.Materials/N00_000_00_Face_00_SKIN (Instance).asset
  artifactKey: Guid(dab6907e38882d64981a8b01984f5ced) Importer(815301076,1909f56bfc062723c751e8b465ee728b)
Start importing Assets/Player/Avator/Girl001.Materials/N00_000_00_Face_00_SKIN (Instance).asset using Guid(dab6907e38882d64981a8b01984f5ced) Importer(815301076,1909f56bfc062723c751e8b465ee728b)  -> (artifact id: '9ced91f4afa5b222f5fffa578b3252e7') in 0.026893 seconds 
========================================================================
Received Import Request.
  Time since last request: 6.098300 seconds.
  path: Assets/Player/Avator/Girl001.Materials/N00_000_00_FaceMouth_00_FACE (Instance) 1.asset
  artifactKey: Guid(825428fea4c89684a9c1552e01e6e6f6) Importer(815301076,1909f56bfc062723c751e8b465ee728b)
Start importing Assets/Player/Avator/Girl001.Materials/N00_000_00_FaceMouth_00_FACE (Instance) 1.asset using Guid(825428fea4c89684a9c1552e01e6e6f6) Importer(815301076,1909f56bfc062723c751e8b465ee728b)  -> (artifact id: 'a4203e8956b9c943e2a9ef8450dcd6fd') in 0.021271 seconds 
========================================================================
Received Import Request.
  Time since last request: 0.000026 seconds.
  path: Assets/Player/Avator/Girl001.Materials/N00_000_00_HairBack_00_HAIR (Instance) 1.asset
  artifactKey: Guid(7909049ab1ecea8408cb8e05b5e2a51a) Importer(815301076,1909f56bfc062723c751e8b465ee728b)
Start importing Assets/Player/Avator/Girl001.Materials/N00_000_00_HairBack_00_HAIR (Instance) 1.asset using Guid(7909049ab1ecea8408cb8e05b5e2a51a) Importer(815301076,1909f56bfc062723c751e8b465ee728b)  -> (artifact id: 'b39b92c72b898a82477879e300c13270') in 0.021389 seconds 
========================================================================
Received Import Request.
  Time since last request: 0.000040 seconds.
  path: Assets/Player/Avator/Girl001.Materials/N00_005_01_Tops_01_CLOTH (Instance) 1.asset
  artifactKey: Guid(16a1be0ee1904e04aa4dd0a32b18cc21) Importer(815301076,1909f56bfc062723c751e8b465ee728b)
Start importing Assets/Player/Avator/Girl001.Materials/N00_005_01_Tops_01_CLOTH (Instance) 1.asset using Guid(16a1be0ee1904e04aa4dd0a32b18cc21) Importer(815301076,1909f56bfc062723c751e8b465ee728b)  -> (artifact id: '67a19015a98d9ecabdb77bd651aa9d0b') in 0.024309 seconds 
========================================================================
Received Import Request.
  Time since last request: 32.875959 seconds.
  path: Assets/Player/Avator/Girl001.Materials/N00_000_00_EyeHighlight_00_EYE (Instance).asset
  artifactKey: Guid(471ed1f9acf2ce444ae7778fa479902e) Importer(815301076,1909f56bfc062723c751e8b465ee728b)
Start importing Assets/Player/Avator/Girl001.Materials/N00_000_00_EyeHighlight_00_EYE (Instance).asset using Guid(471ed1f9acf2ce444ae7778fa479902e) Importer(815301076,1909f56bfc062723c751e8b465ee728b)  -> (artifact id: '0998387f52c2ca031b57b3ed0836e076') in 0.022104 seconds 
========================================================================
Received Import Request.
  Time since last request: 0.000023 seconds.
  path: Assets/Player/Avator/Girl001.Materials/N00_000_00_FaceMouth_00_FACE (Instance).asset
  artifactKey: Guid(a1f6fdb7585f28d4d9c2c88cb5115f3b) Importer(815301076,1909f56bfc062723c751e8b465ee728b)
Start importing Assets/Player/Avator/Girl001.Materials/N00_000_00_FaceMouth_00_FACE (Instance).asset using Guid(a1f6fdb7585f28d4d9c2c88cb5115f3b) Importer(815301076,1909f56bfc062723c751e8b465ee728b)  -> (artifact id: '5e899497a17c1796ae61135f9f144ea3') in 0.021516 seconds 
========================================================================
Received Import Request.
  Time since last request: 0.000023 seconds.
  path: Assets/Player/Avator/Girl001.Materials/N00_000_00_FaceEyeline_00_FACE (Instance).asset
  artifactKey: Guid(c3b587f6ec6ef3f4797073b08f48fabf) Importer(815301076,1909f56bfc062723c751e8b465ee728b)
Start importing Assets/Player/Avator/Girl001.Materials/N00_000_00_FaceEyeline_00_FACE (Instance).asset using Guid(c3b587f6ec6ef3f4797073b08f48fabf) Importer(815301076,1909f56bfc062723c751e8b465ee728b)  -> (artifact id: 'e468723785d9f9e6c1956d27d6100013') in 0.025580 seconds 
========================================================================
Received Import Request.
  Time since last request: 0.000023 seconds.
  path: Assets/Player/Avator/Girl001.Materials/N00_006_01_Shoes_01_CLOTH (Instance).asset
  artifactKey: Guid(b43887e82d252b94e9c89c0d20323689) Importer(815301076,1909f56bfc062723c751e8b465ee728b)
Start importing Assets/Player/Avator/Girl001.Materials/N00_006_01_Shoes_01_CLOTH (Instance).asset using Guid(b43887e82d252b94e9c89c0d20323689) Importer(815301076,1909f56bfc062723c751e8b465ee728b)  -> (artifact id: '52c769d51e7102e86abf2a8fc3de005d') in 0.022623 seconds 
========================================================================
Received Import Request.
  Time since last request: 0.000035 seconds.
  path: Assets/Player/Avator/Girl001.Materials/N00_000_00_HairBack_00_HAIR (Instance).asset
  artifactKey: Guid(31b95d4a1c23a764a82af28b59ea2c4e) Importer(815301076,1909f56bfc062723c751e8b465ee728b)
Start importing Assets/Player/Avator/Girl001.Materials/N00_000_00_HairBack_00_HAIR (Instance).asset using Guid(31b95d4a1c23a764a82af28b59ea2c4e) Importer(815301076,1909f56bfc062723c751e8b465ee728b)  -> (artifact id: 'f41108dc6325679eeb34b26812c87487') in 0.022864 seconds 
========================================================================
Received Import Request.
  Time since last request: 0.000020 seconds.
  path: Assets/Player/Avator/Girl001.Materials/N00_000_00_FaceBrow_00_FACE (Instance).asset
  artifactKey: Guid(caace17aa417ef84fbbeae3af6564f83) Importer(815301076,1909f56bfc062723c751e8b465ee728b)
Start importing Assets/Player/Avator/Girl001.Materials/N00_000_00_FaceBrow_00_FACE (Instance).asset using Guid(caace17aa417ef84fbbeae3af6564f83) Importer(815301076,1909f56bfc062723c751e8b465ee728b)  -> (artifact id: '9c90bfd985a8d2276a91cd30d4da4b40') in 0.022212 seconds 
========================================================================
Received Import Request.
  Time since last request: 0.000023 seconds.
  path: Assets/Player/Avator/Girl001.Materials/N00_000_00_Face_00_SKIN (Instance).asset
  artifactKey: Guid(dab6907e38882d64981a8b01984f5ced) Importer(815301076,1909f56bfc062723c751e8b465ee728b)
Start importing Assets/Player/Avator/Girl001.Materials/N00_000_00_Face_00_SKIN (Instance).asset using Guid(dab6907e38882d64981a8b01984f5ced) Importer(815301076,1909f56bfc062723c751e8b465ee728b)  -> (artifact id: '1ddbe42c8a18904d07c0c3245fb7ccb6') in 0.027508 seconds 
========================================================================
Received Prepare
Registering precompiled user dll's ...
Registered in 0.012476 seconds.
Begin MonoManager ReloadAssembly
Symbol file LoadedFromMemory doesn't match image C:\Users\shiro\Desktop\UnityGames\so-ra-game\3DAction\Library\PackageCache\com.unity.visualscripting@1.7.8\Editor\VisualScripting.Core\Dependencies\YamlDotNet\Unity.VisualScripting.YamlDotNet.dll
Symbol file LoadedFromMemory doesn't match image C:\Users\shiro\Desktop\UnityGames\so-ra-game\3DAction\Library\PackageCache\com.unity.visualscripting@1.7.8\Editor\VisualScripting.Core\Dependencies\DotNetZip\Unity.VisualScripting.IonicZip.dll
Native extension for WindowsStandalone target not found
Native extension for WebGL target not found
Refreshing native plugins compatible for Editor in 1.25 ms, found 4 plugins.
Preloading 0 native plugins for Editor in 0.00 ms.
System.Reflection.TargetInvocationException: Exception has been thrown by the target of an invocation. ---> System.IO.IOException: Sharing violation on path C:\Users\shiro\Desktop\UnityGames\so-ra-game\3DAction\Assets\VRM_related\lilToon\Editor\CurrentRP.txt
  at System.IO.FileStream..ctor (System.String path, System.IO.FileMode mode, System.IO.FileAccess access, System.IO.FileShare share, System.Int32 bufferSize, System.Boolean anonymous, System.IO.FileOptions options) [0x0019e] in <9aad1b3a47484d63ba2b3985692d80e9>:0 
  at System.IO.FileStream..ctor (System.String path, System.IO.FileMode mode, System.IO.FileAccess access, System.IO.FileShare share, System.Int32 bufferSize, System.IO.FileOptions options) [0x00000] in <9aad1b3a47484d63ba2b3985692d80e9>:0 
  at (wrapper remoting-invoke-with-check) System.IO.FileStream..ctor(string,System.IO.FileMode,System.IO.FileAccess,System.IO.FileShare,int,System.IO.FileOptions)
  at System.IO.StreamWriter..ctor (System.String path, System.Boolean append, System.Text.Encoding encoding, System.Int32 bufferSize) [0x00055] in <9aad1b3a47484d63ba2b3985692d80e9>:0 
  at System.IO.StreamWriter..ctor (System.String path, System.Boolean append) [0x00008] in <9aad1b3a47484d63ba2b3985692d80e9>:0 
  at (wrapper remoting-invoke-with-check) System.IO.StreamWriter..ctor(string,bool)
  at lilToon.lilStartup.lilStartupMethod () [0x0009b] in C:\Users\shiro\Desktop\UnityGames\so-ra-game\3DAction\Assets\VRM_related\lilToon\Editor\lilStartup.cs:80 
  at (wrapper managed-to-native) System.Reflection.RuntimeMethodInfo.InternalInvoke(System.Reflection.RuntimeMethodInfo,object,object[],System.Exception&)
  at System.Reflection.RuntimeMethodInfo.Invoke (System.Object obj, System.Reflection.BindingFlags invokeAttr, System.Reflection.Binder binder, System.Object[] parameters, System.Globalization.CultureInfo culture) [0x0006a] in <9aad1b3a47484d63ba2b3985692d80e9>:0 
   --- End of inner exception stack trace ---
  at System.Reflection.RuntimeMethodInfo.Invoke (System.Object obj, System.Reflection.BindingFlags invokeAttr, System.Reflection.Binder binder, System.Object[] parameters, System.Globalization.CultureInfo culture) [0x00083] in <9aad1b3a47484d63ba2b3985692d80e9>:0 
  at System.Reflection.MethodBase.Invoke (System.Object obj, System.Object[] parameters) [0x00000] in <9aad1b3a47484d63ba2b3985692d80e9>:0 
  at UnityEditor.EditorAssemblies.ProcessInitializeOnLoadMethodAttributes () [0x000a5] in <4e64905d831f4883a53259ef37fb023b>:0 
UnityEngine.StackTraceUtility:ExtractStackTrace ()
UnityEngine.DebugLogHandler:LogFormat (UnityEngine.LogType,UnityEngine.Object,string,object[])
UnityEngine.Logger:Log (UnityEngine.LogType,object)
UnityEngine.Debug:LogError (object)
UnityEditor.EditorAssemblies:ProcessInitializeOnLoadMethodAttributes ()

Mono: successfully reloaded assembly
- Completed reload, in  1.435 seconds
Domain Reload Profiling:
	ReloadAssembly (1436ms)
		BeginReloadAssembly (152ms)
			ExecutionOrderSort (0ms)
			DisableScriptedObjects (7ms)
			BackupInstance (0ms)
			ReleaseScriptingObjects (0ms)
			CreateAndSetChildDomain (49ms)
		EndReloadAssembly (1179ms)
			LoadAssemblies (139ms)
			RebuildTransferFunctionScriptingTraits (0ms)
			SetupTypeCache (320ms)
			ReleaseScriptCaches (2ms)
			RebuildScriptCaches (56ms)
			SetupLoadedEditorAssemblies (581ms)
				LogAssemblyErrors (0ms)
				InitializePlatformSupportModulesInManaged (14ms)
				SetLoadedEditorAssemblies (0ms)
				RefreshPlugins (1ms)
				BeforeProcessingInitializeOnLoad (162ms)
				ProcessInitializeOnLoadAttributes (280ms)
				ProcessInitializeOnLoadMethodAttributes (119ms)
				AfterProcessingInitializeOnLoad (5ms)
				EditorAssembliesLoaded (0ms)
			ExecutionOrderSort2 (0ms)
			AwakeInstancesAfterBackupRestoration (21ms)
Platform modules already initialized, skipping
Refreshing native plugins compatible for Editor in 3.54 ms, found 4 plugins.
Preloading 0 native plugins for Editor in 0.00 ms.
Unloading 6462 Unused Serialized files (Serialized files now loaded: 0)
Unloading 73 unused Assets / (11.8 MB). Loaded Objects now: 7129.
Memory consumption went from 280.7 MB to 268.9 MB.
Total: 8.487700 ms (FindLiveObjects: 0.564900 ms CreateObjectMapping: 0.502900 ms MarkObjects: 2.716500 ms  DeleteObjects: 4.702600 ms)

AssetImportParameters requested are different than current active one (requested -> active):
  custom:video-decoder-ogg-theora: a1e56fd34408186e4bbccfd4996cb3dc -> 
  custom:container-muxer-webm: aa71ff27fc2769a1b78a27578f13a17b -> 
  custom:container-demuxer-webm: 4f35f7cbe854078d1ac9338744f61a02 -> 
  custom:video-encoder-webm-vp8: eb34c28f22e8b96e1ab97ce403110664 -> 
  custom:audio-encoder-webm-vorbis: bf7c407c2cedff20999df2af8eb42d56 -> 
  custom:framework-win-MediaFoundation: 216162199b28c13a410421893ffa2e32 -> 
  custom:container-demuxer-ogg: 62fdf1f143b41e24485cea50d1cbac27 -> 
  custom:video-decoder-webm-vp8: 9c59270c3fd7afecdb556c50c9e8de78 -> 
  custom:audio-decoder-ogg-vorbis: bf7c407c2cedff20999df2af8eb42d56 -> 
========================================================================
Received Import Request.
  Time since last request: 5005.266126 seconds.
  path: Assets/Player/Avator/Girl001.Materials/N00_000_00_EyeHighlight_00_EYE (Instance).asset
  artifactKey: Guid(471ed1f9acf2ce444ae7778fa479902e) Importer(815301076,1909f56bfc062723c751e8b465ee728b)
Start importing Assets/Player/Avator/Girl001.Materials/N00_000_00_EyeHighlight_00_EYE (Instance).asset using Guid(471ed1f9acf2ce444ae7778fa479902e) Importer(815301076,1909f56bfc062723c751e8b465ee728b)  -> (artifact id: '95178e1bcf82d762eebc52841ed11034') in 0.493831 seconds 
========================================================================
Received Import Request.
  Time since last request: 0.000035 seconds.
  path: Assets/Player/Avator/Girl001.Materials/N00_000_00_FaceEyeline_00_FACE (Instance) 1.asset
  artifactKey: Guid(5d92886e97fd1f74e8ea7ccefa746f0b) Importer(815301076,1909f56bfc062723c751e8b465ee728b)
Start importing Assets/Player/Avator/Girl001.Materials/N00_000_00_FaceEyeline_00_FACE (Instance) 1.asset using Guid(5d92886e97fd1f74e8ea7ccefa746f0b) Importer(815301076,1909f56bfc062723c751e8b465ee728b)  -> (artifact id: '03d552b3c38e63b1c1571c146e8a9271') in 0.048524 seconds 
========================================================================
Received Import Request.
  Time since last request: 0.000035 seconds.
  path: Assets/Player/Avator/Girl001.Materials/N00_000_Hair_00_HAIR (Instance).asset
  artifactKey: Guid(261258374e4c1f846a3d353efd5764fe) Importer(815301076,1909f56bfc062723c751e8b465ee728b)
Start importing Assets/Player/Avator/Girl001.Materials/N00_000_Hair_00_HAIR (Instance).asset using Guid(261258374e4c1f846a3d353efd5764fe) Importer(815301076,1909f56bfc062723c751e8b465ee728b)  -> (artifact id: '2011139f522a46843970288ab2268c9b') in 0.024185 seconds 
========================================================================
Received Import Request.
  Time since last request: 0.000037 seconds.
  path: Assets/Player/Avator/Girl001.Materials/N00_000_Hair_00_HAIR (Instance) 1.asset
  artifactKey: Guid(a6b8720602aa45d4c9096ecd67f7fef9) Importer(815301076,1909f56bfc062723c751e8b465ee728b)
Start importing Assets/Player/Avator/Girl001.Materials/N00_000_Hair_00_HAIR (Instance) 1.asset using Guid(a6b8720602aa45d4c9096ecd67f7fef9) Importer(815301076,1909f56bfc062723c751e8b465ee728b)  -> (artifact id: '0fafd5f9bca5f3fc0fc8f8e11b566d05') in 0.027685 seconds 
========================================================================
Received Import Request.
  Time since last request: 0.000043 seconds.
  path: Assets/Player/Avator/Girl001.Materials/N00_000_00_FaceMouth_00_FACE (Instance) 1.asset
  artifactKey: Guid(825428fea4c89684a9c1552e01e6e6f6) Importer(815301076,1909f56bfc062723c751e8b465ee728b)
Start importing Assets/Player/Avator/Girl001.Materials/N00_000_00_FaceMouth_00_FACE (Instance) 1.asset using Guid(825428fea4c89684a9c1552e01e6e6f6) Importer(815301076,1909f56bfc062723c751e8b465ee728b)  -> (artifact id: '20ab93e2df2802ce101cb7ede32c362c') in 0.024030 seconds 
========================================================================
Received Import Request.
  Time since last request: 0.000039 seconds.
  path: Assets/Player/Avator/Girl001.Materials/N00_005_01_Tops_01_CLOTH (Instance) 1.asset
  artifactKey: Guid(16a1be0ee1904e04aa4dd0a32b18cc21) Importer(815301076,1909f56bfc062723c751e8b465ee728b)
Start importing Assets/Player/Avator/Girl001.Materials/N00_005_01_Tops_01_CLOTH (Instance) 1.asset using Guid(16a1be0ee1904e04aa4dd0a32b18cc21) Importer(815301076,1909f56bfc062723c751e8b465ee728b)  -> (artifact id: 'eaca709f8e1268d26afc931775b90223') in 0.029542 seconds 
========================================================================
Received Import Request.
  Time since last request: 0.000031 seconds.
  path: Assets/Player/Avator/Girl001.Materials/N00_000_00_HairBack_00_HAIR (Instance).asset
  artifactKey: Guid(31b95d4a1c23a764a82af28b59ea2c4e) Importer(815301076,1909f56bfc062723c751e8b465ee728b)
Start importing Assets/Player/Avator/Girl001.Materials/N00_000_00_HairBack_00_HAIR (Instance).asset using Guid(31b95d4a1c23a764a82af28b59ea2c4e) Importer(815301076,1909f56bfc062723c751e8b465ee728b)  -> (artifact id: 'd873b7763c7738aab406b3eefa38bc8b') in 0.029074 seconds 
========================================================================
Received Import Request.
  Time since last request: 0.000038 seconds.
  path: Assets/Player/Avator/Girl001.Materials/N00_000_00_FaceBrow_00_FACE (Instance).asset
  artifactKey: Guid(caace17aa417ef84fbbeae3af6564f83) Importer(815301076,1909f56bfc062723c751e8b465ee728b)
Start importing Assets/Player/Avator/Girl001.Materials/N00_000_00_FaceBrow_00_FACE (Instance).asset using Guid(caace17aa417ef84fbbeae3af6564f83) Importer(815301076,1909f56bfc062723c751e8b465ee728b)  -> (artifact id: '0ce4b9fb80cc818d58b55bb3ccfe63dc') in 0.032615 seconds 
========================================================================
Received Import Request.
  Time since last request: 0.000041 seconds.
  path: Assets/Player/Avator/Girl001.Materials/N00_000_00_Face_00_SKIN (Instance).asset
  artifactKey: Guid(dab6907e38882d64981a8b01984f5ced) Importer(815301076,1909f56bfc062723c751e8b465ee728b)
Start importing Assets/Player/Avator/Girl001.Materials/N00_000_00_Face_00_SKIN (Instance).asset using Guid(dab6907e38882d64981a8b01984f5ced) Importer(815301076,1909f56bfc062723c751e8b465ee728b)  -> (artifact id: '38e724c60bdad822f6d60ef1f88d0929') in 0.023043 seconds 
========================================================================
Received Import Request.
  Time since last request: 0.000031 seconds.
  path: Assets/Player/Avator/Girl001.Materials/N00_006_01_Shoes_01_CLOTH (Instance) 1.asset
  artifactKey: Guid(82a09c217fc2a4f46a976a9a8e601108) Importer(815301076,1909f56bfc062723c751e8b465ee728b)
Start importing Assets/Player/Avator/Girl001.Materials/N00_006_01_Shoes_01_CLOTH (Instance) 1.asset using Guid(82a09c217fc2a4f46a976a9a8e601108) Importer(815301076,1909f56bfc062723c751e8b465ee728b)  -> (artifact id: 'fbef4387d70c7812ca95657cb391a7e0') in 0.022950 seconds 
========================================================================
Received Import Request.
  Time since last request: 42.598417 seconds.
  path: Assets/Blink/Art/Weapons/LowPoly/FreeSwords/Sword2/Sword2_Material_Green.mat
  artifactKey: Guid(a5ddb0105fe4c1144968b52a304f3945) Importer(815301076,1909f56bfc062723c751e8b465ee728b)
Start importing Assets/Blink/Art/Weapons/LowPoly/FreeSwords/Sword2/Sword2_Material_Green.mat using Guid(a5ddb0105fe4c1144968b52a304f3945) Importer(815301076,1909f56bfc062723c751e8b465ee728b)  -> (artifact id: '85902e97e8b19205cbb613bfa2c27147') in 0.031334 seconds 
========================================================================
Received Import Request.
  Time since last request: 0.000027 seconds.
  path: Assets/Blink/Art/Weapons/LowPoly/FreeSwords/Sword2/Sword2_Material_Yellow.mat
  artifactKey: Guid(ee4b8981a11ace3479f8bef2e17e984c) Importer(815301076,1909f56bfc062723c751e8b465ee728b)
Start importing Assets/Blink/Art/Weapons/LowPoly/FreeSwords/Sword2/Sword2_Material_Yellow.mat using Guid(ee4b8981a11ace3479f8bef2e17e984c) Importer(815301076,1909f56bfc062723c751e8b465ee728b)  -> (artifact id: 'ac515d85c6e4518d0b719fe4949f83da') in 0.028512 seconds 
========================================================================
Received Import Request.
  Time since last request: 0.000032 seconds.
  path: Assets/Blink/Art/Weapons/LowPoly/FreeSwords/Sword2/Sword2_Material_Red.mat
  artifactKey: Guid(58e43cc7cb9771d4bbe67f63914f065e) Importer(815301076,1909f56bfc062723c751e8b465ee728b)
Start importing Assets/Blink/Art/Weapons/LowPoly/FreeSwords/Sword2/Sword2_Material_Red.mat using Guid(58e43cc7cb9771d4bbe67f63914f065e) Importer(815301076,1909f56bfc062723c751e8b465ee728b)  -> (artifact id: '2ae37cf9dd368bd9279a7f03d65edea7') in 0.023559 seconds 
========================================================================
Received Import Request.
  Time since last request: 17.952744 seconds.
  path: Assets/Blink/Art/Weapons/LowPoly/FreeSwords/Sword2/Sword2_Material_Red.mat
  artifactKey: Guid(58e43cc7cb9771d4bbe67f63914f065e) Importer(815301076,1909f56bfc062723c751e8b465ee728b)
Start importing Assets/Blink/Art/Weapons/LowPoly/FreeSwords/Sword2/Sword2_Material_Red.mat using Guid(58e43cc7cb9771d4bbe67f63914f065e) Importer(815301076,1909f56bfc062723c751e8b465ee728b)  -> (artifact id: '6c56fac37f211cdf1cb2f7f20d16436e') in 0.027958 seconds 
========================================================================
Received Import Request.
  Time since last request: 0.000024 seconds.
  path: Assets/Blink/Art/Weapons/LowPoly/FreeSwords/Sword2/Sword2_Material_Yellow.mat
  artifactKey: Guid(ee4b8981a11ace3479f8bef2e17e984c) Importer(815301076,1909f56bfc062723c751e8b465ee728b)
Start importing Assets/Blink/Art/Weapons/LowPoly/FreeSwords/Sword2/Sword2_Material_Yellow.mat using Guid(ee4b8981a11ace3479f8bef2e17e984c) Importer(815301076,1909f56bfc062723c751e8b465ee728b)  -> (artifact id: 'bdeb6e039b3295976ccc122c90b60556') in 0.024118 seconds 
========================================================================
Received Import Request.
  Time since last request: 4.945534 seconds.
  path: Assets/VRM_related/UniGLTF/Editor/UniGLTF/Gizmo/Models/Bone.mat
  artifactKey: Guid(de3c6c4e1e6cb6f419be68ef4932dbdc) Importer(815301076,1909f56bfc062723c751e8b465ee728b)
Start importing Assets/VRM_related/UniGLTF/Editor/UniGLTF/Gizmo/Models/Bone.mat using Guid(de3c6c4e1e6cb6f419be68ef4932dbdc) Importer(815301076,1909f56bfc062723c751e8b465ee728b)  -> (artifact id: '86998454f4eaeeff00662a6f43a9eab5') in 0.016445 seconds 
========================================================================
Received Import Request.
  Time since last request: 0.000028 seconds.
  path: Assets/VRM_related/UniGLTF/Editor/UniGLTF/Gizmo/Models/BoneGizmo.prefab
  artifactKey: Guid(d0902f1221c08a84687a43326e75bf7e) Importer(815301076,1909f56bfc062723c751e8b465ee728b)
Start importing Assets/VRM_related/UniGLTF/Editor/UniGLTF/Gizmo/Models/BoneGizmo.prefab using Guid(d0902f1221c08a84687a43326e75bf7e) Importer(815301076,1909f56bfc062723c751e8b465ee728b)  -> (artifact id: '9c8ff24965f9c2d6b52e9f7f0f4d7c40') in 0.027245 seconds 
========================================================================
Received Import Request.
  Time since last request: 0.000024 seconds.
  path: Assets/VRM_related/UniGLTF/Editor/UniGLTF/Gizmo/Models/HoverBone.mat
  artifactKey: Guid(3074a2fc6fdd2f24d896038be6eebe6a) Importer(815301076,1909f56bfc062723c751e8b465ee728b)
Start importing Assets/VRM_related/UniGLTF/Editor/UniGLTF/Gizmo/Models/HoverBone.mat using Guid(3074a2fc6fdd2f24d896038be6eebe6a) Importer(815301076,1909f56bfc062723c751e8b465ee728b)  -> (artifact id: '676fcae32880e67b779026e462c214f6') in 0.013527 seconds 
========================================================================
Received Import Request.
  Time since last request: 33.807910 seconds.
  path: Assets/Blink/Art/Weapons/LowPoly/FreeSwords/Sword1/Sword1_Material_Bronze.mat
  artifactKey: Guid(603aa49c288eb5a499ecadfa9d63e3c6) Importer(815301076,1909f56bfc062723c751e8b465ee728b)
Start importing Assets/Blink/Art/Weapons/LowPoly/FreeSwords/Sword1/Sword1_Material_Bronze.mat using Guid(603aa49c288eb5a499ecadfa9d63e3c6) Importer(815301076,1909f56bfc062723c751e8b465ee728b)  -> (artifact id: '995215a7990d51065d76d67c6a6c725a') in 0.030782 seconds 
========================================================================
Received Import Request.
  Time since last request: 0.000024 seconds.
  path: Assets/Blink/Art/Weapons/LowPoly/FreeSwords/Sword1/Sword1_Material_Silver.mat
  artifactKey: Guid(fa5baed6be3065a459482872af5d2796) Importer(815301076,1909f56bfc062723c751e8b465ee728b)
Start importing Assets/Blink/Art/Weapons/LowPoly/FreeSwords/Sword1/Sword1_Material_Silver.mat using Guid(fa5baed6be3065a459482872af5d2796) Importer(815301076,1909f56bfc062723c751e8b465ee728b)  -> (artifact id: '05700cefce8784d7c41e459ad274c828') in 0.030537 seconds 
========================================================================
Received Import Request.
  Time since last request: 9.163120 seconds.
  path: Assets/Blink/Art/Weapons/LowPoly/FreeSwords/Sword3/Sword3_Material_Blue.mat
  artifactKey: Guid(8fbe65689cacd8545904ad29279d3854) Importer(815301076,1909f56bfc062723c751e8b465ee728b)
Start importing Assets/Blink/Art/Weapons/LowPoly/FreeSwords/Sword3/Sword3_Material_Blue.mat using Guid(8fbe65689cacd8545904ad29279d3854) Importer(815301076,1909f56bfc062723c751e8b465ee728b)  -> (artifact id: 'ba1d9111ff86e938e7dbec01d38f4adf') in 0.021437 seconds 
========================================================================
Received Import Request.
  Time since last request: 0.000025 seconds.
  path: Assets/Blink/Art/Weapons/LowPoly/FreeSwords/Sword3/Sword3_Material_Green.mat
  artifactKey: Guid(4b6de7956318a624aa6b8c140a48b652) Importer(815301076,1909f56bfc062723c751e8b465ee728b)
Start importing Assets/Blink/Art/Weapons/LowPoly/FreeSwords/Sword3/Sword3_Material_Green.mat using Guid(4b6de7956318a624aa6b8c140a48b652) Importer(815301076,1909f56bfc062723c751e8b465ee728b)  -> (artifact id: '9f850c155e2742a7f98d8b98f90c69f7') in 0.024638 seconds 
========================================================================
Received Import Request.
  Time since last request: 3.148995 seconds.
  path: Assets/Blink/Art/Weapons/LowPoly/FreeSwords/Sword4/Sword4_Material_Blue.mat
  artifactKey: Guid(33a16add35bcca3468a326685219fd7d) Importer(815301076,1909f56bfc062723c751e8b465ee728b)
Start importing Assets/Blink/Art/Weapons/LowPoly/FreeSwords/Sword4/Sword4_Material_Blue.mat using Guid(33a16add35bcca3468a326685219fd7d) Importer(815301076,1909f56bfc062723c751e8b465ee728b)  -> (artifact id: '9dbbe70ace7f8cde2336736eb9a30321') in 0.026610 seconds 
========================================================================
Received Import Request.
  Time since last request: 0.000025 seconds.
  path: Assets/Blink/Art/Weapons/LowPoly/FreeSwords/Sword4/Sword4_Material_Red.mat
  artifactKey: Guid(4c4919b0d02151f428dcb09dd55dd98d) Importer(815301076,1909f56bfc062723c751e8b465ee728b)
Start importing Assets/Blink/Art/Weapons/LowPoly/FreeSwords/Sword4/Sword4_Material_Red.mat using Guid(4c4919b0d02151f428dcb09dd55dd98d) Importer(815301076,1909f56bfc062723c751e8b465ee728b)  -> (artifact id: '6e39d754152012b387974f2b488d9b37') in 0.027213 seconds 
========================================================================
Received Import Request.
  Time since last request: 3.735489 seconds.
  path: Assets/Blink/Art/Weapons/LowPoly/FreeSwords/Sword5/Sword5_Material_Blue.mat
  artifactKey: Guid(8f16b6367f3f3e145971c36ba0e2ae5c) Importer(815301076,1909f56bfc062723c751e8b465ee728b)
Start importing Assets/Blink/Art/Weapons/LowPoly/FreeSwords/Sword5/Sword5_Material_Blue.mat using Guid(8f16b6367f3f3e145971c36ba0e2ae5c) Importer(815301076,1909f56bfc062723c751e8b465ee728b)  -> (artifact id: '0a65a370d5ab19447daf3cdef1fc4c4b') in 0.026187 seconds 
========================================================================
Received Import Request.
  Time since last request: 0.000029 seconds.
  path: Assets/Blink/Art/Weapons/LowPoly/FreeSwords/Sword5/Sword5_Material_Yellow.mat
  artifactKey: Guid(76faf25298597ac4f85cf3a33d6304da) Importer(815301076,1909f56bfc062723c751e8b465ee728b)
Start importing Assets/Blink/Art/Weapons/LowPoly/FreeSwords/Sword5/Sword5_Material_Yellow.mat using Guid(76faf25298597ac4f85cf3a33d6304da) Importer(815301076,1909f56bfc062723c751e8b465ee728b)  -> (artifact id: '8a531c5a19d4e79088abe3168bfd1c38') in 0.024904 seconds 
========================================================================
Received Import Request.
  Time since last request: 0.000028 seconds.
  path: Assets/Blink/Art/Weapons/LowPoly/FreeSwords/Sword5/Sword5_Material_Red.mat
  artifactKey: Guid(b602efdc9b084f94a9414457436f9fdb) Importer(815301076,1909f56bfc062723c751e8b465ee728b)
Start importing Assets/Blink/Art/Weapons/LowPoly/FreeSwords/Sword5/Sword5_Material_Red.mat using Guid(b602efdc9b084f94a9414457436f9fdb) Importer(815301076,1909f56bfc062723c751e8b465ee728b)  -> (artifact id: 'ac16e50f5045d5408d8699959c9ef9a2') in 0.021747 seconds 
========================================================================
Received Import Request.
  Time since last request: 188.448660 seconds.
  path: Assets/AllSkyFree/Cartoon Base BlueSky/Materials/Sky_Day_BlueSky_Equirect.mat
  artifactKey: Guid(8bcb305896566a548bced840aa168a4d) Importer(815301076,1909f56bfc062723c751e8b465ee728b)
Start importing Assets/AllSkyFree/Cartoon Base BlueSky/Materials/Sky_Day_BlueSky_Equirect.mat using Guid(8bcb305896566a548bced840aa168a4d) Importer(815301076,1909f56bfc062723c751e8b465ee728b)  -> (artifact id: '9a82c0f5e190c26f2b267855cdf7fe2d') in 0.051029 seconds 
========================================================================
Received Import Request.
  Time since last request: 0.000033 seconds.
  path: Assets/VRM_related/UniGLTF/Runtime/Scenes/LookDev/cubemap/spruit_sunrise_1k.mat
  artifactKey: Guid(d6b534e4a88689d499df389f744ce346) Importer(815301076,1909f56bfc062723c751e8b465ee728b)
Start importing Assets/VRM_related/UniGLTF/Runtime/Scenes/LookDev/cubemap/spruit_sunrise_1k.mat using Guid(d6b534e4a88689d499df389f744ce346) Importer(815301076,1909f56bfc062723c751e8b465ee728b)  -> (artifact id: '6cbba6af7f384cf4189226d3eaaeccd6') in 0.020872 seconds 
========================================================================
Received Import Request.
  Time since last request: 0.000051 seconds.
  path: Assets/StarterAssets/Environment/Art/Skybox/SkyboxLiteWarm.mat
  artifactKey: Guid(aeab33f69c199e54794f516d31450ec4) Importer(815301076,1909f56bfc062723c751e8b465ee728b)
Start importing Assets/StarterAssets/Environment/Art/Skybox/SkyboxLiteWarm.mat using Guid(aeab33f69c199e54794f516d31450ec4) Importer(815301076,1909f56bfc062723c751e8b465ee728b)  -> (artifact id: '2f6be04e2ca8fa50c79e8a3b58013e61') in 0.018556 seconds 
========================================================================
Received Import Request.
  Time since last request: 0.000031 seconds.
  path: Assets/StarterAssets/Environment/Art/Skybox/SkyboxLite.mat
  artifactKey: Guid(f6c51332ac7d92541a38fb263b09d2a8) Importer(815301076,1909f56bfc062723c751e8b465ee728b)
Start importing Assets/StarterAssets/Environment/Art/Skybox/SkyboxLite.mat using Guid(f6c51332ac7d92541a38fb263b09d2a8) Importer(815301076,1909f56bfc062723c751e8b465ee728b)  -> (artifact id: '9492a0b8a7008fc510e1a3c6b923e7bd') in 0.015692 seconds 
========================================================================
Received Import Request.
  Time since last request: 11.111551 seconds.
  path: Assets/Blink/Art/Weapons/LowPoly/FreeSwords/Sword6/Sword6_Material_Red.mat
  artifactKey: Guid(9b468e68d2e1d36499dc32c5a138ab91) Importer(815301076,1909f56bfc062723c751e8b465ee728b)
Start importing Assets/Blink/Art/Weapons/LowPoly/FreeSwords/Sword6/Sword6_Material_Red.mat using Guid(9b468e68d2e1d36499dc32c5a138ab91) Importer(815301076,1909f56bfc062723c751e8b465ee728b)  -> (artifact id: '880047c736eac746d207bc484777d9da') in 0.052915 seconds 
========================================================================
Received Import Request.
  Time since last request: 1.663572 seconds.
  path: Assets/Blink/Art/Weapons/LowPoly/FreeSwords/Sword14/Sword14_Material_Red.mat
  artifactKey: Guid(b05625817e664d545a36bb169d405065) Importer(815301076,1909f56bfc062723c751e8b465ee728b)
Start importing Assets/Blink/Art/Weapons/LowPoly/FreeSwords/Sword14/Sword14_Material_Red.mat using Guid(b05625817e664d545a36bb169d405065) Importer(815301076,1909f56bfc062723c751e8b465ee728b)  -> (artifact id: '5a7c9cb8cf8e88b7cc0c0d44496410e1') in 0.026000 seconds 
========================================================================
Received Import Request.
  Time since last request: 0.000021 seconds.
  path: Assets/Blink/Art/Weapons/LowPoly/FreeSwords/Sword15/Sword15_Material_Iron.mat
  artifactKey: Guid(087a829321254de468b96becfbb11423) Importer(815301076,1909f56bfc062723c751e8b465ee728b)
Start importing Assets/Blink/Art/Weapons/LowPoly/FreeSwords/Sword15/Sword15_Material_Iron.mat using Guid(087a829321254de468b96becfbb11423) Importer(815301076,1909f56bfc062723c751e8b465ee728b)  -> (artifact id: 'cc09ae660ac4b3c9d351d5b168627b5f') in 0.027657 seconds 
========================================================================
Received Import Request.
  Time since last request: 0.000022 seconds.
  path: Assets/Blink/Art/Weapons/LowPoly/FreeSwords/Sword15/Sword15_Material_Earth.mat
  artifactKey: Guid(2a1741a9171aecf439852b79c94fb55b) Importer(815301076,1909f56bfc062723c751e8b465ee728b)
Start importing Assets/Blink/Art/Weapons/LowPoly/FreeSwords/Sword15/Sword15_Material_Earth.mat using Guid(2a1741a9171aecf439852b79c94fb55b) Importer(815301076,1909f56bfc062723c751e8b465ee728b)  -> (artifact id: '4eba0ed60d9560c7330a12812586d398') in 0.027925 seconds 
========================================================================
Received Import Request.
  Time since last request: 0.000027 seconds.
  path: Assets/Blink/Art/Weapons/LowPoly/FreeSwords/Sword15/Sword15_Material_Lava.mat
  artifactKey: Guid(245c79e92cc471e429174ceadfdbeea1) Importer(815301076,1909f56bfc062723c751e8b465ee728b)
Start importing Assets/Blink/Art/Weapons/LowPoly/FreeSwords/Sword15/Sword15_Material_Lava.mat using Guid(245c79e92cc471e429174ceadfdbeea1) Importer(815301076,1909f56bfc062723c751e8b465ee728b)  -> (artifact id: '01b4a4595e5e2c4fccf7db836f985dbe') in 0.027317 seconds 
========================================================================
Received Import Request.
  Time since last request: 75.560010 seconds.
  path: Assets/VRM_related/UniGLTF/Tests/UniGLTF/4x4_gray_import_as_normal_map.png
  artifactKey: Guid(b5d17df8d14f2324692a7c69f24cf658) Importer(815301076,1909f56bfc062723c751e8b465ee728b)
Start importing Assets/VRM_related/UniGLTF/Tests/UniGLTF/4x4_gray_import_as_normal_map.png using Guid(b5d17df8d14f2324692a7c69f24cf658) Importer(815301076,1909f56bfc062723c751e8b465ee728b)  -> (artifact id: '7d16023bdfa99e0cd077c80096cb5552') in 0.074559 seconds 
========================================================================
Received Import Request.
  Time since last request: 0.000042 seconds.
  path: Assets/Player/Avator/Girl001.Textures/_01.png
  artifactKey: Guid(a8bdb0700c1a9df40b312e2c25451fb4) Importer(815301076,1909f56bfc062723c751e8b465ee728b)
Start importing Assets/Player/Avator/Girl001.Textures/_01.png using Guid(a8bdb0700c1a9df40b312e2c25451fb4) Importer(815301076,1909f56bfc062723c751e8b465ee728b)  -> (artifact id: 'e5e57f1bf47e45304dbbc6c60bcbc891') in 0.013892 seconds 
========================================================================
Received Import Request.
  Time since last request: 0.000021 seconds.
  path: Assets/VRM_related/VRM/002/Girl001.Textures/_02.png
  artifactKey: Guid(fdf963786ce7fba4498641335e2de5af) Importer(815301076,1909f56bfc062723c751e8b465ee728b)
Start importing Assets/VRM_related/VRM/002/Girl001.Textures/_02.png using Guid(fdf963786ce7fba4498641335e2de5af) Importer(815301076,1909f56bfc062723c751e8b465ee728b)  -> (artifact id: '7a82695b6d77456eb85c0b59247ff8ea') in 0.013916 seconds 
========================================================================
Received Import Request.
  Time since last request: 0.000032 seconds.
  path: Assets/VRM_related/UniGLTF/Tests/UniGLTF/4x4_gray_import_as_srgb.png
  artifactKey: Guid(0f7acf68f1798ae48a5505519abac457) Importer(815301076,1909f56bfc062723c751e8b465ee728b)
Start importing Assets/VRM_related/UniGLTF/Tests/UniGLTF/4x4_gray_import_as_srgb.png using Guid(0f7acf68f1798ae48a5505519abac457) Importer(815301076,1909f56bfc062723c751e8b465ee728b)  -> (artifact id: '45bba0dfa922563b95184cd4820744d2') in 0.011394 seconds 
========================================================================
Received Import Request.
  Time since last request: 975.637642 seconds.
  path: Assets/Blink/Art/Weapons/LowPoly/FreeSwords/Sword5/Sword5_Material_Gold.mat
  artifactKey: Guid(741357fc19be8c74dab3f57ba2218450) Importer(815301076,1909f56bfc062723c751e8b465ee728b)
Start importing Assets/Blink/Art/Weapons/LowPoly/FreeSwords/Sword5/Sword5_Material_Gold.mat using Guid(741357fc19be8c74dab3f57ba2218450) Importer(815301076,1909f56bfc062723c751e8b465ee728b)  -> (artifact id: '8846fc546cf4a0a413d0678692e4cf17') in 0.028987 seconds 
========================================================================
Received Import Request.
  Time since last request: 0.000027 seconds.
  path: Assets/Blink/Art/Weapons/LowPoly/FreeSwords/Sword5/Sword5_Material_Red.mat
  artifactKey: Guid(b602efdc9b084f94a9414457436f9fdb) Importer(815301076,1909f56bfc062723c751e8b465ee728b)
Start importing Assets/Blink/Art/Weapons/LowPoly/FreeSwords/Sword5/Sword5_Material_Red.mat using Guid(b602efdc9b084f94a9414457436f9fdb) Importer(815301076,1909f56bfc062723c751e8b465ee728b)  -> (artifact id: '9eb8632ea402ac2eef855bed0dc5c392') in 0.026984 seconds 
========================================================================
Received Prepare
Registering precompiled user dll's ...
Registered in 0.013042 seconds.
Begin MonoManager ReloadAssembly
Symbol file LoadedFromMemory doesn't match image C:\Users\shiro\Desktop\UnityGames\so-ra-game\3DAction\Library\PackageCache\com.unity.visualscripting@1.7.8\Editor\VisualScripting.Core\Dependencies\YamlDotNet\Unity.VisualScripting.YamlDotNet.dll
Symbol file LoadedFromMemory doesn't match image C:\Users\shiro\Desktop\UnityGames\so-ra-game\3DAction\Library\PackageCache\com.unity.visualscripting@1.7.8\Editor\VisualScripting.Core\Dependencies\DotNetZip\Unity.VisualScripting.IonicZip.dll
Native extension for WindowsStandalone target not found
Native extension for WebGL target not found
Refreshing native plugins compatible for Editor in 1.70 ms, found 4 plugins.
Preloading 0 native plugins for Editor in 0.00 ms.
Mono: successfully reloaded assembly
- Completed reload, in  1.506 seconds
Domain Reload Profiling:
	ReloadAssembly (1507ms)
		BeginReloadAssembly (167ms)
			ExecutionOrderSort (0ms)
			DisableScriptedObjects (7ms)
			BackupInstance (0ms)
			ReleaseScriptingObjects (0ms)
			CreateAndSetChildDomain (66ms)
		EndReloadAssembly (1232ms)
			LoadAssemblies (131ms)
			RebuildTransferFunctionScriptingTraits (0ms)
			SetupTypeCache (317ms)
			ReleaseScriptCaches (2ms)
			RebuildScriptCaches (54ms)
			SetupLoadedEditorAssemblies (641ms)
				LogAssemblyErrors (0ms)
				InitializePlatformSupportModulesInManaged (14ms)
				SetLoadedEditorAssemblies (1ms)
				RefreshPlugins (2ms)
				BeforeProcessingInitializeOnLoad (164ms)
				ProcessInitializeOnLoadAttributes (331ms)
				ProcessInitializeOnLoadMethodAttributes (123ms)
				AfterProcessingInitializeOnLoad (5ms)
				EditorAssembliesLoaded (0ms)
			ExecutionOrderSort2 (0ms)
			AwakeInstancesAfterBackupRestoration (22ms)
Platform modules already initialized, skipping
Refreshing native plugins compatible for Editor in 3.47 ms, found 4 plugins.
Preloading 0 native plugins for Editor in 0.00 ms.
Unloading 6462 Unused Serialized files (Serialized files now loaded: 0)
Unloading 73 unused Assets / (11.9 MB). Loaded Objects now: 7192.
Memory consumption went from 281.1 MB to 269.2 MB.
Total: 9.555400 ms (FindLiveObjects: 0.673900 ms CreateObjectMapping: 0.511800 ms MarkObjects: 2.982900 ms  DeleteObjects: 5.386100 ms)

AssetImportParameters requested are different than current active one (requested -> active):
  custom:video-decoder-ogg-theora: a1e56fd34408186e4bbccfd4996cb3dc -> 
  custom:container-muxer-webm: aa71ff27fc2769a1b78a27578f13a17b -> 
  custom:container-demuxer-webm: 4f35f7cbe854078d1ac9338744f61a02 -> 
  custom:video-encoder-webm-vp8: eb34c28f22e8b96e1ab97ce403110664 -> 
  custom:audio-encoder-webm-vorbis: bf7c407c2cedff20999df2af8eb42d56 -> 
  custom:framework-win-MediaFoundation: 216162199b28c13a410421893ffa2e32 -> 
  custom:container-demuxer-ogg: 62fdf1f143b41e24485cea50d1cbac27 -> 
  custom:video-decoder-webm-vp8: 9c59270c3fd7afecdb556c50c9e8de78 -> 
  custom:audio-decoder-ogg-vorbis: bf7c407c2cedff20999df2af8eb42d56 -> 
========================================================================
Received Prepare
Registering precompiled user dll's ...
Registered in 0.011341 seconds.
Begin MonoManager ReloadAssembly
Symbol file LoadedFromMemory doesn't match image C:\Users\shiro\Desktop\UnityGames\so-ra-game\3DAction\Library\PackageCache\com.unity.visualscripting@1.7.8\Editor\VisualScripting.Core\Dependencies\YamlDotNet\Unity.VisualScripting.YamlDotNet.dll
Symbol file LoadedFromMemory doesn't match image C:\Users\shiro\Desktop\UnityGames\so-ra-game\3DAction\Library\PackageCache\com.unity.visualscripting@1.7.8\Editor\VisualScripting.Core\Dependencies\DotNetZip\Unity.VisualScripting.IonicZip.dll
Native extension for WindowsStandalone target not found
Native extension for WebGL target not found
Refreshing native plugins compatible for Editor in 1.09 ms, found 4 plugins.
Preloading 0 native plugins for Editor in 0.00 ms.
System.Reflection.TargetInvocationException: Exception has been thrown by the target of an invocation. ---> System.IO.IOException: Sharing violation on path C:\Users\shiro\Desktop\UnityGames\so-ra-game\3DAction\Assets\VRM_related\lilToon\Editor\CurrentRP.txt
  at System.IO.FileStream..ctor (System.String path, System.IO.FileMode mode, System.IO.FileAccess access, System.IO.FileShare share, System.Int32 bufferSize, System.Boolean anonymous, System.IO.FileOptions options) [0x0019e] in <9aad1b3a47484d63ba2b3985692d80e9>:0 
  at System.IO.FileStream..ctor (System.String path, System.IO.FileMode mode, System.IO.FileAccess access, System.IO.FileShare share, System.Int32 bufferSize, System.IO.FileOptions options) [0x00000] in <9aad1b3a47484d63ba2b3985692d80e9>:0 
  at (wrapper remoting-invoke-with-check) System.IO.FileStream..ctor(string,System.IO.FileMode,System.IO.FileAccess,System.IO.FileShare,int,System.IO.FileOptions)
  at System.IO.StreamWriter..ctor (System.String path, System.Boolean append, System.Text.Encoding encoding, System.Int32 bufferSize) [0x00055] in <9aad1b3a47484d63ba2b3985692d80e9>:0 
  at System.IO.StreamWriter..ctor (System.String path, System.Boolean append) [0x00008] in <9aad1b3a47484d63ba2b3985692d80e9>:0 
  at (wrapper remoting-invoke-with-check) System.IO.StreamWriter..ctor(string,bool)
  at lilToon.lilStartup.lilStartupMethod () [0x0009b] in C:\Users\shiro\Desktop\UnityGames\so-ra-game\3DAction\Assets\VRM_related\lilToon\Editor\lilStartup.cs:80 
  at (wrapper managed-to-native) System.Reflection.RuntimeMethodInfo.InternalInvoke(System.Reflection.RuntimeMethodInfo,object,object[],System.Exception&)
  at System.Reflection.RuntimeMethodInfo.Invoke (System.Object obj, System.Reflection.BindingFlags invokeAttr, System.Reflection.Binder binder, System.Object[] parameters, System.Globalization.CultureInfo culture) [0x0006a] in <9aad1b3a47484d63ba2b3985692d80e9>:0 
   --- End of inner exception stack trace ---
  at System.Reflection.RuntimeMethodInfo.Invoke (System.Object obj, System.Reflection.BindingFlags invokeAttr, System.Reflection.Binder binder, System.Object[] parameters, System.Globalization.CultureInfo culture) [0x00083] in <9aad1b3a47484d63ba2b3985692d80e9>:0 
  at System.Reflection.MethodBase.Invoke (System.Object obj, System.Object[] parameters) [0x00000] in <9aad1b3a47484d63ba2b3985692d80e9>:0 
  at UnityEditor.EditorAssemblies.ProcessInitializeOnLoadMethodAttributes () [0x000a5] in <4e64905d831f4883a53259ef37fb023b>:0 
UnityEngine.StackTraceUtility:ExtractStackTrace ()
UnityEngine.DebugLogHandler:LogFormat (UnityEngine.LogType,UnityEngine.Object,string,object[])
UnityEngine.Logger:Log (UnityEngine.LogType,object)
UnityEngine.Debug:LogError (object)
UnityEditor.EditorAssemblies:ProcessInitializeOnLoadMethodAttributes ()

Mono: successfully reloaded assembly
- Completed reload, in  1.418 seconds
Domain Reload Profiling:
	ReloadAssembly (1419ms)
		BeginReloadAssembly (147ms)
			ExecutionOrderSort (0ms)
			DisableScriptedObjects (4ms)
			BackupInstance (0ms)
			ReleaseScriptingObjects (0ms)
			CreateAndSetChildDomain (43ms)
		EndReloadAssembly (1170ms)
			LoadAssemblies (121ms)
			RebuildTransferFunctionScriptingTraits (0ms)
			SetupTypeCache (308ms)
			ReleaseScriptCaches (2ms)
			RebuildScriptCaches (56ms)
			SetupLoadedEditorAssemblies (598ms)
				LogAssemblyErrors (0ms)
				InitializePlatformSupportModulesInManaged (13ms)
				SetLoadedEditorAssemblies (0ms)
				RefreshPlugins (1ms)
				BeforeProcessingInitializeOnLoad (167ms)
				ProcessInitializeOnLoadAttributes (290ms)
				ProcessInitializeOnLoadMethodAttributes (122ms)
				AfterProcessingInitializeOnLoad (5ms)
				EditorAssembliesLoaded (0ms)
			ExecutionOrderSort2 (0ms)
			AwakeInstancesAfterBackupRestoration (16ms)
Platform modules already initialized, skipping
Refreshing native plugins compatible for Editor in 3.68 ms, found 4 plugins.
Preloading 0 native plugins for Editor in 0.00 ms.
Unloading 6463 Unused Serialized files (Serialized files now loaded: 0)
Unloading 73 unused Assets / (12.0 MB). Loaded Objects now: 7207.
Memory consumption went from 281.3 MB to 269.3 MB.
Total: 9.600700 ms (FindLiveObjects: 0.522400 ms CreateObjectMapping: 0.484000 ms MarkObjects: 3.129600 ms  DeleteObjects: 5.463100 ms)

AssetImportParameters requested are different than current active one (requested -> active):
  custom:video-decoder-ogg-theora: a1e56fd34408186e4bbccfd4996cb3dc -> 
  custom:container-muxer-webm: aa71ff27fc2769a1b78a27578f13a17b -> 
  custom:container-demuxer-webm: 4f35f7cbe854078d1ac9338744f61a02 -> 
  custom:video-encoder-webm-vp8: eb34c28f22e8b96e1ab97ce403110664 -> 
  custom:audio-encoder-webm-vorbis: bf7c407c2cedff20999df2af8eb42d56 -> 
  custom:framework-win-MediaFoundation: 216162199b28c13a410421893ffa2e32 -> 
  custom:container-demuxer-ogg: 62fdf1f143b41e24485cea50d1cbac27 -> 
  custom:video-decoder-webm-vp8: 9c59270c3fd7afecdb556c50c9e8de78 -> 
  custom:audio-decoder-ogg-vorbis: bf7c407c2cedff20999df2af8eb42d56 -> 
========================================================================
Received Prepare
Registering precompiled user dll's ...
Registered in 0.009960 seconds.
Begin MonoManager ReloadAssembly
Symbol file LoadedFromMemory doesn't match image C:\Users\shiro\Desktop\UnityGames\so-ra-game\3DAction\Library\PackageCache\com.unity.visualscripting@1.7.8\Editor\VisualScripting.Core\Dependencies\YamlDotNet\Unity.VisualScripting.YamlDotNet.dll
Symbol file LoadedFromMemory doesn't match image C:\Users\shiro\Desktop\UnityGames\so-ra-game\3DAction\Library\PackageCache\com.unity.visualscripting@1.7.8\Editor\VisualScripting.Core\Dependencies\DotNetZip\Unity.VisualScripting.IonicZip.dll
Native extension for WindowsStandalone target not found
Native extension for WebGL target not found
Refreshing native plugins compatible for Editor in 1.53 ms, found 4 plugins.
Preloading 0 native plugins for Editor in 0.00 ms.
Mono: successfully reloaded assembly
- Completed reload, in  1.434 seconds
Domain Reload Profiling:
	ReloadAssembly (1434ms)
		BeginReloadAssembly (128ms)
			ExecutionOrderSort (0ms)
			DisableScriptedObjects (4ms)
			BackupInstance (0ms)
			ReleaseScriptingObjects (0ms)
			CreateAndSetChildDomain (41ms)
		EndReloadAssembly (1206ms)
			LoadAssemblies (125ms)
			RebuildTransferFunctionScriptingTraits (0ms)
			SetupTypeCache (311ms)
			ReleaseScriptCaches (3ms)
			RebuildScriptCaches (55ms)
			SetupLoadedEditorAssemblies (618ms)
				LogAssemblyErrors (0ms)
				InitializePlatformSupportModulesInManaged (16ms)
				SetLoadedEditorAssemblies (1ms)
				RefreshPlugins (2ms)
				BeforeProcessingInitializeOnLoad (174ms)
				ProcessInitializeOnLoadAttributes (298ms)
				ProcessInitializeOnLoadMethodAttributes (123ms)
				AfterProcessingInitializeOnLoad (5ms)
				EditorAssembliesLoaded (0ms)
			ExecutionOrderSort2 (0ms)
			AwakeInstancesAfterBackupRestoration (18ms)
Platform modules already initialized, skipping
Refreshing native plugins compatible for Editor in 3.32 ms, found 4 plugins.
Preloading 0 native plugins for Editor in 0.00 ms.
Unloading 6463 Unused Serialized files (Serialized files now loaded: 0)
Unloading 73 unused Assets / (12.0 MB). Loaded Objects now: 7222.
Memory consumption went from 281.3 MB to 269.3 MB.
Total: 12.464000 ms (FindLiveObjects: 0.668600 ms CreateObjectMapping: 0.646500 ms MarkObjects: 4.200900 ms  DeleteObjects: 6.946900 ms)

AssetImportParameters requested are different than current active one (requested -> active):
  custom:video-decoder-ogg-theora: a1e56fd34408186e4bbccfd4996cb3dc -> 
  custom:container-muxer-webm: aa71ff27fc2769a1b78a27578f13a17b -> 
  custom:container-demuxer-webm: 4f35f7cbe854078d1ac9338744f61a02 -> 
  custom:video-encoder-webm-vp8: eb34c28f22e8b96e1ab97ce403110664 -> 
  custom:audio-encoder-webm-vorbis: bf7c407c2cedff20999df2af8eb42d56 -> 
  custom:framework-win-MediaFoundation: 216162199b28c13a410421893ffa2e32 -> 
  custom:container-demuxer-ogg: 62fdf1f143b41e24485cea50d1cbac27 -> 
  custom:video-decoder-webm-vp8: 9c59270c3fd7afecdb556c50c9e8de78 -> 
  custom:audio-decoder-ogg-vorbis: bf7c407c2cedff20999df2af8eb42d56 -> 
========================================================================
Received Import Request.
  Time since last request: 702.763334 seconds.
  path: Assets/Blink/Art/Weapons/LowPoly/FreeSwords/Sword1/Textures/Sword1_Albedo_Gold.png
  artifactKey: Guid(eb1d4f04b03d83249ab8fa1746e34c20) Importer(815301076,1909f56bfc062723c751e8b465ee728b)
Start importing Assets/Blink/Art/Weapons/LowPoly/FreeSwords/Sword1/Textures/Sword1_Albedo_Gold.png using Guid(eb1d4f04b03d83249ab8fa1746e34c20) Importer(815301076,1909f56bfc062723c751e8b465ee728b)  -> (artifact id: '7e17b296f0008a18caa1306a674c6fdf') in 0.090023 seconds 
========================================================================
Received Import Request.
  Time since last request: 0.000026 seconds.
  path: Assets/Blink/Art/Weapons/LowPoly/FreeSwords/Sword1/Textures/Sword1_Albedo_Silver.png
  artifactKey: Guid(78b98abe328cb624e876de012f40f5ce) Importer(815301076,1909f56bfc062723c751e8b465ee728b)
Start importing Assets/Blink/Art/Weapons/LowPoly/FreeSwords/Sword1/Textures/Sword1_Albedo_Silver.png using Guid(78b98abe328cb624e876de012f40f5ce) Importer(815301076,1909f56bfc062723c751e8b465ee728b)  -> (artifact id: 'ce87a45c15df89a72548022deb59e9ee') in 0.015866 seconds 
========================================================================
Received Import Request.
  Time since last request: 0.000046 seconds.
  path: Assets/Blink/Art/Weapons/LowPoly/FreeSwords/Sword1/Textures/Sword1_Metallic.png
  artifactKey: Guid(9643e59550d809440966e8232bcfa56d) Importer(815301076,1909f56bfc062723c751e8b465ee728b)
Start importing Assets/Blink/Art/Weapons/LowPoly/FreeSwords/Sword1/Textures/Sword1_Metallic.png using Guid(9643e59550d809440966e8232bcfa56d) Importer(815301076,1909f56bfc062723c751e8b465ee728b)  -> (artifact id: '9c3df7a28fda562f21f8e3cc103f406b') in 0.047480 seconds 
========================================================================
Received Import Request.
  Time since last request: 15.948522 seconds.
  path: Assets/ExplosiveLLC/RPG Character Mecanim Animation Pack FREE/Animations/2Hand-Sword/RPG-Character@2Hand-Sword-Attack2.FBX
  artifactKey: Guid(7b5b17e2d42e0424f9c36012595dc9b6) Importer(815301076,1909f56bfc062723c751e8b465ee728b)
Start importing Assets/ExplosiveLLC/RPG Character Mecanim Animation Pack FREE/Animations/2Hand-Sword/RPG-Character@2Hand-Sword-Attack2.FBX using Guid(7b5b17e2d42e0424f9c36012595dc9b6) Importer(815301076,1909f56bfc062723c751e8b465ee728b)  -> (artifact id: 'fa437175178859d847a4bb6e7b4a5921') in 0.054945 seconds 
========================================================================
Received Import Request.
  Time since last request: 0.000030 seconds.
  path: Assets/ExplosiveLLC/RPG Character Mecanim Animation Pack FREE/Animations/2Hand-Sword/RPG-Character@2Hand-Sword-Attack3.FBX
  artifactKey: Guid(018ce46eeecfeae4abb8016f2c6841ca) Importer(815301076,1909f56bfc062723c751e8b465ee728b)
Start importing Assets/ExplosiveLLC/RPG Character Mecanim Animation Pack FREE/Animations/2Hand-Sword/RPG-Character@2Hand-Sword-Attack3.FBX using Guid(018ce46eeecfeae4abb8016f2c6841ca) Importer(815301076,1909f56bfc062723c751e8b465ee728b)  -> (artifact id: '51f1f85fe1416117c4d2daef86fefc31') in 0.017710 seconds 
========================================================================
Received Import Request.
  Time since last request: 0.000025 seconds.
  path: Assets/ExplosiveLLC/RPG Character Mecanim Animation Pack FREE/Animations/2Hand-Sword/RPG-Character@2Hand-Sword-Jump-Flip.FBX
  artifactKey: Guid(806ec0312335dcd4aa59baadbf13ff9d) Importer(815301076,1909f56bfc062723c751e8b465ee728b)
Start importing Assets/ExplosiveLLC/RPG Character Mecanim Animation Pack FREE/Animations/2Hand-Sword/RPG-Character@2Hand-Sword-Jump-Flip.FBX using Guid(806ec0312335dcd4aa59baadbf13ff9d) Importer(815301076,1909f56bfc062723c751e8b465ee728b)  -> (artifact id: '806bde0b47a7f08e6b0cefabaede7909') in 0.016498 seconds 
========================================================================
Received Import Request.
  Time since last request: 0.000031 seconds.
  path: Assets/ExplosiveLLC/RPG Character Mecanim Animation Pack FREE/Animations/2Hand-Sword/RPG-Character@2Hand-Sword-Run-Right.FBX
  artifactKey: Guid(4f39d99d24b158847b8ff563126be238) Importer(815301076,1909f56bfc062723c751e8b465ee728b)
Start importing Assets/ExplosiveLLC/RPG Character Mecanim Animation Pack FREE/Animations/2Hand-Sword/RPG-Character@2Hand-Sword-Run-Right.FBX using Guid(4f39d99d24b158847b8ff563126be238) Importer(815301076,1909f56bfc062723c751e8b465ee728b)  -> (artifact id: 'f5626b1585ada5c15ac2dcd43cc9737b') in 0.015409 seconds 
========================================================================
Received Import Request.
  Time since last request: 0.000025 seconds.
  path: Assets/ExplosiveLLC/RPG Character Mecanim Animation Pack FREE/Animations/2Hand-Sword/RPG-Character@2Hand-Sword-Knockdown1.FBX
  artifactKey: Guid(35512810a6874a749a590d405f34fa4a) Importer(815301076,1909f56bfc062723c751e8b465ee728b)
Start importing Assets/ExplosiveLLC/RPG Character Mecanim Animation Pack FREE/Animations/2Hand-Sword/RPG-Character@2Hand-Sword-Knockdown1.FBX using Guid(35512810a6874a749a590d405f34fa4a) Importer(815301076,1909f56bfc062723c751e8b465ee728b)  -> (artifact id: 'ac694e95d4eb52a17ab2307275580b40') in 0.017432 seconds 
========================================================================
Received Import Request.
  Time since last request: 0.000021 seconds.
  path: Assets/ExplosiveLLC/RPG Character Mecanim Animation Pack FREE/Animations/2Hand-Sword/RPG-Character@2Hand-Sword-Idle-Static.FBX
  artifactKey: Guid(d92b320e0a3d752489714ffe3c1b7f13) Importer(815301076,1909f56bfc062723c751e8b465ee728b)
Start importing Assets/ExplosiveLLC/RPG Character Mecanim Animation Pack FREE/Animations/2Hand-Sword/RPG-Character@2Hand-Sword-Idle-Static.FBX using Guid(d92b320e0a3d752489714ffe3c1b7f13) Importer(815301076,1909f56bfc062723c751e8b465ee728b)  -> (artifact id: 'fa4d4b4f7761252614c7cc3ff0e94b18') in 0.016507 seconds 
========================================================================
Received Import Request.
  Time since last request: 0.000031 seconds.
  path: Assets/ExplosiveLLC/RPG Character Mecanim Animation Pack FREE/Animations/2Hand-Sword/RPG-Character@2Hand-Sword-Attack8.FBX
  artifactKey: Guid(05576006da3e02b49b96abc065d9f607) Importer(815301076,1909f56bfc062723c751e8b465ee728b)
Start importing Assets/ExplosiveLLC/RPG Character Mecanim Animation Pack FREE/Animations/2Hand-Sword/RPG-Character@2Hand-Sword-Attack8.FBX using Guid(05576006da3e02b49b96abc065d9f607) Importer(815301076,1909f56bfc062723c751e8b465ee728b)  -> (artifact id: '93c4ad9d8f1b7a6c95161dc9e652a1b7') in 0.015414 seconds 
========================================================================
Received Import Request.
  Time since last request: 0.000027 seconds.
  path: Assets/ExplosiveLLC/RPG Character Mecanim Animation Pack FREE/Animations/2Hand-Sword/RPG-Character@2Hand-Sword-GetHit-F2.FBX
  artifactKey: Guid(f8cbd01bd5b649048bf365e4ece13d69) Importer(815301076,1909f56bfc062723c751e8b465ee728b)
Start importing Assets/ExplosiveLLC/RPG Character Mecanim Animation Pack FREE/Animations/2Hand-Sword/RPG-Character@2Hand-Sword-GetHit-F2.FBX using Guid(f8cbd01bd5b649048bf365e4ece13d69) Importer(815301076,1909f56bfc062723c751e8b465ee728b)  -> (artifact id: 'f7ab2be600a813f0ae30632dad5af342') in 0.015990 seconds 
========================================================================
Received Import Request.
  Time since last request: 0.000039 seconds.
  path: Assets/ExplosiveLLC/RPG Character Mecanim Animation Pack FREE/Animations/2Hand-Sword/RPG-Character@2Hand-Sword-Attack6.FBX
  artifactKey: Guid(c9cdccfb9d6cfef4d9992105a94b5d86) Importer(815301076,1909f56bfc062723c751e8b465ee728b)
Start importing Assets/ExplosiveLLC/RPG Character Mecanim Animation Pack FREE/Animations/2Hand-Sword/RPG-Character@2Hand-Sword-Attack6.FBX using Guid(c9cdccfb9d6cfef4d9992105a94b5d86) Importer(815301076,1909f56bfc062723c751e8b465ee728b)  -> (artifact id: '73cfb03b32725367cf82eab463c2e35a') in 0.015895 seconds 
========================================================================
Received Import Request.
  Time since last request: 0.000044 seconds.
  path: Assets/ExplosiveLLC/RPG Character Mecanim Animation Pack FREE/Animations/2Hand-Sword/RPG-Character@2Hand-Sword-GetHit-L1.FBX
  artifactKey: Guid(0dd762bba3f94304ba04bda41e983fd2) Importer(815301076,1909f56bfc062723c751e8b465ee728b)
Start importing Assets/ExplosiveLLC/RPG Character Mecanim Animation Pack FREE/Animations/2Hand-Sword/RPG-Character@2Hand-Sword-GetHit-L1.FBX using Guid(0dd762bba3f94304ba04bda41e983fd2) Importer(815301076,1909f56bfc062723c751e8b465ee728b)  -> (artifact id: '64a96f78f7335fe595da06c2c095c2a5') in 0.015852 seconds 
========================================================================
Received Import Request.
  Time since last request: 0.000025 seconds.
  path: Assets/ExplosiveLLC/RPG Character Mecanim Animation Pack FREE/Animations/2Hand-Sword/RPG-Character@2Hand-Sword-Jump.FBX
  artifactKey: Guid(afd3b10eb71eaf54bb564f6cc703f2cc) Importer(815301076,1909f56bfc062723c751e8b465ee728b)
Start importing Assets/ExplosiveLLC/RPG Character Mecanim Animation Pack FREE/Animations/2Hand-Sword/RPG-Character@2Hand-Sword-Jump.FBX using Guid(afd3b10eb71eaf54bb564f6cc703f2cc) Importer(815301076,1909f56bfc062723c751e8b465ee728b)  -> (artifact id: 'd2270ce7df8ebc75b130ace18df63cac') in 0.015597 seconds 
========================================================================
Received Import Request.
  Time since last request: 0.000029 seconds.
  path: Assets/ExplosiveLLC/RPG Character Mecanim Animation Pack FREE/Animations/2Hand-Sword/RPG-Character@2Hand-Sword-Land.FBX
  artifactKey: Guid(37e4532405deab74581ed8fe01091a02) Importer(815301076,1909f56bfc062723c751e8b465ee728b)
Start importing Assets/ExplosiveLLC/RPG Character Mecanim Animation Pack FREE/Animations/2Hand-Sword/RPG-Character@2Hand-Sword-Land.FBX using Guid(37e4532405deab74581ed8fe01091a02) Importer(815301076,1909f56bfc062723c751e8b465ee728b)  -> (artifact id: '0484d9e83fb708be99b8c20e862a04df') in 0.015605 seconds 
========================================================================
Received Import Request.
  Time since last request: 0.000025 seconds.
  path: Assets/ExplosiveLLC/RPG Character Mecanim Animation Pack FREE/Animations/2Hand-Sword/RPG-Character@2Hand-Sword-Attack5.FBX
  artifactKey: Guid(04cb27dc01c081446ba2c02f2761f01d) Importer(815301076,1909f56bfc062723c751e8b465ee728b)
Start importing Assets/ExplosiveLLC/RPG Character Mecanim Animation Pack FREE/Animations/2Hand-Sword/RPG-Character@2Hand-Sword-Attack5.FBX using Guid(04cb27dc01c081446ba2c02f2761f01d) Importer(815301076,1909f56bfc062723c751e8b465ee728b)  -> (artifact id: '80ee21e394e4d1ea24b0bd46fd70a563') in 0.015962 seconds 
========================================================================
Received Import Request.
  Time since last request: 0.000025 seconds.
  path: Assets/ExplosiveLLC/RPG Character Mecanim Animation Pack FREE/Animations/2Hand-Sword/RPG-Character@2Hand-Sword-Attack7.FBX
  artifactKey: Guid(96ed5e4a6dc56fe4c9c2de75fc8a077c) Importer(815301076,1909f56bfc062723c751e8b465ee728b)
Start importing Assets/ExplosiveLLC/RPG Character Mecanim Animation Pack FREE/Animations/2Hand-Sword/RPG-Character@2Hand-Sword-Attack7.FBX using Guid(96ed5e4a6dc56fe4c9c2de75fc8a077c) Importer(815301076,1909f56bfc062723c751e8b465ee728b)  -> (artifact id: 'd5b95486e06bedf302f0faf8ecaf7824') in 0.016742 seconds 
========================================================================
Received Import Request.
  Time since last request: 0.000019 seconds.
  path: Assets/ExplosiveLLC/RPG Character Mecanim Animation Pack FREE/Animations/2Hand-Sword/RPG-Character@2Hand-Sword-GetHit-F1.FBX
  artifactKey: Guid(861c5aaef9829104d9122fa96811dfb9) Importer(815301076,1909f56bfc062723c751e8b465ee728b)
Start importing Assets/ExplosiveLLC/RPG Character Mecanim Animation Pack FREE/Animations/2Hand-Sword/RPG-Character@2Hand-Sword-GetHit-F1.FBX using Guid(861c5aaef9829104d9122fa96811dfb9) Importer(815301076,1909f56bfc062723c751e8b465ee728b)  -> (artifact id: '774929539d82dbdc445d55dc97e191a0') in 0.016041 seconds 
========================================================================
Received Import Request.
  Time since last request: 0.000027 seconds.
  path: Assets/ExplosiveLLC/RPG Character Mecanim Animation Pack FREE/Animations/2Hand-Sword/RPG-Character@2Hand-Sword-Knockback-Back1.FBX
  artifactKey: Guid(03a1982862fcaba4db62d74a5596d8fe) Importer(815301076,1909f56bfc062723c751e8b465ee728b)
Start importing Assets/ExplosiveLLC/RPG Character Mecanim Animation Pack FREE/Animations/2Hand-Sword/RPG-Character@2Hand-Sword-Knockback-Back1.FBX using Guid(03a1982862fcaba4db62d74a5596d8fe) Importer(815301076,1909f56bfc062723c751e8b465ee728b)  -> (artifact id: '84741a4168363626b1d4e123a92e92ef') in 0.016100 seconds 
========================================================================
Received Import Request.
  Time since last request: 0.000026 seconds.
  path: Assets/ExplosiveLLC/RPG Character Mecanim Animation Pack FREE/Animations/2Hand-Sword/RPG-Character@2Hand-Sword-Attack4.FBX
  artifactKey: Guid(cdd2643e8053d5b419629acf98510a71) Importer(815301076,1909f56bfc062723c751e8b465ee728b)
Start importing Assets/ExplosiveLLC/RPG Character Mecanim Animation Pack FREE/Animations/2Hand-Sword/RPG-Character@2Hand-Sword-Attack4.FBX using Guid(cdd2643e8053d5b419629acf98510a71) Importer(815301076,1909f56bfc062723c751e8b465ee728b)  -> (artifact id: '63eded3ad62144dd298786092bdf49d8') in 0.015918 seconds 
========================================================================
Received Import Request.
  Time since last request: 0.000025 seconds.
  path: Assets/ExplosiveLLC/RPG Character Mecanim Animation Pack FREE/Animations/2Hand-Sword/RPG-Character@2Hand-Sword-Run-Forward.FBX
  artifactKey: Guid(0000872662c8fb241bf2ab6cc00dd461) Importer(815301076,1909f56bfc062723c751e8b465ee728b)
Start importing Assets/ExplosiveLLC/RPG Character Mecanim Animation Pack FREE/Animations/2Hand-Sword/RPG-Character@2Hand-Sword-Run-Forward.FBX using Guid(0000872662c8fb241bf2ab6cc00dd461) Importer(815301076,1909f56bfc062723c751e8b465ee728b)  -> (artifact id: 'd550dd8cd80dffb77acff0c1b95bad11') in 0.015248 seconds 
========================================================================
Received Prepare
Registering precompiled user dll's ...
Registered in 0.012339 seconds.
Begin MonoManager ReloadAssembly
Symbol file LoadedFromMemory doesn't match image C:\Users\shiro\Desktop\UnityGames\so-ra-game\3DAction\Library\PackageCache\com.unity.visualscripting@1.7.8\Editor\VisualScripting.Core\Dependencies\YamlDotNet\Unity.VisualScripting.YamlDotNet.dll
Symbol file LoadedFromMemory doesn't match image C:\Users\shiro\Desktop\UnityGames\so-ra-game\3DAction\Library\PackageCache\com.unity.visualscripting@1.7.8\Editor\VisualScripting.Core\Dependencies\DotNetZip\Unity.VisualScripting.IonicZip.dll
Native extension for WindowsStandalone target not found
Native extension for WebGL target not found
Refreshing native plugins compatible for Editor in 1.07 ms, found 4 plugins.
Preloading 0 native plugins for Editor in 0.00 ms.
Mono: successfully reloaded assembly
- Completed reload, in  1.402 seconds
Domain Reload Profiling:
	ReloadAssembly (1402ms)
		BeginReloadAssembly (150ms)
			ExecutionOrderSort (0ms)
			DisableScriptedObjects (4ms)
			BackupInstance (0ms)
			ReleaseScriptingObjects (0ms)
			CreateAndSetChildDomain (51ms)
		EndReloadAssembly (1151ms)
			LoadAssemblies (129ms)
			RebuildTransferFunctionScriptingTraits (0ms)
			SetupTypeCache (300ms)
			ReleaseScriptCaches (2ms)
			RebuildScriptCaches (52ms)
			SetupLoadedEditorAssemblies (592ms)
				LogAssemblyErrors (0ms)
				InitializePlatformSupportModulesInManaged (13ms)
				SetLoadedEditorAssemblies (1ms)
				RefreshPlugins (1ms)
				BeforeProcessingInitializeOnLoad (162ms)
				ProcessInitializeOnLoadAttributes (289ms)
				ProcessInitializeOnLoadMethodAttributes (121ms)
				AfterProcessingInitializeOnLoad (5ms)
				EditorAssembliesLoaded (0ms)
			ExecutionOrderSort2 (0ms)
			AwakeInstancesAfterBackupRestoration (17ms)
Platform modules already initialized, skipping
Refreshing native plugins compatible for Editor in 3.89 ms, found 4 plugins.
Preloading 0 native plugins for Editor in 0.00 ms.
Unloading 6463 Unused Serialized files (Serialized files now loaded: 0)
Unloading 73 unused Assets / (11.9 MB). Loaded Objects now: 7237.
Memory consumption went from 281.4 MB to 269.6 MB.
Total: 9.898600 ms (FindLiveObjects: 0.561800 ms CreateObjectMapping: 0.498900 ms MarkObjects: 3.108200 ms  DeleteObjects: 5.729000 ms)

AssetImportParameters requested are different than current active one (requested -> active):
  custom:video-decoder-ogg-theora: a1e56fd34408186e4bbccfd4996cb3dc -> 
  custom:container-muxer-webm: aa71ff27fc2769a1b78a27578f13a17b -> 
  custom:container-demuxer-webm: 4f35f7cbe854078d1ac9338744f61a02 -> 
  custom:video-encoder-webm-vp8: eb34c28f22e8b96e1ab97ce403110664 -> 
  custom:audio-encoder-webm-vorbis: bf7c407c2cedff20999df2af8eb42d56 -> 
  custom:framework-win-MediaFoundation: 216162199b28c13a410421893ffa2e32 -> 
  custom:container-demuxer-ogg: 62fdf1f143b41e24485cea50d1cbac27 -> 
  custom:video-decoder-webm-vp8: 9c59270c3fd7afecdb556c50c9e8de78 -> 
  custom:audio-decoder-ogg-vorbis: bf7c407c2cedff20999df2af8eb42d56 -> 
========================================================================
Received Prepare
Registering precompiled user dll's ...
Registered in 0.009339 seconds.
Begin MonoManager ReloadAssembly
Symbol file LoadedFromMemory doesn't match image C:\Users\shiro\Desktop\UnityGames\so-ra-game\3DAction\Library\PackageCache\com.unity.visualscripting@1.7.8\Editor\VisualScripting.Core\Dependencies\YamlDotNet\Unity.VisualScripting.YamlDotNet.dll
Symbol file LoadedFromMemory doesn't match image C:\Users\shiro\Desktop\UnityGames\so-ra-game\3DAction\Library\PackageCache\com.unity.visualscripting@1.7.8\Editor\VisualScripting.Core\Dependencies\DotNetZip\Unity.VisualScripting.IonicZip.dll
Native extension for WindowsStandalone target not found
Native extension for WebGL target not found
Refreshing native plugins compatible for Editor in 1.11 ms, found 4 plugins.
Preloading 0 native plugins for Editor in 0.00 ms.
Mono: successfully reloaded assembly
- Completed reload, in  1.378 seconds
Domain Reload Profiling:
	ReloadAssembly (1379ms)
		BeginReloadAssembly (151ms)
			ExecutionOrderSort (0ms)
			DisableScriptedObjects (5ms)
			BackupInstance (0ms)
			ReleaseScriptingObjects (0ms)
			CreateAndSetChildDomain (47ms)
		EndReloadAssembly (1127ms)
			LoadAssemblies (127ms)
			RebuildTransferFunctionScriptingTraits (0ms)
			SetupTypeCache (294ms)
			ReleaseScriptCaches (2ms)
			RebuildScriptCaches (52ms)
			SetupLoadedEditorAssemblies (580ms)
				LogAssemblyErrors (0ms)
				InitializePlatformSupportModulesInManaged (13ms)
				SetLoadedEditorAssemblies (0ms)
				RefreshPlugins (1ms)
				BeforeProcessingInitializeOnLoad (162ms)
				ProcessInitializeOnLoadAttributes (283ms)
				ProcessInitializeOnLoadMethodAttributes (116ms)
				AfterProcessingInitializeOnLoad (5ms)
				EditorAssembliesLoaded (0ms)
			ExecutionOrderSort2 (0ms)
			AwakeInstancesAfterBackupRestoration (17ms)
Platform modules already initialized, skipping
Refreshing native plugins compatible for Editor in 3.97 ms, found 4 plugins.
Preloading 0 native plugins for Editor in 0.00 ms.
Unloading 6463 Unused Serialized files (Serialized files now loaded: 0)
Unloading 73 unused Assets / (12.0 MB). Loaded Objects now: 7252.
Memory consumption went from 281.6 MB to 269.6 MB.
Total: 11.960000 ms (FindLiveObjects: 0.588200 ms CreateObjectMapping: 0.514400 ms MarkObjects: 3.747100 ms  DeleteObjects: 7.109100 ms)

AssetImportParameters requested are different than current active one (requested -> active):
  custom:video-decoder-ogg-theora: a1e56fd34408186e4bbccfd4996cb3dc -> 
  custom:container-muxer-webm: aa71ff27fc2769a1b78a27578f13a17b -> 
  custom:container-demuxer-webm: 4f35f7cbe854078d1ac9338744f61a02 -> 
  custom:video-encoder-webm-vp8: eb34c28f22e8b96e1ab97ce403110664 -> 
  custom:audio-encoder-webm-vorbis: bf7c407c2cedff20999df2af8eb42d56 -> 
  custom:framework-win-MediaFoundation: 216162199b28c13a410421893ffa2e32 -> 
  custom:container-demuxer-ogg: 62fdf1f143b41e24485cea50d1cbac27 -> 
  custom:video-decoder-webm-vp8: 9c59270c3fd7afecdb556c50c9e8de78 -> 
  custom:audio-decoder-ogg-vorbis: bf7c407c2cedff20999df2af8eb42d56 -> 
========================================================================
Received Import Request.
  Time since last request: 471.107656 seconds.
  path: Assets/StarterAssets/InputSystem/StarterAssets.inputsettings.asset
  artifactKey: Guid(9e7be553448fa2546aea5752021cbcf7) Importer(815301076,1909f56bfc062723c751e8b465ee728b)
Start importing Assets/StarterAssets/InputSystem/StarterAssets.inputsettings.asset using Guid(9e7be553448fa2546aea5752021cbcf7) Importer(815301076,1909f56bfc062723c751e8b465ee728b)  -> (artifact id: '5ecb6c1750ee40fd56a03294adb70deb') in 0.021369 seconds 
========================================================================
Received Prepare
Registering precompiled user dll's ...
Registered in 0.010007 seconds.
Begin MonoManager ReloadAssembly
Symbol file LoadedFromMemory doesn't match image C:\Users\shiro\Desktop\UnityGames\so-ra-game\3DAction\Library\PackageCache\com.unity.visualscripting@1.7.8\Editor\VisualScripting.Core\Dependencies\YamlDotNet\Unity.VisualScripting.YamlDotNet.dll
Symbol file LoadedFromMemory doesn't match image C:\Users\shiro\Desktop\UnityGames\so-ra-game\3DAction\Library\PackageCache\com.unity.visualscripting@1.7.8\Editor\VisualScripting.Core\Dependencies\DotNetZip\Unity.VisualScripting.IonicZip.dll
Native extension for WindowsStandalone target not found
Native extension for WebGL target not found
Refreshing native plugins compatible for Editor in 1.15 ms, found 4 plugins.
Preloading 0 native plugins for Editor in 0.00 ms.
System.Reflection.TargetInvocationException: Exception has been thrown by the target of an invocation. ---> System.IO.IOException: Sharing violation on path C:\Users\shiro\Desktop\UnityGames\so-ra-game\3DAction\Assets\VRM_related\lilToon\Editor\CurrentRP.txt
  at System.IO.FileStream..ctor (System.String path, System.IO.FileMode mode, System.IO.FileAccess access, System.IO.FileShare share, System.Int32 bufferSize, System.Boolean anonymous, System.IO.FileOptions options) [0x0019e] in <9aad1b3a47484d63ba2b3985692d80e9>:0 
  at System.IO.FileStream..ctor (System.String path, System.IO.FileMode mode, System.IO.FileAccess access, System.IO.FileShare share, System.Int32 bufferSize, System.IO.FileOptions options) [0x00000] in <9aad1b3a47484d63ba2b3985692d80e9>:0 
  at (wrapper remoting-invoke-with-check) System.IO.FileStream..ctor(string,System.IO.FileMode,System.IO.FileAccess,System.IO.FileShare,int,System.IO.FileOptions)
  at System.IO.StreamReader..ctor (System.String path, System.Text.Encoding encoding, System.Boolean detectEncodingFromByteOrderMarks, System.Int32 bufferSize) [0x00055] in <9aad1b3a47484d63ba2b3985692d80e9>:0 
  at System.IO.StreamReader..ctor (System.String path, System.Boolean detectEncodingFromByteOrderMarks) [0x00007] in <9aad1b3a47484d63ba2b3985692d80e9>:0 
  at System.IO.StreamReader..ctor (System.String path) [0x00000] in <9aad1b3a47484d63ba2b3985692d80e9>:0 
  at (wrapper remoting-invoke-with-check) System.IO.StreamReader..ctor(string)
  at lilToon.lilStartup.lilStartupMethod () [0x00054] in C:\Users\shiro\Desktop\UnityGames\so-ra-game\3DAction\Assets\VRM_related\lilToon\Editor\lilStartup.cs:72 
  at (wrapper managed-to-native) System.Reflection.RuntimeMethodInfo.InternalInvoke(System.Reflection.RuntimeMethodInfo,object,object[],System.Exception&)
  at System.Reflection.RuntimeMethodInfo.Invoke (System.Object obj, System.Reflection.BindingFlags invokeAttr, System.Reflection.Binder binder, System.Object[] parameters, System.Globalization.CultureInfo culture) [0x0006a] in <9aad1b3a47484d63ba2b3985692d80e9>:0 
   --- End of inner exception stack trace ---
  at System.Reflection.RuntimeMethodInfo.Invoke (System.Object obj, System.Reflection.BindingFlags invokeAttr, System.Reflection.Binder binder, System.Object[] parameters, System.Globalization.CultureInfo culture) [0x00083] in <9aad1b3a47484d63ba2b3985692d80e9>:0 
  at System.Reflection.MethodBase.Invoke (System.Object obj, System.Object[] parameters) [0x00000] in <9aad1b3a47484d63ba2b3985692d80e9>:0 
  at UnityEditor.EditorAssemblies.ProcessInitializeOnLoadMethodAttributes () [0x000a5] in <4e64905d831f4883a53259ef37fb023b>:0 
UnityEngine.StackTraceUtility:ExtractStackTrace ()
UnityEngine.DebugLogHandler:LogFormat (UnityEngine.LogType,UnityEngine.Object,string,object[])
UnityEngine.Logger:Log (UnityEngine.LogType,object)
UnityEngine.Debug:LogError (object)
UnityEditor.EditorAssemblies:ProcessInitializeOnLoadMethodAttributes ()

Mono: successfully reloaded assembly
- Completed reload, in  1.402 seconds
Domain Reload Profiling:
	ReloadAssembly (1403ms)
		BeginReloadAssembly (146ms)
			ExecutionOrderSort (0ms)
			DisableScriptedObjects (4ms)
			BackupInstance (0ms)
			ReleaseScriptingObjects (0ms)
			CreateAndSetChildDomain (46ms)
		EndReloadAssembly (1154ms)
			LoadAssemblies (125ms)
			RebuildTransferFunctionScriptingTraits (0ms)
			SetupTypeCache (302ms)
			ReleaseScriptCaches (2ms)
			RebuildScriptCaches (53ms)
			SetupLoadedEditorAssemblies (599ms)
				LogAssemblyErrors (0ms)
				InitializePlatformSupportModulesInManaged (13ms)
				SetLoadedEditorAssemblies (0ms)
				RefreshPlugins (1ms)
				BeforeProcessingInitializeOnLoad (163ms)
				ProcessInitializeOnLoadAttributes (296ms)
				ProcessInitializeOnLoadMethodAttributes (120ms)
				AfterProcessingInitializeOnLoad (5ms)
				EditorAssembliesLoaded (0ms)
			ExecutionOrderSort2 (0ms)
			AwakeInstancesAfterBackupRestoration (16ms)
Platform modules already initialized, skipping
Refreshing native plugins compatible for Editor in 3.58 ms, found 4 plugins.
Preloading 0 native plugins for Editor in 0.00 ms.
Unloading 6463 Unused Serialized files (Serialized files now loaded: 0)
Unloading 73 unused Assets / (11.9 MB). Loaded Objects now: 7267.
Memory consumption went from 281.8 MB to 269.9 MB.
Total: 9.654000 ms (FindLiveObjects: 0.571800 ms CreateObjectMapping: 0.685600 ms MarkObjects: 2.691100 ms  DeleteObjects: 5.704500 ms)

AssetImportParameters requested are different than current active one (requested -> active):
  custom:video-decoder-ogg-theora: a1e56fd34408186e4bbccfd4996cb3dc -> 
  custom:container-muxer-webm: aa71ff27fc2769a1b78a27578f13a17b -> 
  custom:container-demuxer-webm: 4f35f7cbe854078d1ac9338744f61a02 -> 
  custom:video-encoder-webm-vp8: eb34c28f22e8b96e1ab97ce403110664 -> 
  custom:audio-encoder-webm-vorbis: bf7c407c2cedff20999df2af8eb42d56 -> 
  custom:framework-win-MediaFoundation: 216162199b28c13a410421893ffa2e32 -> 
  custom:container-demuxer-ogg: 62fdf1f143b41e24485cea50d1cbac27 -> 
  custom:video-decoder-webm-vp8: 9c59270c3fd7afecdb556c50c9e8de78 -> 
  custom:audio-decoder-ogg-vorbis: bf7c407c2cedff20999df2af8eb42d56 -> 
