Using pre-set license
Built from '2021.3/staging' branch; Version is '2021.3.11f1 (0a5ca18544bf) revision 679073'; Using compiler version '192829333'; Build Type 'Release'
OS: 'Windows 11  (10.0.22000) 64bit Core' Language: 'ja' Physical Memory: 16302 MB
BatchMode: 1, IsHumanControllingUs: 0, StartBugReporterOnCrash: 0, Is64bit: 1, IsPro: 1

COMMAND LINE ARGUMENTS:
C:\Program Files\Unity\Hub\Editor\2021.3.11f1\Editor\Unity.exe
-adb2
-batchMode
-noUpm
-name
AssetImportWorker0
-projectPath
C:/Users/shiro/Desktop/UnityGames/so-ra-game/3DAction
-logFile
Logs/AssetImportWorker0.log
-srvPort
51596
Successfully changed project path to: C:/Users/shiro/Desktop/UnityGames/so-ra-game/3DAction
C:/Users/shiro/Desktop/UnityGames/so-ra-game/3DAction
[UnityMemory] Configuration Parameters - Can be set up in boot.config
    "memorysetup-bucket-allocator-granularity=16"
    "memorysetup-bucket-allocator-bucket-count=8"
    "memorysetup-bucket-allocator-block-size=33554432"
    "memorysetup-bucket-allocator-block-count=8"
    "memorysetup-main-allocator-block-size=16777216"
    "memorysetup-thread-allocator-block-size=16777216"
    "memorysetup-gfx-main-allocator-block-size=16777216"
    "memorysetup-gfx-thread-allocator-block-size=16777216"
    "memorysetup-cache-allocator-block-size=4194304"
    "memorysetup-typetree-allocator-block-size=2097152"
    "memorysetup-profiler-bucket-allocator-granularity=16"
    "memorysetup-profiler-bucket-allocator-bucket-count=8"
    "memorysetup-profiler-bucket-allocator-block-size=33554432"
    "memorysetup-profiler-bucket-allocator-block-count=8"
    "memorysetup-profiler-allocator-block-size=16777216"
    "memorysetup-profiler-editor-allocator-block-size=1048576"
    "memorysetup-temp-allocator-size-main=16777216"
    "memorysetup-job-temp-allocator-block-size=2097152"
    "memorysetup-job-temp-allocator-block-size-background=1048576"
    "memorysetup-job-temp-allocator-reduction-small-platforms=262144"
    "memorysetup-temp-allocator-size-background-worker=32768"
    "memorysetup-temp-allocator-size-job-worker=262144"
    "memorysetup-temp-allocator-size-preload-manager=33554432"
    "memorysetup-temp-allocator-size-nav-mesh-worker=65536"
    "memorysetup-temp-allocator-size-audio-worker=65536"
    "memorysetup-temp-allocator-size-cloud-worker=32768"
    "memorysetup-temp-allocator-size-gi-baking-worker=262144"
    "memorysetup-temp-allocator-size-gfx=262144"
Refreshing native plugins compatible for Editor in 127.22 ms, found 4 plugins.
Preloading 0 native plugins for Editor in 0.00 ms.
Initialize engine version: 2021.3.11f1 (0a5ca18544bf)
[Subsystems] Discovering subsystems at path C:/Program Files/Unity/Hub/Editor/2021.3.11f1/Editor/Data/Resources/UnitySubsystems
[Subsystems] Discovering subsystems at path C:/Users/shiro/Desktop/UnityGames/so-ra-game/3DAction/Assets
GfxDevice: creating device client; threaded=0; jobified=0
Direct3D:
    Version:  Direct3D 11.0 [level 11.1]
    Renderer: NVIDIA GeForce GTX 1660 Ti (ID=0x2182)
    Vendor:   NVIDIA
    VRAM:     5991 MB
    Driver:   30.0.15.1123
Initialize mono
Mono path[0] = 'C:/Program Files/Unity/Hub/Editor/2021.3.11f1/Editor/Data/Managed'
Mono path[1] = 'C:/Program Files/Unity/Hub/Editor/2021.3.11f1/Editor/Data/MonoBleedingEdge/lib/mono/unityjit-win32'
Mono config path = 'C:/Program Files/Unity/Hub/Editor/2021.3.11f1/Editor/Data/MonoBleedingEdge/etc'
Using monoOptions --debugger-agent=transport=dt_socket,embedding=1,server=y,suspend=n,address=127.0.0.1:56440
Begin MonoManager ReloadAssembly
Registering precompiled unity dll's ...
Register platform support module: C:/Program Files/Unity/Hub/Editor/2021.3.11f1/Editor/Data/PlaybackEngines/WebGLSupport/UnityEditor.WebGL.Extensions.dll
Register platform support module: C:/Program Files/Unity/Hub/Editor/2021.3.11f1/Editor/Data/PlaybackEngines/WindowsStandaloneSupport/UnityEditor.WindowsStandalone.Extensions.dll
Registered in 0.004440 seconds.
Native extension for WindowsStandalone target not found
Native extension for WebGL target not found
Refreshing native plugins compatible for Editor in 134.33 ms, found 4 plugins.
Preloading 0 native plugins for Editor in 0.00 ms.
Mono: successfully reloaded assembly
- Completed reload, in  0.679 seconds
Domain Reload Profiling:
	ReloadAssembly (680ms)
		BeginReloadAssembly (76ms)
			ExecutionOrderSort (0ms)
			DisableScriptedObjects (0ms)
			BackupInstance (0ms)
			ReleaseScriptingObjects (0ms)
			CreateAndSetChildDomain (1ms)
		EndReloadAssembly (503ms)
			LoadAssemblies (75ms)
			RebuildTransferFunctionScriptingTraits (0ms)
			SetupTypeCache (101ms)
			ReleaseScriptCaches (0ms)
			RebuildScriptCaches (39ms)
			SetupLoadedEditorAssemblies (317ms)
				LogAssemblyErrors (0ms)
				InitializePlatformSupportModulesInManaged (19ms)
				SetLoadedEditorAssemblies (0ms)
				RefreshPlugins (134ms)
				BeforeProcessingInitializeOnLoad (1ms)
				ProcessInitializeOnLoadAttributes (123ms)
				ProcessInitializeOnLoadMethodAttributes (39ms)
				AfterProcessingInitializeOnLoad (0ms)
				EditorAssembliesLoaded (0ms)
			ExecutionOrderSort2 (0ms)
			AwakeInstancesAfterBackupRestoration (0ms)
Platform modules already initialized, skipping
Registering precompiled user dll's ...
Registered in 0.013711 seconds.
Begin MonoManager ReloadAssembly
Symbol file LoadedFromMemory doesn't match image C:\Users\shiro\Desktop\UnityGames\so-ra-game\3DAction\Library\PackageCache\com.unity.visualscripting@1.7.8\Editor\VisualScripting.Core\Dependencies\YamlDotNet\Unity.VisualScripting.YamlDotNet.dll
Symbol file LoadedFromMemory doesn't match image C:\Users\shiro\Desktop\UnityGames\so-ra-game\3DAction\Library\PackageCache\com.unity.visualscripting@1.7.8\Editor\VisualScripting.Core\Dependencies\DotNetZip\Unity.VisualScripting.IonicZip.dll
Native extension for WindowsStandalone target not found
Native extension for WebGL target not found
Refreshing native plugins compatible for Editor in 114.53 ms, found 4 plugins.
Preloading 0 native plugins for Editor in 0.00 ms.
Mono: successfully reloaded assembly
- Completed reload, in  1.591 seconds
Domain Reload Profiling:
	ReloadAssembly (1592ms)
		BeginReloadAssembly (110ms)
			ExecutionOrderSort (0ms)
			DisableScriptedObjects (6ms)
			BackupInstance (0ms)
			ReleaseScriptingObjects (0ms)
			CreateAndSetChildDomain (18ms)
		EndReloadAssembly (1359ms)
			LoadAssemblies (132ms)
			RebuildTransferFunctionScriptingTraits (0ms)
			SetupTypeCache (291ms)
			ReleaseScriptCaches (1ms)
			RebuildScriptCaches (66ms)
			SetupLoadedEditorAssemblies (838ms)
				LogAssemblyErrors (0ms)
				InitializePlatformSupportModulesInManaged (4ms)
				SetLoadedEditorAssemblies (0ms)
				RefreshPlugins (115ms)
				BeforeProcessingInitializeOnLoad (214ms)
				ProcessInitializeOnLoadAttributes (320ms)
				ProcessInitializeOnLoadMethodAttributes (180ms)
				AfterProcessingInitializeOnLoad (5ms)
				EditorAssembliesLoaded (0ms)
			ExecutionOrderSort2 (0ms)
			AwakeInstancesAfterBackupRestoration (5ms)
Platform modules already initialized, skipping
========================================================================
Worker process is ready to serve import requests
Launched and connected shader compiler UnityShaderCompiler.exe after 0.08 seconds
Refreshing native plugins compatible for Editor in 1.24 ms, found 4 plugins.
Preloading 0 native plugins for Editor in 0.00 ms.
Unloading 6612 Unused Serialized files (Serialized files now loaded: 0)
Unloading 95 unused Assets / (11.9 MB). Loaded Objects now: 7022.
Memory consumption went from 283.4 MB to 271.4 MB.
Total: 7.708900 ms (FindLiveObjects: 0.508000 ms CreateObjectMapping: 0.448200 ms MarkObjects: 2.661500 ms  DeleteObjects: 4.090300 ms)

AssetImportParameters requested are different than current active one (requested -> active):
  custom:video-decoder-ogg-theora: a1e56fd34408186e4bbccfd4996cb3dc -> 
  custom:container-muxer-webm: aa71ff27fc2769a1b78a27578f13a17b -> 
  custom:container-demuxer-webm: 4f35f7cbe854078d1ac9338744f61a02 -> 
  custom:video-encoder-webm-vp8: eb34c28f22e8b96e1ab97ce403110664 -> 
  custom:audio-encoder-webm-vorbis: bf7c407c2cedff20999df2af8eb42d56 -> 
  custom:framework-win-MediaFoundation: 216162199b28c13a410421893ffa2e32 -> 
  custom:container-demuxer-ogg: 62fdf1f143b41e24485cea50d1cbac27 -> 
  custom:video-decoder-webm-vp8: 9c59270c3fd7afecdb556c50c9e8de78 -> 
  custom:audio-decoder-ogg-vorbis: bf7c407c2cedff20999df2af8eb42d56 -> 
========================================================================
Received Import Request.
  Time since last request: 3309.186974 seconds.
  path: Assets/Player/Avator/Girl001.Materials/N00_000_00_FaceMouth_00_FACE (Instance).asset
  artifactKey: Guid(a1f6fdb7585f28d4d9c2c88cb5115f3b) Importer(815301076,1909f56bfc062723c751e8b465ee728b)
Start importing Assets/Player/Avator/Girl001.Materials/N00_000_00_FaceMouth_00_FACE (Instance).asset using Guid(a1f6fdb7585f28d4d9c2c88cb5115f3b) Importer(815301076,1909f56bfc062723c751e8b465ee728b)  -> (artifact id: '01c3890bc828ab69d4dfa67cfdafd00f') in 0.436459 seconds 
========================================================================
Received Import Request.
  Time since last request: 0.000027 seconds.
  path: Assets/Player/Avator/Girl001.Materials/N00_000_00_FaceEyeline_00_FACE (Instance).asset
  artifactKey: Guid(c3b587f6ec6ef3f4797073b08f48fabf) Importer(815301076,1909f56bfc062723c751e8b465ee728b)
Start importing Assets/Player/Avator/Girl001.Materials/N00_000_00_FaceEyeline_00_FACE (Instance).asset using Guid(c3b587f6ec6ef3f4797073b08f48fabf) Importer(815301076,1909f56bfc062723c751e8b465ee728b)  -> (artifact id: '7fdc5479af37898f01a7c42aaf6b4f2a') in 0.022387 seconds 
========================================================================
Received Import Request.
  Time since last request: 0.000028 seconds.
  path: Assets/Player/Avator/Girl001.Materials/N00_006_01_Shoes_01_CLOTH (Instance).asset
  artifactKey: Guid(b43887e82d252b94e9c89c0d20323689) Importer(815301076,1909f56bfc062723c751e8b465ee728b)
Start importing Assets/Player/Avator/Girl001.Materials/N00_006_01_Shoes_01_CLOTH (Instance).asset using Guid(b43887e82d252b94e9c89c0d20323689) Importer(815301076,1909f56bfc062723c751e8b465ee728b)  -> (artifact id: '9db76688f0faa8ab3ef7ab7c87cdd61b') in 0.023382 seconds 
========================================================================
Received Import Request.
  Time since last request: 0.000022 seconds.
  path: Assets/Player/Avator/Girl001.Materials/N00_000_Hair_00_HAIR (Instance)_mtoon.mat
  artifactKey: Guid(036050180494dcf43a6ae89edc5b45d3) Importer(815301076,1909f56bfc062723c751e8b465ee728b)
Start importing Assets/Player/Avator/Girl001.Materials/N00_000_Hair_00_HAIR (Instance)_mtoon.mat using Guid(036050180494dcf43a6ae89edc5b45d3) Importer(815301076,1909f56bfc062723c751e8b465ee728b)  -> (artifact id: 'efb1208a46af75d52f00860fbefcee12') in 0.026185 seconds 
========================================================================
Received Import Request.
  Time since last request: 0.000035 seconds.
  path: Assets/Player/Avator/Girl001.Materials/N00_005_01_Tops_01_CLOTH (Instance).asset
  artifactKey: Guid(6c664bc9ef69a0f458c360b9410a9ec8) Importer(815301076,1909f56bfc062723c751e8b465ee728b)
Start importing Assets/Player/Avator/Girl001.Materials/N00_005_01_Tops_01_CLOTH (Instance).asset using Guid(6c664bc9ef69a0f458c360b9410a9ec8) Importer(815301076,1909f56bfc062723c751e8b465ee728b)  -> (artifact id: 'cf5bcbd0b21031c9119b86cd9640f096') in 0.026834 seconds 
========================================================================
Received Import Request.
  Time since last request: 0.000043 seconds.
  path: Assets/Player/Avator/Girl001.Materials/N00_000_00_EyeWhite_00_EYE (Instance).asset
  artifactKey: Guid(2950215572fcf744c9b97d757e3ed912) Importer(815301076,1909f56bfc062723c751e8b465ee728b)
Start importing Assets/Player/Avator/Girl001.Materials/N00_000_00_EyeWhite_00_EYE (Instance).asset using Guid(2950215572fcf744c9b97d757e3ed912) Importer(815301076,1909f56bfc062723c751e8b465ee728b)  -> (artifact id: 'd8e9fa8eb8619775bd3568dc0b1f9e34') in 0.022774 seconds 
========================================================================
Received Import Request.
  Time since last request: 0.000039 seconds.
  path: Assets/Player/Avator/Girl001.Materials/N00_000_00_EyeIris_00_EYE (Instance).asset
  artifactKey: Guid(aab863dd1f1869e4495ae30b9f747647) Importer(815301076,1909f56bfc062723c751e8b465ee728b)
Start importing Assets/Player/Avator/Girl001.Materials/N00_000_00_EyeIris_00_EYE (Instance).asset using Guid(aab863dd1f1869e4495ae30b9f747647) Importer(815301076,1909f56bfc062723c751e8b465ee728b)  -> (artifact id: '28cf707454d9a561ae507c620a0d0924') in 0.023811 seconds 
========================================================================
Received Import Request.
  Time since last request: 6.085611 seconds.
  path: Assets/Player/Avator/Girl001.Materials/N00_000_00_FaceEyeline_00_FACE (Instance) 1.asset
  artifactKey: Guid(5d92886e97fd1f74e8ea7ccefa746f0b) Importer(815301076,1909f56bfc062723c751e8b465ee728b)
Start importing Assets/Player/Avator/Girl001.Materials/N00_000_00_FaceEyeline_00_FACE (Instance) 1.asset using Guid(5d92886e97fd1f74e8ea7ccefa746f0b) Importer(815301076,1909f56bfc062723c751e8b465ee728b)  -> (artifact id: '2fa5258d5c21e1baa0008c79e9c3cf4e') in 0.021946 seconds 
========================================================================
Received Import Request.
  Time since last request: 0.000021 seconds.
  path: Assets/Player/Avator/Girl001.Materials/N00_000_Hair_00_HAIR (Instance) 1.asset
  artifactKey: Guid(a6b8720602aa45d4c9096ecd67f7fef9) Importer(815301076,1909f56bfc062723c751e8b465ee728b)
Start importing Assets/Player/Avator/Girl001.Materials/N00_000_Hair_00_HAIR (Instance) 1.asset using Guid(a6b8720602aa45d4c9096ecd67f7fef9) Importer(815301076,1909f56bfc062723c751e8b465ee728b)  -> (artifact id: '2696982ffd03c94613b70e0e984df8f2') in 0.022486 seconds 
========================================================================
Received Import Request.
  Time since last request: 0.000025 seconds.
  path: Assets/Player/Avator/Girl001.Materials/N00_006_01_Shoes_01_CLOTH (Instance) 1.asset
  artifactKey: Guid(82a09c217fc2a4f46a976a9a8e601108) Importer(815301076,1909f56bfc062723c751e8b465ee728b)
Start importing Assets/Player/Avator/Girl001.Materials/N00_006_01_Shoes_01_CLOTH (Instance) 1.asset using Guid(82a09c217fc2a4f46a976a9a8e601108) Importer(815301076,1909f56bfc062723c751e8b465ee728b)  -> (artifact id: '0e8600fac427ecc566f46f7f75309b2b') in 0.022909 seconds 
========================================================================
Received Import Request.
  Time since last request: 32.875885 seconds.
  path: Assets/Player/Avator/Girl001.Materials/N00_000_00_Body_00_SKIN (Instance).asset
  artifactKey: Guid(5188d85339d13fd4384ee26726a81680) Importer(815301076,1909f56bfc062723c751e8b465ee728b)
Start importing Assets/Player/Avator/Girl001.Materials/N00_000_00_Body_00_SKIN (Instance).asset using Guid(5188d85339d13fd4384ee26726a81680) Importer(815301076,1909f56bfc062723c751e8b465ee728b)  -> (artifact id: 'd8985a002f29adb4e87ae90da2fcfdf4') in 0.024700 seconds 
========================================================================
Received Import Request.
  Time since last request: 0.000020 seconds.
  path: Assets/Player/Avator/Girl001.Materials/N00_000_Hair_00_HAIR (Instance).asset
  artifactKey: Guid(261258374e4c1f846a3d353efd5764fe) Importer(815301076,1909f56bfc062723c751e8b465ee728b)
Start importing Assets/Player/Avator/Girl001.Materials/N00_000_Hair_00_HAIR (Instance).asset using Guid(261258374e4c1f846a3d353efd5764fe) Importer(815301076,1909f56bfc062723c751e8b465ee728b)  -> (artifact id: 'c21ce010cfb5907919e2c7b1cb9b182c') in 0.022960 seconds 
========================================================================
Received Import Request.
  Time since last request: 0.000029 seconds.
  path: Assets/Player/Avator/Girl001.Materials/N00_001_01_Bottoms_01_CLOTH (Instance).asset
  artifactKey: Guid(4c32330375b034241bacd498ba411f85) Importer(815301076,1909f56bfc062723c751e8b465ee728b)
Start importing Assets/Player/Avator/Girl001.Materials/N00_001_01_Bottoms_01_CLOTH (Instance).asset using Guid(4c32330375b034241bacd498ba411f85) Importer(815301076,1909f56bfc062723c751e8b465ee728b)  -> (artifact id: 'b11f11638b6a065dfd76c391f0769d4e') in 0.025535 seconds 
========================================================================
Received Import Request.
  Time since last request: 0.000042 seconds.
  path: Assets/Player/Avator/Girl001.Materials/N00_000_Hair_00_HAIR (Instance)_mtoon.mat
  artifactKey: Guid(036050180494dcf43a6ae89edc5b45d3) Importer(815301076,1909f56bfc062723c751e8b465ee728b)
Start importing Assets/Player/Avator/Girl001.Materials/N00_000_Hair_00_HAIR (Instance)_mtoon.mat using Guid(036050180494dcf43a6ae89edc5b45d3) Importer(815301076,1909f56bfc062723c751e8b465ee728b)  -> (artifact id: 'edafc9e5ea81c2280e98e55d8af7bd3a') in 0.020522 seconds 
========================================================================
Received Import Request.
  Time since last request: 0.000022 seconds.
  path: Assets/Player/Avator/Girl001.Materials/N00_005_01_Tops_01_CLOTH (Instance).asset
  artifactKey: Guid(6c664bc9ef69a0f458c360b9410a9ec8) Importer(815301076,1909f56bfc062723c751e8b465ee728b)
Start importing Assets/Player/Avator/Girl001.Materials/N00_005_01_Tops_01_CLOTH (Instance).asset using Guid(6c664bc9ef69a0f458c360b9410a9ec8) Importer(815301076,1909f56bfc062723c751e8b465ee728b)  -> (artifact id: 'b886feef4292fc8fe62e3b6570efd387') in 0.025007 seconds 
========================================================================
Received Import Request.
  Time since last request: 0.000022 seconds.
  path: Assets/Player/Avator/Girl001.Materials/N00_000_00_EyeWhite_00_EYE (Instance).asset
  artifactKey: Guid(2950215572fcf744c9b97d757e3ed912) Importer(815301076,1909f56bfc062723c751e8b465ee728b)
Start importing Assets/Player/Avator/Girl001.Materials/N00_000_00_EyeWhite_00_EYE (Instance).asset using Guid(2950215572fcf744c9b97d757e3ed912) Importer(815301076,1909f56bfc062723c751e8b465ee728b)  -> (artifact id: 'd4b7e77d2d11885c63ec5792e83cfacf') in 0.021397 seconds 
========================================================================
Received Import Request.
  Time since last request: 0.000022 seconds.
  path: Assets/Player/Avator/Girl001.Materials/N00_000_00_EyeIris_00_EYE (Instance).asset
  artifactKey: Guid(aab863dd1f1869e4495ae30b9f747647) Importer(815301076,1909f56bfc062723c751e8b465ee728b)
Start importing Assets/Player/Avator/Girl001.Materials/N00_000_00_EyeIris_00_EYE (Instance).asset using Guid(aab863dd1f1869e4495ae30b9f747647) Importer(815301076,1909f56bfc062723c751e8b465ee728b)  -> (artifact id: 'ed39c9286c1f15aedc58d5879da91df3') in 0.023368 seconds 
========================================================================
Received Prepare
Registering precompiled user dll's ...
Registered in 0.012548 seconds.
Begin MonoManager ReloadAssembly
Symbol file LoadedFromMemory doesn't match image C:\Users\shiro\Desktop\UnityGames\so-ra-game\3DAction\Library\PackageCache\com.unity.visualscripting@1.7.8\Editor\VisualScripting.Core\Dependencies\YamlDotNet\Unity.VisualScripting.YamlDotNet.dll
Symbol file LoadedFromMemory doesn't match image C:\Users\shiro\Desktop\UnityGames\so-ra-game\3DAction\Library\PackageCache\com.unity.visualscripting@1.7.8\Editor\VisualScripting.Core\Dependencies\DotNetZip\Unity.VisualScripting.IonicZip.dll
Native extension for WindowsStandalone target not found
Native extension for WebGL target not found
Refreshing native plugins compatible for Editor in 1.02 ms, found 4 plugins.
Preloading 0 native plugins for Editor in 0.00 ms.
Mono: successfully reloaded assembly
- Completed reload, in  1.433 seconds
Domain Reload Profiling:
	ReloadAssembly (1433ms)
		BeginReloadAssembly (154ms)
			ExecutionOrderSort (0ms)
			DisableScriptedObjects (8ms)
			BackupInstance (0ms)
			ReleaseScriptingObjects (0ms)
			CreateAndSetChildDomain (48ms)
		EndReloadAssembly (1175ms)
			LoadAssemblies (139ms)
			RebuildTransferFunctionScriptingTraits (0ms)
			SetupTypeCache (324ms)
			ReleaseScriptCaches (2ms)
			RebuildScriptCaches (55ms)
			SetupLoadedEditorAssemblies (576ms)
				LogAssemblyErrors (0ms)
				InitializePlatformSupportModulesInManaged (14ms)
				SetLoadedEditorAssemblies (0ms)
				RefreshPlugins (1ms)
				BeforeProcessingInitializeOnLoad (161ms)
				ProcessInitializeOnLoadAttributes (280ms)
				ProcessInitializeOnLoadMethodAttributes (114ms)
				AfterProcessingInitializeOnLoad (5ms)
				EditorAssembliesLoaded (0ms)
			ExecutionOrderSort2 (0ms)
			AwakeInstancesAfterBackupRestoration (21ms)
Platform modules already initialized, skipping
Refreshing native plugins compatible for Editor in 3.46 ms, found 4 plugins.
Preloading 0 native plugins for Editor in 0.00 ms.
Unloading 6462 Unused Serialized files (Serialized files now loaded: 0)
Unloading 73 unused Assets / (11.9 MB). Loaded Objects now: 7129.
Memory consumption went from 280.7 MB to 268.8 MB.
Total: 9.613500 ms (FindLiveObjects: 0.586000 ms CreateObjectMapping: 1.019700 ms MarkObjects: 2.871500 ms  DeleteObjects: 5.135200 ms)

AssetImportParameters requested are different than current active one (requested -> active):
  custom:video-decoder-ogg-theora: a1e56fd34408186e4bbccfd4996cb3dc -> 
  custom:container-muxer-webm: aa71ff27fc2769a1b78a27578f13a17b -> 
  custom:container-demuxer-webm: 4f35f7cbe854078d1ac9338744f61a02 -> 
  custom:video-encoder-webm-vp8: eb34c28f22e8b96e1ab97ce403110664 -> 
  custom:audio-encoder-webm-vorbis: bf7c407c2cedff20999df2af8eb42d56 -> 
  custom:framework-win-MediaFoundation: 216162199b28c13a410421893ffa2e32 -> 
  custom:container-demuxer-ogg: 62fdf1f143b41e24485cea50d1cbac27 -> 
  custom:video-decoder-webm-vp8: 9c59270c3fd7afecdb556c50c9e8de78 -> 
  custom:audio-decoder-ogg-vorbis: bf7c407c2cedff20999df2af8eb42d56 -> 
========================================================================
Received Import Request.
  Time since last request: 5005.267570 seconds.
  path: Assets/Player/Avator/Girl001.Materials/N00_000_00_Body_00_SKIN (Instance).asset
  artifactKey: Guid(5188d85339d13fd4384ee26726a81680) Importer(815301076,1909f56bfc062723c751e8b465ee728b)
Start importing Assets/Player/Avator/Girl001.Materials/N00_000_00_Body_00_SKIN (Instance).asset using Guid(5188d85339d13fd4384ee26726a81680) Importer(815301076,1909f56bfc062723c751e8b465ee728b)  -> (artifact id: '98357d33a8e56fac3aa1c47ba752ced6') in 0.507974 seconds 
========================================================================
Received Import Request.
  Time since last request: 0.000040 seconds.
  path: Assets/Player/Avator/Girl001.Materials/N00_000_00_FaceMouth_00_FACE (Instance).asset
  artifactKey: Guid(a1f6fdb7585f28d4d9c2c88cb5115f3b) Importer(815301076,1909f56bfc062723c751e8b465ee728b)
Start importing Assets/Player/Avator/Girl001.Materials/N00_000_00_FaceMouth_00_FACE (Instance).asset using Guid(a1f6fdb7585f28d4d9c2c88cb5115f3b) Importer(815301076,1909f56bfc062723c751e8b465ee728b)  -> (artifact id: '2367d13057f9dc76e8b13d92534ea34e') in 0.023847 seconds 
========================================================================
Received Import Request.
  Time since last request: 0.000039 seconds.
  path: Assets/Player/Avator/Girl001.Materials/N00_000_00_HairBack_00_HAIR (Instance) 1.asset
  artifactKey: Guid(7909049ab1ecea8408cb8e05b5e2a51a) Importer(815301076,1909f56bfc062723c751e8b465ee728b)
Start importing Assets/Player/Avator/Girl001.Materials/N00_000_00_HairBack_00_HAIR (Instance) 1.asset using Guid(7909049ab1ecea8408cb8e05b5e2a51a) Importer(815301076,1909f56bfc062723c751e8b465ee728b)  -> (artifact id: 'b03fb06ec588d3f21d2723a77e5eb4c2') in 0.023580 seconds 
========================================================================
Received Import Request.
  Time since last request: 0.000030 seconds.
  path: Assets/Player/Avator/Girl001.Materials/N00_000_00_FaceEyeline_00_FACE (Instance).asset
  artifactKey: Guid(c3b587f6ec6ef3f4797073b08f48fabf) Importer(815301076,1909f56bfc062723c751e8b465ee728b)
Start importing Assets/Player/Avator/Girl001.Materials/N00_000_00_FaceEyeline_00_FACE (Instance).asset using Guid(c3b587f6ec6ef3f4797073b08f48fabf) Importer(815301076,1909f56bfc062723c751e8b465ee728b)  -> (artifact id: 'a1481be939bc4de85c34642682b22e00') in 0.026039 seconds 
========================================================================
Received Import Request.
  Time since last request: 0.000024 seconds.
  path: Assets/Player/Avator/Girl001.Materials/N00_001_01_Bottoms_01_CLOTH (Instance).asset
  artifactKey: Guid(4c32330375b034241bacd498ba411f85) Importer(815301076,1909f56bfc062723c751e8b465ee728b)
Start importing Assets/Player/Avator/Girl001.Materials/N00_001_01_Bottoms_01_CLOTH (Instance).asset using Guid(4c32330375b034241bacd498ba411f85) Importer(815301076,1909f56bfc062723c751e8b465ee728b)  -> (artifact id: 'b5b046eb21f81afd3a0f69766214f204') in 0.024390 seconds 
========================================================================
Received Import Request.
  Time since last request: 0.000029 seconds.
  path: Assets/Player/Avator/Girl001.Materials/N00_006_01_Shoes_01_CLOTH (Instance).asset
  artifactKey: Guid(b43887e82d252b94e9c89c0d20323689) Importer(815301076,1909f56bfc062723c751e8b465ee728b)
Start importing Assets/Player/Avator/Girl001.Materials/N00_006_01_Shoes_01_CLOTH (Instance).asset using Guid(b43887e82d252b94e9c89c0d20323689) Importer(815301076,1909f56bfc062723c751e8b465ee728b)  -> (artifact id: '0d8eff45e87f0aa352bd2f23d0376288') in 0.026551 seconds 
========================================================================
Received Import Request.
  Time since last request: 0.000032 seconds.
  path: Assets/Player/Avator/Girl001.Materials/N00_000_Hair_00_HAIR (Instance)_mtoon.mat
  artifactKey: Guid(036050180494dcf43a6ae89edc5b45d3) Importer(815301076,1909f56bfc062723c751e8b465ee728b)
Start importing Assets/Player/Avator/Girl001.Materials/N00_000_Hair_00_HAIR (Instance)_mtoon.mat using Guid(036050180494dcf43a6ae89edc5b45d3) Importer(815301076,1909f56bfc062723c751e8b465ee728b)  -> (artifact id: '0b48ac0a6ed2c82b347301327319dd43') in 0.029564 seconds 
========================================================================
Received Import Request.
  Time since last request: 0.000042 seconds.
  path: Assets/Player/Avator/Girl001.Materials/N00_005_01_Tops_01_CLOTH (Instance).asset
  artifactKey: Guid(6c664bc9ef69a0f458c360b9410a9ec8) Importer(815301076,1909f56bfc062723c751e8b465ee728b)
Start importing Assets/Player/Avator/Girl001.Materials/N00_005_01_Tops_01_CLOTH (Instance).asset using Guid(6c664bc9ef69a0f458c360b9410a9ec8) Importer(815301076,1909f56bfc062723c751e8b465ee728b)  -> (artifact id: '05169745a35fd38badf54f95ef7bde55') in 0.034909 seconds 
========================================================================
Received Import Request.
  Time since last request: 0.000030 seconds.
  path: Assets/Player/Avator/Girl001.Materials/N00_000_00_EyeWhite_00_EYE (Instance).asset
  artifactKey: Guid(2950215572fcf744c9b97d757e3ed912) Importer(815301076,1909f56bfc062723c751e8b465ee728b)
Start importing Assets/Player/Avator/Girl001.Materials/N00_000_00_EyeWhite_00_EYE (Instance).asset using Guid(2950215572fcf744c9b97d757e3ed912) Importer(815301076,1909f56bfc062723c751e8b465ee728b)  -> (artifact id: 'c2f916263263280f6ed48acdaec3d8e3') in 0.023272 seconds 
========================================================================
Received Import Request.
  Time since last request: 0.000034 seconds.
  path: Assets/Player/Avator/Girl001.Materials/N00_000_00_EyeIris_00_EYE (Instance).asset
  artifactKey: Guid(aab863dd1f1869e4495ae30b9f747647) Importer(815301076,1909f56bfc062723c751e8b465ee728b)
Start importing Assets/Player/Avator/Girl001.Materials/N00_000_00_EyeIris_00_EYE (Instance).asset using Guid(aab863dd1f1869e4495ae30b9f747647) Importer(815301076,1909f56bfc062723c751e8b465ee728b)  -> (artifact id: '84bbd833af414146e40fefa37a944904') in 0.021937 seconds 
========================================================================
Received Import Request.
  Time since last request: 37.926699 seconds.
  path: Assets/Blink/Art
  artifactKey: Guid(4a2367ad789b59346a5a0e4e6ff1beed) Importer(815301076,1909f56bfc062723c751e8b465ee728b)
Start importing Assets/Blink/Art using Guid(4a2367ad789b59346a5a0e4e6ff1beed) Importer(815301076,1909f56bfc062723c751e8b465ee728b)  -> (artifact id: '9ad9748bb06d2e29f32eecdecc8274a0') in 0.003951 seconds 
========================================================================
Received Import Request.
  Time since last request: 0.472632 seconds.
  path: Assets/Blink/Art/Weapons
  artifactKey: Guid(324c9220a528d0a4bbef6ed738bc40b3) Importer(815301076,1909f56bfc062723c751e8b465ee728b)
Start importing Assets/Blink/Art/Weapons using Guid(324c9220a528d0a4bbef6ed738bc40b3) Importer(815301076,1909f56bfc062723c751e8b465ee728b)  -> (artifact id: 'f69c8ab8215c05e66af337172ad1052c') in 0.004691 seconds 
========================================================================
Received Import Request.
  Time since last request: 0.433406 seconds.
  path: Assets/Blink/Art/Weapons/LowPoly
  artifactKey: Guid(e7426cffd01aa1b4fba377d17a57ce24) Importer(815301076,1909f56bfc062723c751e8b465ee728b)
Start importing Assets/Blink/Art/Weapons/LowPoly using Guid(e7426cffd01aa1b4fba377d17a57ce24) Importer(815301076,1909f56bfc062723c751e8b465ee728b)  -> (artifact id: '9deb82f987e9fe38a8f84cbcc1ec6b47') in 0.004084 seconds 
========================================================================
Received Import Request.
  Time since last request: 0.542767 seconds.
  path: Assets/Blink/Art/Weapons/LowPoly/FreeSwords
  artifactKey: Guid(67a9042a08417914584d40aa94485b6e) Importer(815301076,1909f56bfc062723c751e8b465ee728b)
Start importing Assets/Blink/Art/Weapons/LowPoly/FreeSwords using Guid(67a9042a08417914584d40aa94485b6e) Importer(815301076,1909f56bfc062723c751e8b465ee728b)  -> (artifact id: '2bfc097f6eb6aa932edb91d1b7e96e00') in 0.004509 seconds 
========================================================================
Received Import Request.
  Time since last request: 3.107117 seconds.
  path: Assets/Blink/Art/Weapons/LowPoly/FreeSwords/Sword2
  artifactKey: Guid(ccf2c59320d3c0b44815fa6b5403f76b) Importer(815301076,1909f56bfc062723c751e8b465ee728b)
Start importing Assets/Blink/Art/Weapons/LowPoly/FreeSwords/Sword2 using Guid(ccf2c59320d3c0b44815fa6b5403f76b) Importer(815301076,1909f56bfc062723c751e8b465ee728b)  -> (artifact id: 'c79ef9eb104962b1a11cfcedbf1df51d') in 0.004772 seconds 
========================================================================
Received Import Request.
  Time since last request: 0.045250 seconds.
  path: Assets/Blink/Art/Weapons/LowPoly/FreeSwords/Sword2/Sword2_FBX.fbx
  artifactKey: Guid(3271cae2a4b914342a461c5ff92a3733) Importer(815301076,1909f56bfc062723c751e8b465ee728b)
Start importing Assets/Blink/Art/Weapons/LowPoly/FreeSwords/Sword2/Sword2_FBX.fbx using Guid(3271cae2a4b914342a461c5ff92a3733) Importer(815301076,1909f56bfc062723c751e8b465ee728b)  -> (artifact id: '0d386ec11d7ce94c158daf67de5f330b') in 0.116470 seconds 
========================================================================
Received Import Request.
  Time since last request: 17.940658 seconds.
  path: Assets/Blink/Art/Weapons/LowPoly/FreeSwords/Sword2/Sword2_Material_Green.mat
  artifactKey: Guid(a5ddb0105fe4c1144968b52a304f3945) Importer(815301076,1909f56bfc062723c751e8b465ee728b)
Start importing Assets/Blink/Art/Weapons/LowPoly/FreeSwords/Sword2/Sword2_Material_Green.mat using Guid(a5ddb0105fe4c1144968b52a304f3945) Importer(815301076,1909f56bfc062723c751e8b465ee728b)  -> (artifact id: '93ceb0a8c0265f6e3171597ff191d705') in 0.030674 seconds 
========================================================================
Received Import Request.
  Time since last request: 4.976803 seconds.
  path: Assets/VRM_related/UniGLTF/Editor/UniGLTF/Gizmo/Models/Bone.fbx
  artifactKey: Guid(61a60de4cfa7b124184947ca4a57ca53) Importer(815301076,1909f56bfc062723c751e8b465ee728b)
Start importing Assets/VRM_related/UniGLTF/Editor/UniGLTF/Gizmo/Models/Bone.fbx using Guid(61a60de4cfa7b124184947ca4a57ca53) Importer(815301076,1909f56bfc062723c751e8b465ee728b)  -> (artifact id: '8d0ccd4fc5b31ade126e4d49a34218b9') in 0.023998 seconds 
========================================================================
Received Import Request.
  Time since last request: 0.000023 seconds.
  path: Assets/VRM_related/UniGLTF/Editor/UniGLTF/Gizmo/Models/SelectedBoneGizmo.prefab
  artifactKey: Guid(65aed222118a19e46a4d35c654cd818e) Importer(815301076,1909f56bfc062723c751e8b465ee728b)
Start importing Assets/VRM_related/UniGLTF/Editor/UniGLTF/Gizmo/Models/SelectedBoneGizmo.prefab using Guid(65aed222118a19e46a4d35c654cd818e) Importer(815301076,1909f56bfc062723c751e8b465ee728b)  -> (artifact id: '928a2dd874bacf85290750052de66106') in 0.017019 seconds 
========================================================================
Received Import Request.
  Time since last request: 0.000022 seconds.
  path: Assets/VRM_related/UniGLTF/Editor/UniGLTF/Gizmo/Models/HoverBoneGizmo.prefab
  artifactKey: Guid(fbf7ad78b397b0749bb8132dfbc87f44) Importer(815301076,1909f56bfc062723c751e8b465ee728b)
Start importing Assets/VRM_related/UniGLTF/Editor/UniGLTF/Gizmo/Models/HoverBoneGizmo.prefab using Guid(fbf7ad78b397b0749bb8132dfbc87f44) Importer(815301076,1909f56bfc062723c751e8b465ee728b)  -> (artifact id: 'e808caca20567faad2b8cfb18be2002d') in 0.014674 seconds 
========================================================================
Received Import Request.
  Time since last request: 0.000025 seconds.
  path: Assets/VRM_related/UniGLTF/Editor/UniGLTF/Gizmo/Models/SelectedBone.mat
  artifactKey: Guid(dc0c884ca4cfbbd458f2350c25cb7e9d) Importer(815301076,1909f56bfc062723c751e8b465ee728b)
Start importing Assets/VRM_related/UniGLTF/Editor/UniGLTF/Gizmo/Models/SelectedBone.mat using Guid(dc0c884ca4cfbbd458f2350c25cb7e9d) Importer(815301076,1909f56bfc062723c751e8b465ee728b)  -> (artifact id: '80e5b3d10748a1e9f0ef0a37ed1412b7') in 0.012674 seconds 
========================================================================
Received Import Request.
  Time since last request: 33.786093 seconds.
  path: Assets/Blink/Art/Weapons/LowPoly/FreeSwords/Sword1/Sword1_FBX.fbx
  artifactKey: Guid(1af6c9d4792b975498541f34267aefc6) Importer(815301076,1909f56bfc062723c751e8b465ee728b)
Start importing Assets/Blink/Art/Weapons/LowPoly/FreeSwords/Sword1/Sword1_FBX.fbx using Guid(1af6c9d4792b975498541f34267aefc6) Importer(815301076,1909f56bfc062723c751e8b465ee728b)  -> (artifact id: 'e46833b154a8733657eeafa734a16ac2') in 0.032250 seconds 
========================================================================
Received Import Request.
  Time since last request: 0.000019 seconds.
  path: Assets/Blink/Art/Weapons/LowPoly/FreeSwords/Sword1/Sword1_Material_Gold.mat
  artifactKey: Guid(76ec0f7c7d6c188409b0ddd47bd763d8) Importer(815301076,1909f56bfc062723c751e8b465ee728b)
Start importing Assets/Blink/Art/Weapons/LowPoly/FreeSwords/Sword1/Sword1_Material_Gold.mat using Guid(76ec0f7c7d6c188409b0ddd47bd763d8) Importer(815301076,1909f56bfc062723c751e8b465ee728b)  -> (artifact id: 'e428fc64b784678f8ff62351688e772d') in 1.292132 seconds 
========================================================================
Received Import Request.
  Time since last request: 7.899999 seconds.
  path: Assets/Blink/Art/Weapons/LowPoly/FreeSwords/Sword3/Sword3_FBX.fbx
  artifactKey: Guid(97a8b82f3d87b034caeb16764385b8bf) Importer(815301076,1909f56bfc062723c751e8b465ee728b)
Start importing Assets/Blink/Art/Weapons/LowPoly/FreeSwords/Sword3/Sword3_FBX.fbx using Guid(97a8b82f3d87b034caeb16764385b8bf) Importer(815301076,1909f56bfc062723c751e8b465ee728b)  -> (artifact id: '79019d926385bcb3e41f49e5ae2a8896') in 0.026168 seconds 
========================================================================
Received Import Request.
  Time since last request: 0.000064 seconds.
  path: Assets/Blink/Art/Weapons/LowPoly/FreeSwords/Sword3/Sword3_Material_Red.mat
  artifactKey: Guid(6592fe0086859e74c84162de3826b9a5) Importer(815301076,1909f56bfc062723c751e8b465ee728b)
Start importing Assets/Blink/Art/Weapons/LowPoly/FreeSwords/Sword3/Sword3_Material_Red.mat using Guid(6592fe0086859e74c84162de3826b9a5) Importer(815301076,1909f56bfc062723c751e8b465ee728b)  -> (artifact id: 'aec789d27e75a94d908f8f6986480b26') in 0.024303 seconds 
========================================================================
Received Import Request.
  Time since last request: 3.144647 seconds.
  path: Assets/Blink/Art/Weapons/LowPoly/FreeSwords/Sword4/Sword4_FBX.fbx
  artifactKey: Guid(26430834ea307e24083f9e03d7fc4f0f) Importer(815301076,1909f56bfc062723c751e8b465ee728b)
Start importing Assets/Blink/Art/Weapons/LowPoly/FreeSwords/Sword4/Sword4_FBX.fbx using Guid(26430834ea307e24083f9e03d7fc4f0f) Importer(815301076,1909f56bfc062723c751e8b465ee728b)  -> (artifact id: '079b527de6e83827f4de6e30bf970504') in 0.032273 seconds 
========================================================================
Received Import Request.
  Time since last request: 0.000041 seconds.
  path: Assets/Blink/Art/Weapons/LowPoly/FreeSwords/Sword4/Sword4_Material_Yellow.mat
  artifactKey: Guid(5bf9745e4cdf3544db118edd03429750) Importer(815301076,1909f56bfc062723c751e8b465ee728b)
Start importing Assets/Blink/Art/Weapons/LowPoly/FreeSwords/Sword4/Sword4_Material_Yellow.mat using Guid(5bf9745e4cdf3544db118edd03429750) Importer(815301076,1909f56bfc062723c751e8b465ee728b)  -> (artifact id: 'b3d049447bce121136ac2c1d6ec81a07') in 0.026077 seconds 
========================================================================
Received Import Request.
  Time since last request: 3.730879 seconds.
  path: Assets/Blink/Art/Weapons/LowPoly/FreeSwords/Sword5/Sword5_FBX.fbx
  artifactKey: Guid(26317383b8bbd254cb668812e676670b) Importer(815301076,1909f56bfc062723c751e8b465ee728b)
Start importing Assets/Blink/Art/Weapons/LowPoly/FreeSwords/Sword5/Sword5_FBX.fbx using Guid(26317383b8bbd254cb668812e676670b) Importer(815301076,1909f56bfc062723c751e8b465ee728b)  -> (artifact id: '8834d69fa94ffc2f5ae2df427fe3907e') in 0.032410 seconds 
========================================================================
Received Import Request.
  Time since last request: 0.000037 seconds.
  path: Assets/Blink/Art/Weapons/LowPoly/FreeSwords/Sword5/Sword5_Material_Gold.mat
  artifactKey: Guid(741357fc19be8c74dab3f57ba2218450) Importer(815301076,1909f56bfc062723c751e8b465ee728b)
Start importing Assets/Blink/Art/Weapons/LowPoly/FreeSwords/Sword5/Sword5_Material_Gold.mat using Guid(741357fc19be8c74dab3f57ba2218450) Importer(815301076,1909f56bfc062723c751e8b465ee728b)  -> (artifact id: '0b43914e79ff19dded7048dbd62e26b5') in 0.026552 seconds 
========================================================================
Received Import Request.
  Time since last request: 188.475018 seconds.
  path: Assets/StarterAssets/Environment/Art/Materials/URP_HDRP_ShaderGraph/ShaderGraphGrid_01_Mat.mat
  artifactKey: Guid(4589b87b8508f6e48b8fddb385924b16) Importer(815301076,1909f56bfc062723c751e8b465ee728b)
Start importing Assets/StarterAssets/Environment/Art/Materials/URP_HDRP_ShaderGraph/ShaderGraphGrid_01_Mat.mat using Guid(4589b87b8508f6e48b8fddb385924b16) Importer(815301076,1909f56bfc062723c751e8b465ee728b)  -> (artifact id: 'f439c30604e0b124e0b8476b0cc5494b') in 1.863758 seconds 
========================================================================
Received Import Request.
  Time since last request: 0.574023 seconds.
  path: Assets/StarterAssets/Environment/Art/Models/Ramp_100x100x200_Mesh.fbx
  artifactKey: Guid(bfff06aaff363a847ad37bf592364e6b) Importer(815301076,1909f56bfc062723c751e8b465ee728b)
Start importing Assets/StarterAssets/Environment/Art/Models/Ramp_100x100x200_Mesh.fbx using Guid(bfff06aaff363a847ad37bf592364e6b) Importer(815301076,1909f56bfc062723c751e8b465ee728b)  -> (artifact id: 'e81166ddf79968c4a4648f4fcc4dd495') in 0.046397 seconds 
========================================================================
Received Import Request.
  Time since last request: 8.746439 seconds.
  path: Assets/Blink/Art/Weapons/LowPoly/FreeSwords/Sword6/Sword6_Material_Blue.mat
  artifactKey: Guid(602e7e4cb7c849340a157ea612777f14) Importer(815301076,1909f56bfc062723c751e8b465ee728b)
Start importing Assets/Blink/Art/Weapons/LowPoly/FreeSwords/Sword6/Sword6_Material_Blue.mat using Guid(602e7e4cb7c849340a157ea612777f14) Importer(815301076,1909f56bfc062723c751e8b465ee728b)  -> (artifact id: 'ce458657899d06dcd9b6dbc28fc3b9fc') in 0.032421 seconds 
========================================================================
Received Import Request.
  Time since last request: 1.683831 seconds.
  path: Assets/Blink/Art/Weapons/LowPoly/FreeSwords/Sword14/Sword14_Material_Blue.mat
  artifactKey: Guid(97aa79b7a4e5e614baee4cd7894458b0) Importer(815301076,1909f56bfc062723c751e8b465ee728b)
Start importing Assets/Blink/Art/Weapons/LowPoly/FreeSwords/Sword14/Sword14_Material_Blue.mat using Guid(97aa79b7a4e5e614baee4cd7894458b0) Importer(815301076,1909f56bfc062723c751e8b465ee728b)  -> (artifact id: 'd2f3266d56bcd727b5686c08c343997f') in 0.052437 seconds 
========================================================================
Received Import Request.
  Time since last request: 0.000027 seconds.
  path: Assets/Blink/Art/Weapons/LowPoly/FreeSwords/Sword14/Sword14_Material_Yellow.mat
  artifactKey: Guid(7a0b40e7498a934419360ad8a890fc3d) Importer(815301076,1909f56bfc062723c751e8b465ee728b)
Start importing Assets/Blink/Art/Weapons/LowPoly/FreeSwords/Sword14/Sword14_Material_Yellow.mat using Guid(7a0b40e7498a934419360ad8a890fc3d) Importer(815301076,1909f56bfc062723c751e8b465ee728b)  -> (artifact id: '629b3e0ceb1c69cc52e0497ae4c28197') in 0.028469 seconds 
========================================================================
Received Import Request.
  Time since last request: 0.000027 seconds.
  path: Assets/Blink/Art/Weapons/LowPoly/FreeSwords/Sword15/Sword15_Material_Frost.mat
  artifactKey: Guid(80e001b428059e64984957ba855f8066) Importer(815301076,1909f56bfc062723c751e8b465ee728b)
Start importing Assets/Blink/Art/Weapons/LowPoly/FreeSwords/Sword15/Sword15_Material_Frost.mat using Guid(80e001b428059e64984957ba855f8066) Importer(815301076,1909f56bfc062723c751e8b465ee728b)  -> (artifact id: 'f937867ac7e7d39c189ea677ca02c335') in 0.027480 seconds 
========================================================================
Received Import Request.
  Time since last request: 0.000028 seconds.
  path: Assets/Blink/Art/Weapons/LowPoly/FreeSwords/Sword6/Sword6_FBX.fbx
  artifactKey: Guid(b614443038ba99640be88e740d27ec25) Importer(815301076,1909f56bfc062723c751e8b465ee728b)
Start importing Assets/Blink/Art/Weapons/LowPoly/FreeSwords/Sword6/Sword6_FBX.fbx using Guid(b614443038ba99640be88e740d27ec25) Importer(815301076,1909f56bfc062723c751e8b465ee728b)  -> (artifact id: '453eec96cd64e5719e475d74cf801ce1') in 0.029302 seconds 
========================================================================
Received Import Request.
  Time since last request: 75.529219 seconds.
  path: Assets/VRM_related/UniGLTF/Tests/UniGLTF/4x4_gray_import_as_linear.png
  artifactKey: Guid(fc1ba24d4a4141d4d9e9ae0a0d3ecd0a) Importer(815301076,1909f56bfc062723c751e8b465ee728b)
Start importing Assets/VRM_related/UniGLTF/Tests/UniGLTF/4x4_gray_import_as_linear.png using Guid(fc1ba24d4a4141d4d9e9ae0a0d3ecd0a) Importer(815301076,1909f56bfc062723c751e8b465ee728b)  -> (artifact id: 'd423ea29305da9b64e29422ce535e49c') in 0.053804 seconds 
========================================================================
Received Import Request.
  Time since last request: 0.000028 seconds.
  path: Assets/VRM_related/VRM/002/Girl001.Textures/_01.png
  artifactKey: Guid(a6a56d341375143458601a6d05caa937) Importer(815301076,1909f56bfc062723c751e8b465ee728b)
Start importing Assets/VRM_related/VRM/002/Girl001.Textures/_01.png using Guid(a6a56d341375143458601a6d05caa937) Importer(815301076,1909f56bfc062723c751e8b465ee728b)  -> (artifact id: 'ffc1e7e0be2595aecaa585922b648dd1') in 0.013945 seconds 
========================================================================
Received Import Request.
  Time since last request: 0.000029 seconds.
  path: Assets/VRM_related/VRMShaders/GLTF/IO/Tests/4x4_non_readable.png
  artifactKey: Guid(82e462ede66d6d0488b5be50747cbad9) Importer(815301076,1909f56bfc062723c751e8b465ee728b)
Start importing Assets/VRM_related/VRMShaders/GLTF/IO/Tests/4x4_non_readable.png using Guid(82e462ede66d6d0488b5be50747cbad9) Importer(815301076,1909f56bfc062723c751e8b465ee728b)  -> (artifact id: 'b2812c3870a8f3d1db5ef16e7d977c48') in 0.014047 seconds 
========================================================================
Received Import Request.
  Time since last request: 0.000046 seconds.
  path: Assets/VRM_related/VRMShaders/GLTF/IO/Tests/4x4_non_readable_compressed.DDS
  artifactKey: Guid(e1e26504b87027940bfbd21ea1327ff6) Importer(815301076,1909f56bfc062723c751e8b465ee728b)
Start importing Assets/VRM_related/VRMShaders/GLTF/IO/Tests/4x4_non_readable_compressed.DDS using Guid(e1e26504b87027940bfbd21ea1327ff6) Importer(815301076,1909f56bfc062723c751e8b465ee728b)  -> (artifact id: 'aa4104f16d5a6d1cc86f9e02c5c6ae6d') in 0.016613 seconds 
========================================================================
Received Import Request.
  Time since last request: 975.651162 seconds.
  path: Assets/Blink/Art/Weapons/LowPoly/FreeSwords/Sword5/Sword5_Material_Blue.mat
  artifactKey: Guid(8f16b6367f3f3e145971c36ba0e2ae5c) Importer(815301076,1909f56bfc062723c751e8b465ee728b)
Start importing Assets/Blink/Art/Weapons/LowPoly/FreeSwords/Sword5/Sword5_Material_Blue.mat using Guid(8f16b6367f3f3e145971c36ba0e2ae5c) Importer(815301076,1909f56bfc062723c751e8b465ee728b)  -> (artifact id: '2033b16da0037387c7cc68734c7d8c14') in 0.029304 seconds 
========================================================================
Received Import Request.
  Time since last request: 0.000027 seconds.
  path: Assets/Blink/Art/Weapons/LowPoly/FreeSwords/Sword5/Sword5_Material_Yellow.mat
  artifactKey: Guid(76faf25298597ac4f85cf3a33d6304da) Importer(815301076,1909f56bfc062723c751e8b465ee728b)
Start importing Assets/Blink/Art/Weapons/LowPoly/FreeSwords/Sword5/Sword5_Material_Yellow.mat using Guid(76faf25298597ac4f85cf3a33d6304da) Importer(815301076,1909f56bfc062723c751e8b465ee728b)  -> (artifact id: '815f187af61c74a712ebc9d236f05752') in 0.026997 seconds 
========================================================================
Received Prepare
Registering precompiled user dll's ...
Registered in 0.013097 seconds.
Begin MonoManager ReloadAssembly
Symbol file LoadedFromMemory doesn't match image C:\Users\shiro\Desktop\UnityGames\so-ra-game\3DAction\Library\PackageCache\com.unity.visualscripting@1.7.8\Editor\VisualScripting.Core\Dependencies\YamlDotNet\Unity.VisualScripting.YamlDotNet.dll
Symbol file LoadedFromMemory doesn't match image C:\Users\shiro\Desktop\UnityGames\so-ra-game\3DAction\Library\PackageCache\com.unity.visualscripting@1.7.8\Editor\VisualScripting.Core\Dependencies\DotNetZip\Unity.VisualScripting.IonicZip.dll
Native extension for WindowsStandalone target not found
Native extension for WebGL target not found
Refreshing native plugins compatible for Editor in 1.20 ms, found 4 plugins.
Preloading 0 native plugins for Editor in 0.00 ms.
Mono: successfully reloaded assembly
- Completed reload, in  1.499 seconds
Domain Reload Profiling:
	ReloadAssembly (1500ms)
		BeginReloadAssembly (164ms)
			ExecutionOrderSort (0ms)
			DisableScriptedObjects (7ms)
			BackupInstance (0ms)
			ReleaseScriptingObjects (0ms)
			CreateAndSetChildDomain (61ms)
		EndReloadAssembly (1228ms)
			LoadAssemblies (135ms)
			RebuildTransferFunctionScriptingTraits (0ms)
			SetupTypeCache (316ms)
			ReleaseScriptCaches (2ms)
			RebuildScriptCaches (53ms)
			SetupLoadedEditorAssemblies (639ms)
				LogAssemblyErrors (0ms)
				InitializePlatformSupportModulesInManaged (15ms)
				SetLoadedEditorAssemblies (0ms)
				RefreshPlugins (1ms)
				BeforeProcessingInitializeOnLoad (164ms)
				ProcessInitializeOnLoadAttributes (329ms)
				ProcessInitializeOnLoadMethodAttributes (123ms)
				AfterProcessingInitializeOnLoad (5ms)
				EditorAssembliesLoaded (0ms)
			ExecutionOrderSort2 (0ms)
			AwakeInstancesAfterBackupRestoration (22ms)
Platform modules already initialized, skipping
Refreshing native plugins compatible for Editor in 3.51 ms, found 4 plugins.
Preloading 0 native plugins for Editor in 0.00 ms.
Unloading 6463 Unused Serialized files (Serialized files now loaded: 0)
Unloading 73 unused Assets / (11.9 MB). Loaded Objects now: 7192.
Memory consumption went from 281.7 MB to 269.8 MB.
Total: 9.542300 ms (FindLiveObjects: 0.567900 ms CreateObjectMapping: 0.607700 ms MarkObjects: 2.970700 ms  DeleteObjects: 5.395000 ms)

AssetImportParameters requested are different than current active one (requested -> active):
  custom:video-decoder-ogg-theora: a1e56fd34408186e4bbccfd4996cb3dc -> 
  custom:container-muxer-webm: aa71ff27fc2769a1b78a27578f13a17b -> 
  custom:container-demuxer-webm: 4f35f7cbe854078d1ac9338744f61a02 -> 
  custom:video-encoder-webm-vp8: eb34c28f22e8b96e1ab97ce403110664 -> 
  custom:audio-encoder-webm-vorbis: bf7c407c2cedff20999df2af8eb42d56 -> 
  custom:framework-win-MediaFoundation: 216162199b28c13a410421893ffa2e32 -> 
  custom:container-demuxer-ogg: 62fdf1f143b41e24485cea50d1cbac27 -> 
  custom:video-decoder-webm-vp8: 9c59270c3fd7afecdb556c50c9e8de78 -> 
  custom:audio-decoder-ogg-vorbis: bf7c407c2cedff20999df2af8eb42d56 -> 
========================================================================
Received Prepare
Registering precompiled user dll's ...
Registered in 0.011371 seconds.
Begin MonoManager ReloadAssembly
Symbol file LoadedFromMemory doesn't match image C:\Users\shiro\Desktop\UnityGames\so-ra-game\3DAction\Library\PackageCache\com.unity.visualscripting@1.7.8\Editor\VisualScripting.Core\Dependencies\YamlDotNet\Unity.VisualScripting.YamlDotNet.dll
Symbol file LoadedFromMemory doesn't match image C:\Users\shiro\Desktop\UnityGames\so-ra-game\3DAction\Library\PackageCache\com.unity.visualscripting@1.7.8\Editor\VisualScripting.Core\Dependencies\DotNetZip\Unity.VisualScripting.IonicZip.dll
Native extension for WindowsStandalone target not found
Native extension for WebGL target not found
Refreshing native plugins compatible for Editor in 1.25 ms, found 4 plugins.
Preloading 0 native plugins for Editor in 0.00 ms.
Mono: successfully reloaded assembly
- Completed reload, in  1.415 seconds
Domain Reload Profiling:
	ReloadAssembly (1416ms)
		BeginReloadAssembly (138ms)
			ExecutionOrderSort (0ms)
			DisableScriptedObjects (5ms)
			BackupInstance (0ms)
			ReleaseScriptingObjects (0ms)
			CreateAndSetChildDomain (44ms)
		EndReloadAssembly (1179ms)
			LoadAssemblies (123ms)
			RebuildTransferFunctionScriptingTraits (0ms)
			SetupTypeCache (309ms)
			ReleaseScriptCaches (2ms)
			RebuildScriptCaches (60ms)
			SetupLoadedEditorAssemblies (599ms)
				LogAssemblyErrors (0ms)
				InitializePlatformSupportModulesInManaged (13ms)
				SetLoadedEditorAssemblies (1ms)
				RefreshPlugins (1ms)
				BeforeProcessingInitializeOnLoad (167ms)
				ProcessInitializeOnLoadAttributes (292ms)
				ProcessInitializeOnLoadMethodAttributes (119ms)
				AfterProcessingInitializeOnLoad (5ms)
				EditorAssembliesLoaded (0ms)
			ExecutionOrderSort2 (0ms)
			AwakeInstancesAfterBackupRestoration (16ms)
Platform modules already initialized, skipping
Refreshing native plugins compatible for Editor in 3.67 ms, found 4 plugins.
Preloading 0 native plugins for Editor in 0.00 ms.
Unloading 6463 Unused Serialized files (Serialized files now loaded: 0)
Unloading 73 unused Assets / (11.8 MB). Loaded Objects now: 7207.
Memory consumption went from 281.6 MB to 269.8 MB.
Total: 9.560000 ms (FindLiveObjects: 0.520000 ms CreateObjectMapping: 0.493100 ms MarkObjects: 3.192000 ms  DeleteObjects: 5.353900 ms)

AssetImportParameters requested are different than current active one (requested -> active):
  custom:video-decoder-ogg-theora: a1e56fd34408186e4bbccfd4996cb3dc -> 
  custom:container-muxer-webm: aa71ff27fc2769a1b78a27578f13a17b -> 
  custom:container-demuxer-webm: 4f35f7cbe854078d1ac9338744f61a02 -> 
  custom:video-encoder-webm-vp8: eb34c28f22e8b96e1ab97ce403110664 -> 
  custom:audio-encoder-webm-vorbis: bf7c407c2cedff20999df2af8eb42d56 -> 
  custom:framework-win-MediaFoundation: 216162199b28c13a410421893ffa2e32 -> 
  custom:container-demuxer-ogg: 62fdf1f143b41e24485cea50d1cbac27 -> 
  custom:video-decoder-webm-vp8: 9c59270c3fd7afecdb556c50c9e8de78 -> 
  custom:audio-decoder-ogg-vorbis: bf7c407c2cedff20999df2af8eb42d56 -> 
========================================================================
Received Prepare
Registering precompiled user dll's ...
Registered in 0.009546 seconds.
Begin MonoManager ReloadAssembly
Symbol file LoadedFromMemory doesn't match image C:\Users\shiro\Desktop\UnityGames\so-ra-game\3DAction\Library\PackageCache\com.unity.visualscripting@1.7.8\Editor\VisualScripting.Core\Dependencies\YamlDotNet\Unity.VisualScripting.YamlDotNet.dll
Symbol file LoadedFromMemory doesn't match image C:\Users\shiro\Desktop\UnityGames\so-ra-game\3DAction\Library\PackageCache\com.unity.visualscripting@1.7.8\Editor\VisualScripting.Core\Dependencies\DotNetZip\Unity.VisualScripting.IonicZip.dll
Native extension for WindowsStandalone target not found
Native extension for WebGL target not found
Refreshing native plugins compatible for Editor in 1.77 ms, found 4 plugins.
Preloading 0 native plugins for Editor in 0.00 ms.
System.Reflection.TargetInvocationException: Exception has been thrown by the target of an invocation. ---> System.IO.IOException: Sharing violation on path C:\Users\shiro\Desktop\UnityGames\so-ra-game\3DAction\Assets\VRM_related\lilToon\Editor\CurrentRP.txt
  at System.IO.FileStream..ctor (System.String path, System.IO.FileMode mode, System.IO.FileAccess access, System.IO.FileShare share, System.Int32 bufferSize, System.Boolean anonymous, System.IO.FileOptions options) [0x0019e] in <9aad1b3a47484d63ba2b3985692d80e9>:0 
  at System.IO.FileStream..ctor (System.String path, System.IO.FileMode mode, System.IO.FileAccess access, System.IO.FileShare share, System.Int32 bufferSize, System.IO.FileOptions options) [0x00000] in <9aad1b3a47484d63ba2b3985692d80e9>:0 
  at (wrapper remoting-invoke-with-check) System.IO.FileStream..ctor(string,System.IO.FileMode,System.IO.FileAccess,System.IO.FileShare,int,System.IO.FileOptions)
  at System.IO.StreamReader..ctor (System.String path, System.Text.Encoding encoding, System.Boolean detectEncodingFromByteOrderMarks, System.Int32 bufferSize) [0x00055] in <9aad1b3a47484d63ba2b3985692d80e9>:0 
  at System.IO.StreamReader..ctor (System.String path, System.Boolean detectEncodingFromByteOrderMarks) [0x00007] in <9aad1b3a47484d63ba2b3985692d80e9>:0 
  at System.IO.StreamReader..ctor (System.String path) [0x00000] in <9aad1b3a47484d63ba2b3985692d80e9>:0 
  at (wrapper remoting-invoke-with-check) System.IO.StreamReader..ctor(string)
  at lilToon.lilStartup.lilStartupMethod () [0x00054] in C:\Users\shiro\Desktop\UnityGames\so-ra-game\3DAction\Assets\VRM_related\lilToon\Editor\lilStartup.cs:72 
  at (wrapper managed-to-native) System.Reflection.RuntimeMethodInfo.InternalInvoke(System.Reflection.RuntimeMethodInfo,object,object[],System.Exception&)
  at System.Reflection.RuntimeMethodInfo.Invoke (System.Object obj, System.Reflection.BindingFlags invokeAttr, System.Reflection.Binder binder, System.Object[] parameters, System.Globalization.CultureInfo culture) [0x0006a] in <9aad1b3a47484d63ba2b3985692d80e9>:0 
   --- End of inner exception stack trace ---
  at System.Reflection.RuntimeMethodInfo.Invoke (System.Object obj, System.Reflection.BindingFlags invokeAttr, System.Reflection.Binder binder, System.Object[] parameters, System.Globalization.CultureInfo culture) [0x00083] in <9aad1b3a47484d63ba2b3985692d80e9>:0 
  at System.Reflection.MethodBase.Invoke (System.Object obj, System.Object[] parameters) [0x00000] in <9aad1b3a47484d63ba2b3985692d80e9>:0 
  at UnityEditor.EditorAssemblies.ProcessInitializeOnLoadMethodAttributes () [0x000a5] in <4e64905d831f4883a53259ef37fb023b>:0 
UnityEngine.StackTraceUtility:ExtractStackTrace ()
UnityEngine.DebugLogHandler:LogFormat (UnityEngine.LogType,UnityEngine.Object,string,object[])
UnityEngine.Logger:Log (UnityEngine.LogType,object)
UnityEngine.Debug:LogError (object)
UnityEditor.EditorAssemblies:ProcessInitializeOnLoadMethodAttributes ()

Mono: successfully reloaded assembly
- Completed reload, in  1.438 seconds
Domain Reload Profiling:
	ReloadAssembly (1438ms)
		BeginReloadAssembly (127ms)
			ExecutionOrderSort (0ms)
			DisableScriptedObjects (4ms)
			BackupInstance (0ms)
			ReleaseScriptingObjects (0ms)
			CreateAndSetChildDomain (41ms)
		EndReloadAssembly (1211ms)
			LoadAssemblies (125ms)
			RebuildTransferFunctionScriptingTraits (0ms)
			SetupTypeCache (310ms)
			ReleaseScriptCaches (3ms)
			RebuildScriptCaches (55ms)
			SetupLoadedEditorAssemblies (624ms)
				LogAssemblyErrors (0ms)
				InitializePlatformSupportModulesInManaged (16ms)
				SetLoadedEditorAssemblies (1ms)
				RefreshPlugins (2ms)
				BeforeProcessingInitializeOnLoad (175ms)
				ProcessInitializeOnLoadAttributes (300ms)
				ProcessInitializeOnLoadMethodAttributes (125ms)
				AfterProcessingInitializeOnLoad (5ms)
				EditorAssembliesLoaded (0ms)
			ExecutionOrderSort2 (0ms)
			AwakeInstancesAfterBackupRestoration (18ms)
Platform modules already initialized, skipping
Refreshing native plugins compatible for Editor in 5.02 ms, found 4 plugins.
Preloading 0 native plugins for Editor in 0.00 ms.
Unloading 6463 Unused Serialized files (Serialized files now loaded: 0)
Unloading 73 unused Assets / (12.0 MB). Loaded Objects now: 7222.
Memory consumption went from 281.9 MB to 270.0 MB.
Total: 13.955300 ms (FindLiveObjects: 0.635900 ms CreateObjectMapping: 0.785800 ms MarkObjects: 4.993100 ms  DeleteObjects: 7.539500 ms)

AssetImportParameters requested are different than current active one (requested -> active):
  custom:video-decoder-ogg-theora: a1e56fd34408186e4bbccfd4996cb3dc -> 
  custom:container-muxer-webm: aa71ff27fc2769a1b78a27578f13a17b -> 
  custom:container-demuxer-webm: 4f35f7cbe854078d1ac9338744f61a02 -> 
  custom:video-encoder-webm-vp8: eb34c28f22e8b96e1ab97ce403110664 -> 
  custom:audio-encoder-webm-vorbis: bf7c407c2cedff20999df2af8eb42d56 -> 
  custom:framework-win-MediaFoundation: 216162199b28c13a410421893ffa2e32 -> 
  custom:container-demuxer-ogg: 62fdf1f143b41e24485cea50d1cbac27 -> 
  custom:video-decoder-webm-vp8: 9c59270c3fd7afecdb556c50c9e8de78 -> 
  custom:audio-decoder-ogg-vorbis: bf7c407c2cedff20999df2af8eb42d56 -> 
========================================================================
Received Import Request.
  Time since last request: 329.949270 seconds.
  path: Assets/StarterAssets/ThirdPersonController/Character/Animations/StarterAssetsThirdPerson.controller
  artifactKey: Guid(40db3173a05ae3242b1c182a09b0a183) Importer(815301076,1909f56bfc062723c751e8b465ee728b)
Start importing Assets/StarterAssets/ThirdPersonController/Character/Animations/StarterAssetsThirdPerson.controller using Guid(40db3173a05ae3242b1c182a09b0a183) Importer(815301076,1909f56bfc062723c751e8b465ee728b)  -> (artifact id: 'ba460022eee2a1904de33a7ecaffe572') in 0.044694 seconds 
========================================================================
Received Import Request.
  Time since last request: 148.638736 seconds.
  path: Assets/ExplosiveLLC/RPG Character Mecanim Animation Pack FREE/InputSystem - Requires InputSystem Package.unitypackage
  artifactKey: Guid(c403e012e1a4f6b43b48609b3cca6a12) Importer(815301076,1909f56bfc062723c751e8b465ee728b)
Start importing Assets/ExplosiveLLC/RPG Character Mecanim Animation Pack FREE/InputSystem - Requires InputSystem Package.unitypackage using Guid(c403e012e1a4f6b43b48609b3cca6a12) Importer(815301076,1909f56bfc062723c751e8b465ee728b)  -> (artifact id: 'dab5ea9a5f750377b8dc4e35d0a39265') in 0.007971 seconds 
========================================================================
Received Import Request.
  Time since last request: 224.098377 seconds.
  path: Assets/Blink/Art/Weapons/LowPoly/FreeSwords/Sword1/Textures/Sword1_Albedo_Bronze.png
  artifactKey: Guid(22f89556adfcc3f45a131e6be1a00e7d) Importer(815301076,1909f56bfc062723c751e8b465ee728b)
Start importing Assets/Blink/Art/Weapons/LowPoly/FreeSwords/Sword1/Textures/Sword1_Albedo_Bronze.png using Guid(22f89556adfcc3f45a131e6be1a00e7d) Importer(815301076,1909f56bfc062723c751e8b465ee728b)  -> (artifact id: 'f2382a6927bf50140209095dc1c7c848') in 0.071885 seconds 
========================================================================
Received Import Request.
  Time since last request: 0.000025 seconds.
  path: Assets/Blink/Art/Weapons/LowPoly/FreeSwords/Sword1/Textures/Sword1_Normal.png
  artifactKey: Guid(5d01f13eac8a104448615e61e2f19711) Importer(815301076,1909f56bfc062723c751e8b465ee728b)
Start importing Assets/Blink/Art/Weapons/LowPoly/FreeSwords/Sword1/Textures/Sword1_Normal.png using Guid(5d01f13eac8a104448615e61e2f19711) Importer(815301076,1909f56bfc062723c751e8b465ee728b)  -> (artifact id: '82f6938ce8a9c5fdfc13c49a515b92cd') in 0.063683 seconds 
========================================================================
Received Import Request.
  Time since last request: 0.000022 seconds.
  path: Assets/Blink/Art/Weapons/LowPoly/FreeSwords/Sword1/Textures/Sword1_Emission.png
  artifactKey: Guid(e6aa6524c0c2d5b4bbc4535009532562) Importer(815301076,1909f56bfc062723c751e8b465ee728b)
Start importing Assets/Blink/Art/Weapons/LowPoly/FreeSwords/Sword1/Textures/Sword1_Emission.png using Guid(e6aa6524c0c2d5b4bbc4535009532562) Importer(815301076,1909f56bfc062723c751e8b465ee728b)  -> (artifact id: 'f273a74ec9e54cea0f8973255e62f994') in 0.013162 seconds 
========================================================================
Received Import Request.
  Time since last request: 15.955084 seconds.
  path: Assets/ExplosiveLLC/RPG Character Mecanim Animation Pack FREE/Animations/2Hand-Sword/RPG-Character@2Hand-Sword-Attack1.FBX
  artifactKey: Guid(dce280ced5e006c4cb0eb0fab2f51b75) Importer(815301076,1909f56bfc062723c751e8b465ee728b)
Start importing Assets/ExplosiveLLC/RPG Character Mecanim Animation Pack FREE/Animations/2Hand-Sword/RPG-Character@2Hand-Sword-Attack1.FBX using Guid(dce280ced5e006c4cb0eb0fab2f51b75) Importer(815301076,1909f56bfc062723c751e8b465ee728b)  -> (artifact id: '5a96e5eccab370e518535408a9dd997b') in 0.053879 seconds 
========================================================================
Received Import Request.
  Time since last request: 0.000023 seconds.
  path: Assets/ExplosiveLLC/RPG Character Mecanim Animation Pack FREE/Animations/2Hand-Sword/RPG-Character@2Hand-Sword-Run-Backward-Right.FBX
  artifactKey: Guid(d65ec2c9f53fdc64b96afdffc672db1b) Importer(815301076,1909f56bfc062723c751e8b465ee728b)
Start importing Assets/ExplosiveLLC/RPG Character Mecanim Animation Pack FREE/Animations/2Hand-Sword/RPG-Character@2Hand-Sword-Run-Backward-Right.FBX using Guid(d65ec2c9f53fdc64b96afdffc672db1b) Importer(815301076,1909f56bfc062723c751e8b465ee728b)  -> (artifact id: 'cbca732d0905e53fcb4fbef091d88cce') in 0.016912 seconds 
========================================================================
Received Import Request.
  Time since last request: 0.000023 seconds.
  path: Assets/ExplosiveLLC/RPG Character Mecanim Animation Pack FREE/Animations/2Hand-Sword/RPG-Character@2Hand-Sword-Getup1.FBX
  artifactKey: Guid(d63c8b6f3173d5e4f94e4df99263a5bf) Importer(815301076,1909f56bfc062723c751e8b465ee728b)
Start importing Assets/ExplosiveLLC/RPG Character Mecanim Animation Pack FREE/Animations/2Hand-Sword/RPG-Character@2Hand-Sword-Getup1.FBX using Guid(d63c8b6f3173d5e4f94e4df99263a5bf) Importer(815301076,1909f56bfc062723c751e8b465ee728b)  -> (artifact id: '8619dd5f304c34ff6b0f3f8c866c0624') in 0.016733 seconds 
========================================================================
Received Import Request.
  Time since last request: 0.000025 seconds.
  path: Assets/ExplosiveLLC/RPG Character Mecanim Animation Pack FREE/Animations/2Hand-Sword/RPG-Character@2Hand-Sword-Idle.FBX
  artifactKey: Guid(8370b4128ccb08c4a8944d3f0d66cebc) Importer(815301076,1909f56bfc062723c751e8b465ee728b)
Start importing Assets/ExplosiveLLC/RPG Character Mecanim Animation Pack FREE/Animations/2Hand-Sword/RPG-Character@2Hand-Sword-Idle.FBX using Guid(8370b4128ccb08c4a8944d3f0d66cebc) Importer(815301076,1909f56bfc062723c751e8b465ee728b)  -> (artifact id: '7ce9eea4b45bd3fc63b092a1194e44ad') in 0.017040 seconds 
========================================================================
Received Import Request.
  Time since last request: 0.000024 seconds.
  path: Assets/ExplosiveLLC/RPG Character Mecanim Animation Pack FREE/Animations/2Hand-Sword/RPG-Character@2Hand-Sword-Run-Left.FBX
  artifactKey: Guid(1be3ff3375b4baa4a96dee49e98c944d) Importer(815301076,1909f56bfc062723c751e8b465ee728b)
Start importing Assets/ExplosiveLLC/RPG Character Mecanim Animation Pack FREE/Animations/2Hand-Sword/RPG-Character@2Hand-Sword-Run-Left.FBX using Guid(1be3ff3375b4baa4a96dee49e98c944d) Importer(815301076,1909f56bfc062723c751e8b465ee728b)  -> (artifact id: 'd6a2a1d85d8b4672a0182e507aba3756') in 0.016571 seconds 
========================================================================
Received Import Request.
  Time since last request: 0.000037 seconds.
  path: Assets/ExplosiveLLC/RPG Character Mecanim Animation Pack FREE/Animations/2Hand-Sword/RPG-Character@2Hand-Sword-Knockback-Back2.FBX
  artifactKey: Guid(d66336446112a1942a204cd1780bc422) Importer(815301076,1909f56bfc062723c751e8b465ee728b)
Start importing Assets/ExplosiveLLC/RPG Character Mecanim Animation Pack FREE/Animations/2Hand-Sword/RPG-Character@2Hand-Sword-Knockback-Back2.FBX using Guid(d66336446112a1942a204cd1780bc422) Importer(815301076,1909f56bfc062723c751e8b465ee728b)  -> (artifact id: 'f707c7420ca1b68c99c41d822cf0776d') in 0.017572 seconds 
========================================================================
Received Import Request.
  Time since last request: 0.000031 seconds.
  path: Assets/ExplosiveLLC/RPG Character Mecanim Animation Pack FREE/Animations/2Hand-Sword/RPG-Character@2Hand-Sword-DiveRoll-Forward1.max.FBX
  artifactKey: Guid(6c53184d9a4fe38429cf4aac4a3979d2) Importer(815301076,1909f56bfc062723c751e8b465ee728b)
Start importing Assets/ExplosiveLLC/RPG Character Mecanim Animation Pack FREE/Animations/2Hand-Sword/RPG-Character@2Hand-Sword-DiveRoll-Forward1.max.FBX using Guid(6c53184d9a4fe38429cf4aac4a3979d2) Importer(815301076,1909f56bfc062723c751e8b465ee728b)  -> (artifact id: '94449456a5b800e9877d57822946fa03') in 0.016111 seconds 
========================================================================
Received Import Request.
  Time since last request: 0.000017 seconds.
  path: Assets/ExplosiveLLC/RPG Character Mecanim Animation Pack FREE/Animations/2Hand-Sword/RPG-Character@2Hand-Sword-Run-Forward-Left.FBX
  artifactKey: Guid(32957294cfc93ef4e884f97be3cfcc5c) Importer(815301076,1909f56bfc062723c751e8b465ee728b)
Start importing Assets/ExplosiveLLC/RPG Character Mecanim Animation Pack FREE/Animations/2Hand-Sword/RPG-Character@2Hand-Sword-Run-Forward-Left.FBX using Guid(32957294cfc93ef4e884f97be3cfcc5c) Importer(815301076,1909f56bfc062723c751e8b465ee728b)  -> (artifact id: 'c84d223783183b17ad6326b3a5489c7d') in 0.016130 seconds 
========================================================================
Received Import Request.
  Time since last request: 0.000032 seconds.
  path: Assets/ExplosiveLLC/RPG Character Mecanim Animation Pack FREE/Animations/2Hand-Sword/RPG-Character@2Hand-Sword-Attack11.FBX
  artifactKey: Guid(807a4f9cdadaafe4491d43653dfab0c0) Importer(815301076,1909f56bfc062723c751e8b465ee728b)
Start importing Assets/ExplosiveLLC/RPG Character Mecanim Animation Pack FREE/Animations/2Hand-Sword/RPG-Character@2Hand-Sword-Attack11.FBX using Guid(807a4f9cdadaafe4491d43653dfab0c0) Importer(815301076,1909f56bfc062723c751e8b465ee728b)  -> (artifact id: '9f4082b607ed8f778b5fb70e43328719') in 0.015954 seconds 
========================================================================
Received Import Request.
  Time since last request: 0.000025 seconds.
  path: Assets/ExplosiveLLC/RPG Character Mecanim Animation Pack FREE/Animations/2Hand-Sword/RPG-Character@2Hand-Sword-Run-Forward-Attack1.FBX
  artifactKey: Guid(322adb187b75a0848857a892aacf048c) Importer(815301076,1909f56bfc062723c751e8b465ee728b)
Start importing Assets/ExplosiveLLC/RPG Character Mecanim Animation Pack FREE/Animations/2Hand-Sword/RPG-Character@2Hand-Sword-Run-Forward-Attack1.FBX using Guid(322adb187b75a0848857a892aacf048c) Importer(815301076,1909f56bfc062723c751e8b465ee728b)  -> (artifact id: '785e5470e055b6e2dddcdf4c99eb6c5a') in 0.016772 seconds 
========================================================================
Received Import Request.
  Time since last request: 0.000026 seconds.
  path: Assets/ExplosiveLLC/RPG Character Mecanim Animation Pack FREE/Animations/2Hand-Sword/RPG-Character@2Hand-Sword-GetHit-B1.FBX
  artifactKey: Guid(c4a6316ca6c9fdc46bb89081e20406a0) Importer(815301076,1909f56bfc062723c751e8b465ee728b)
Start importing Assets/ExplosiveLLC/RPG Character Mecanim Animation Pack FREE/Animations/2Hand-Sword/RPG-Character@2Hand-Sword-GetHit-B1.FBX using Guid(c4a6316ca6c9fdc46bb89081e20406a0) Importer(815301076,1909f56bfc062723c751e8b465ee728b)  -> (artifact id: '1a2999d2cf095ec38442845ac1a2eed1') in 0.015534 seconds 
========================================================================
Received Import Request.
  Time since last request: 0.000020 seconds.
  path: Assets/ExplosiveLLC/RPG Character Mecanim Animation Pack FREE/Animations/2Hand-Sword/RPG-Character@2Hand-Sword-Attack9.FBX
  artifactKey: Guid(06e24acb759a2ac4c965d56b0101f8ba) Importer(815301076,1909f56bfc062723c751e8b465ee728b)
Start importing Assets/ExplosiveLLC/RPG Character Mecanim Animation Pack FREE/Animations/2Hand-Sword/RPG-Character@2Hand-Sword-Attack9.FBX using Guid(06e24acb759a2ac4c965d56b0101f8ba) Importer(815301076,1909f56bfc062723c751e8b465ee728b)  -> (artifact id: 'c22817048895574ed8db11c8430588ea') in 0.015270 seconds 
========================================================================
Received Import Request.
  Time since last request: 0.000027 seconds.
  path: Assets/ExplosiveLLC/RPG Character Mecanim Animation Pack FREE/Animations/2Hand-Sword/RPG-Character@2Hand-Sword-GetHit-R1.FBX
  artifactKey: Guid(f8f52c7095ad58f4493880a61c998ea1) Importer(815301076,1909f56bfc062723c751e8b465ee728b)
Start importing Assets/ExplosiveLLC/RPG Character Mecanim Animation Pack FREE/Animations/2Hand-Sword/RPG-Character@2Hand-Sword-GetHit-R1.FBX using Guid(f8f52c7095ad58f4493880a61c998ea1) Importer(815301076,1909f56bfc062723c751e8b465ee728b)  -> (artifact id: 'e03e913021939fbb0c7ebe176eb49693') in 0.016584 seconds 
========================================================================
Received Import Request.
  Time since last request: 0.000020 seconds.
  path: Assets/ExplosiveLLC/RPG Character Mecanim Animation Pack FREE/Animations/2Hand-Sword/RPG-Character@2Hand-Sword-Run-Forward-Right.FBX
  artifactKey: Guid(37c07d628323ea840be5e1121cfad228) Importer(815301076,1909f56bfc062723c751e8b465ee728b)
Start importing Assets/ExplosiveLLC/RPG Character Mecanim Animation Pack FREE/Animations/2Hand-Sword/RPG-Character@2Hand-Sword-Run-Forward-Right.FBX using Guid(37c07d628323ea840be5e1121cfad228) Importer(815301076,1909f56bfc062723c751e8b465ee728b)  -> (artifact id: '5b827b840ba60662509d69c633ba4d61') in 0.015340 seconds 
========================================================================
Received Import Request.
  Time since last request: 0.000029 seconds.
  path: Assets/ExplosiveLLC/RPG Character Mecanim Animation Pack FREE/Animations/2Hand-Sword/RPG-Character@2Hand-Sword-Fall.FBX
  artifactKey: Guid(af325fd4fbf92f0458ca548353bddf90) Importer(815301076,1909f56bfc062723c751e8b465ee728b)
Start importing Assets/ExplosiveLLC/RPG Character Mecanim Animation Pack FREE/Animations/2Hand-Sword/RPG-Character@2Hand-Sword-Fall.FBX using Guid(af325fd4fbf92f0458ca548353bddf90) Importer(815301076,1909f56bfc062723c751e8b465ee728b)  -> (artifact id: 'a9c60d269aa7af68a00a05f83c8b11b8') in 0.016970 seconds 
========================================================================
Received Import Request.
  Time since last request: 0.000025 seconds.
  path: Assets/ExplosiveLLC/RPG Character Mecanim Animation Pack FREE/Animations/2Hand-Sword/RPG-Character@2Hand-Sword-Attack10.FBX
  artifactKey: Guid(5354b4f390c868842b96d7c4c201bdf8) Importer(815301076,1909f56bfc062723c751e8b465ee728b)
Start importing Assets/ExplosiveLLC/RPG Character Mecanim Animation Pack FREE/Animations/2Hand-Sword/RPG-Character@2Hand-Sword-Attack10.FBX using Guid(5354b4f390c868842b96d7c4c201bdf8) Importer(815301076,1909f56bfc062723c751e8b465ee728b)  -> (artifact id: '248eaa70401db3d4d55a7455f566339d') in 0.015107 seconds 
========================================================================
Received Import Request.
  Time since last request: 0.000025 seconds.
  path: Assets/ExplosiveLLC/RPG Character Mecanim Animation Pack FREE/Animations/2Hand-Sword/RPG-Character@2Hand-Sword-Run-Backward.FBX
  artifactKey: Guid(925f58245af13ab4ca49dc43d12de4bd) Importer(815301076,1909f56bfc062723c751e8b465ee728b)
Start importing Assets/ExplosiveLLC/RPG Character Mecanim Animation Pack FREE/Animations/2Hand-Sword/RPG-Character@2Hand-Sword-Run-Backward.FBX using Guid(925f58245af13ab4ca49dc43d12de4bd) Importer(815301076,1909f56bfc062723c751e8b465ee728b)  -> (artifact id: 'd4c385d69108d3f75a5c590788857717') in 0.015415 seconds 
========================================================================
Received Import Request.
  Time since last request: 0.000025 seconds.
  path: Assets/ExplosiveLLC/RPG Character Mecanim Animation Pack FREE/Animations/2Hand-Sword/RPG-Character@2Hand-Sword-Run-Backward-Left.FBX
  artifactKey: Guid(f236bd11eedda7b4a94f6e8159190ba7) Importer(815301076,1909f56bfc062723c751e8b465ee728b)
Start importing Assets/ExplosiveLLC/RPG Character Mecanim Animation Pack FREE/Animations/2Hand-Sword/RPG-Character@2Hand-Sword-Run-Backward-Left.FBX using Guid(f236bd11eedda7b4a94f6e8159190ba7) Importer(815301076,1909f56bfc062723c751e8b465ee728b)  -> (artifact id: '3b61f60c6470b60a2391b5c612c8ca12') in 0.016247 seconds 
========================================================================
Received Import Request.
  Time since last request: 57.540490 seconds.
  path: Assets/StarterAssets/ThirdPersonController/Character/Animations/StarterAssetsThirdPerson.controller
  artifactKey: Guid(40db3173a05ae3242b1c182a09b0a183) Importer(815301076,1909f56bfc062723c751e8b465ee728b)
Start importing Assets/StarterAssets/ThirdPersonController/Character/Animations/StarterAssetsThirdPerson.controller using Guid(40db3173a05ae3242b1c182a09b0a183) Importer(815301076,1909f56bfc062723c751e8b465ee728b)  -> (artifact id: '6feb1a58a4dff6d653c9921bb93f7b8f') in 0.013674 seconds 
========================================================================
Received Prepare
Registering precompiled user dll's ...
Registered in 0.012106 seconds.
Begin MonoManager ReloadAssembly
Symbol file LoadedFromMemory doesn't match image C:\Users\shiro\Desktop\UnityGames\so-ra-game\3DAction\Library\PackageCache\com.unity.visualscripting@1.7.8\Editor\VisualScripting.Core\Dependencies\YamlDotNet\Unity.VisualScripting.YamlDotNet.dll
Symbol file LoadedFromMemory doesn't match image C:\Users\shiro\Desktop\UnityGames\so-ra-game\3DAction\Library\PackageCache\com.unity.visualscripting@1.7.8\Editor\VisualScripting.Core\Dependencies\DotNetZip\Unity.VisualScripting.IonicZip.dll
Native extension for WindowsStandalone target not found
Native extension for WebGL target not found
Refreshing native plugins compatible for Editor in 1.35 ms, found 4 plugins.
Preloading 0 native plugins for Editor in 0.00 ms.
Mono: successfully reloaded assembly
- Completed reload, in  1.407 seconds
Domain Reload Profiling:
	ReloadAssembly (1408ms)
		BeginReloadAssembly (146ms)
			ExecutionOrderSort (0ms)
			DisableScriptedObjects (5ms)
			BackupInstance (0ms)
			ReleaseScriptingObjects (0ms)
			CreateAndSetChildDomain (45ms)
		EndReloadAssembly (1158ms)
			LoadAssemblies (132ms)
			RebuildTransferFunctionScriptingTraits (0ms)
			SetupTypeCache (301ms)
			ReleaseScriptCaches (2ms)
			RebuildScriptCaches (52ms)
			SetupLoadedEditorAssemblies (595ms)
				LogAssemblyErrors (0ms)
				InitializePlatformSupportModulesInManaged (13ms)
				SetLoadedEditorAssemblies (1ms)
				RefreshPlugins (1ms)
				BeforeProcessingInitializeOnLoad (163ms)
				ProcessInitializeOnLoadAttributes (290ms)
				ProcessInitializeOnLoadMethodAttributes (122ms)
				AfterProcessingInitializeOnLoad (5ms)
				EditorAssembliesLoaded (0ms)
			ExecutionOrderSort2 (0ms)
			AwakeInstancesAfterBackupRestoration (17ms)
Platform modules already initialized, skipping
Refreshing native plugins compatible for Editor in 3.37 ms, found 4 plugins.
Preloading 0 native plugins for Editor in 0.00 ms.
Unloading 6463 Unused Serialized files (Serialized files now loaded: 0)
Unloading 73 unused Assets / (11.9 MB). Loaded Objects now: 7240.
Memory consumption went from 282.8 MB to 270.8 MB.
Total: 9.748100 ms (FindLiveObjects: 0.509400 ms CreateObjectMapping: 0.483400 ms MarkObjects: 3.056200 ms  DeleteObjects: 5.697700 ms)

AssetImportParameters requested are different than current active one (requested -> active):
  custom:video-decoder-ogg-theora: a1e56fd34408186e4bbccfd4996cb3dc -> 
  custom:container-muxer-webm: aa71ff27fc2769a1b78a27578f13a17b -> 
  custom:container-demuxer-webm: 4f35f7cbe854078d1ac9338744f61a02 -> 
  custom:video-encoder-webm-vp8: eb34c28f22e8b96e1ab97ce403110664 -> 
  custom:audio-encoder-webm-vorbis: bf7c407c2cedff20999df2af8eb42d56 -> 
  custom:framework-win-MediaFoundation: 216162199b28c13a410421893ffa2e32 -> 
  custom:container-demuxer-ogg: 62fdf1f143b41e24485cea50d1cbac27 -> 
  custom:video-decoder-webm-vp8: 9c59270c3fd7afecdb556c50c9e8de78 -> 
  custom:audio-decoder-ogg-vorbis: bf7c407c2cedff20999df2af8eb42d56 -> 
========================================================================
Received Import Request.
  Time since last request: 131.882892 seconds.
  path: Assets/StarterAssets/ThirdPersonController/Character/Animations/StarterAssetsThirdPerson.controller
  artifactKey: Guid(40db3173a05ae3242b1c182a09b0a183) Importer(815301076,1909f56bfc062723c751e8b465ee728b)
Start importing Assets/StarterAssets/ThirdPersonController/Character/Animations/StarterAssetsThirdPerson.controller using Guid(40db3173a05ae3242b1c182a09b0a183) Importer(815301076,1909f56bfc062723c751e8b465ee728b)  -> (artifact id: '0c7bb1123c6b006b4b44cb1c23b46321') in 0.046511 seconds 
========================================================================
Received Import Request.
  Time since last request: 248.252560 seconds.
  path: Assets/ExplosiveLLC/RPG Character Mecanim Animation Pack FREE/Animations/2Hand-Sword/RPG-Character@2Hand-Sword-Attack1.FBX
  artifactKey: Guid(dce280ced5e006c4cb0eb0fab2f51b75) Importer(815301076,1909f56bfc062723c751e8b465ee728b)
Start importing Assets/ExplosiveLLC/RPG Character Mecanim Animation Pack FREE/Animations/2Hand-Sword/RPG-Character@2Hand-Sword-Attack1.FBX using Guid(dce280ced5e006c4cb0eb0fab2f51b75) Importer(815301076,1909f56bfc062723c751e8b465ee728b)  -> (artifact id: '0aa64a2afea4aaeb6b140604d27ed9b7') in 0.029886 seconds 
========================================================================
Received Prepare
Registering precompiled user dll's ...
Registered in 0.011357 seconds.
Begin MonoManager ReloadAssembly
Symbol file LoadedFromMemory doesn't match image C:\Users\shiro\Desktop\UnityGames\so-ra-game\3DAction\Library\PackageCache\com.unity.visualscripting@1.7.8\Editor\VisualScripting.Core\Dependencies\YamlDotNet\Unity.VisualScripting.YamlDotNet.dll
Symbol file LoadedFromMemory doesn't match image C:\Users\shiro\Desktop\UnityGames\so-ra-game\3DAction\Library\PackageCache\com.unity.visualscripting@1.7.8\Editor\VisualScripting.Core\Dependencies\DotNetZip\Unity.VisualScripting.IonicZip.dll
Native extension for WindowsStandalone target not found
Native extension for WebGL target not found
Refreshing native plugins compatible for Editor in 1.37 ms, found 4 plugins.
Preloading 0 native plugins for Editor in 0.00 ms.
Mono: successfully reloaded assembly
- Completed reload, in  1.388 seconds
Domain Reload Profiling:
	ReloadAssembly (1389ms)
		BeginReloadAssembly (154ms)
			ExecutionOrderSort (0ms)
			DisableScriptedObjects (5ms)
			BackupInstance (0ms)
			ReleaseScriptingObjects (0ms)
			CreateAndSetChildDomain (45ms)
		EndReloadAssembly (1133ms)
			LoadAssemblies (135ms)
			RebuildTransferFunctionScriptingTraits (0ms)
			SetupTypeCache (294ms)
			ReleaseScriptCaches (2ms)
			RebuildScriptCaches (52ms)
			SetupLoadedEditorAssemblies (583ms)
				LogAssemblyErrors (0ms)
				InitializePlatformSupportModulesInManaged (13ms)
				SetLoadedEditorAssemblies (0ms)
				RefreshPlugins (1ms)
				BeforeProcessingInitializeOnLoad (164ms)
				ProcessInitializeOnLoadAttributes (285ms)
				ProcessInitializeOnLoadMethodAttributes (115ms)
				AfterProcessingInitializeOnLoad (5ms)
				EditorAssembliesLoaded (0ms)
			ExecutionOrderSort2 (0ms)
			AwakeInstancesAfterBackupRestoration (17ms)
Platform modules already initialized, skipping
Refreshing native plugins compatible for Editor in 3.32 ms, found 4 plugins.
Preloading 0 native plugins for Editor in 0.00 ms.
Unloading 6463 Unused Serialized files (Serialized files now loaded: 0)
Unloading 73 unused Assets / (11.8 MB). Loaded Objects now: 7255.
Memory consumption went from 282.7 MB to 270.9 MB.
Total: 10.571600 ms (FindLiveObjects: 0.881500 ms CreateObjectMapping: 0.605600 ms MarkObjects: 3.092700 ms  DeleteObjects: 5.990900 ms)

AssetImportParameters requested are different than current active one (requested -> active):
  custom:video-decoder-ogg-theora: a1e56fd34408186e4bbccfd4996cb3dc -> 
  custom:container-muxer-webm: aa71ff27fc2769a1b78a27578f13a17b -> 
  custom:container-demuxer-webm: 4f35f7cbe854078d1ac9338744f61a02 -> 
  custom:video-encoder-webm-vp8: eb34c28f22e8b96e1ab97ce403110664 -> 
  custom:audio-encoder-webm-vorbis: bf7c407c2cedff20999df2af8eb42d56 -> 
  custom:framework-win-MediaFoundation: 216162199b28c13a410421893ffa2e32 -> 
  custom:container-demuxer-ogg: 62fdf1f143b41e24485cea50d1cbac27 -> 
  custom:video-decoder-webm-vp8: 9c59270c3fd7afecdb556c50c9e8de78 -> 
  custom:audio-decoder-ogg-vorbis: bf7c407c2cedff20999df2af8eb42d56 -> 
========================================================================
Received Import Request.
  Time since last request: 33.309075 seconds.
  path: Assets/StarterAssets/InputSystem/StarterAssets.inputactions
  artifactKey: Guid(4419d82f33d36e848b3ed5af4c8da37e) Importer(815301076,1909f56bfc062723c751e8b465ee728b)
Start importing Assets/StarterAssets/InputSystem/StarterAssets.inputactions using Guid(4419d82f33d36e848b3ed5af4c8da37e) Importer(815301076,1909f56bfc062723c751e8b465ee728b)  -> (artifact id: 'c5d11028f08aed04a7b7afca9345b25b') in 0.033715 seconds 
========================================================================
Received Import Request.
  Time since last request: 91.367753 seconds.
  path: Assets/StarterAssets/InputSystem/StarterAssets.inputactions
  artifactKey: Guid(4419d82f33d36e848b3ed5af4c8da37e) Importer(815301076,1909f56bfc062723c751e8b465ee728b)
Start importing Assets/StarterAssets/InputSystem/StarterAssets.inputactions using Guid(4419d82f33d36e848b3ed5af4c8da37e) Importer(815301076,1909f56bfc062723c751e8b465ee728b)  -> (artifact id: '7b54881784e70781c8bb8a239fe9d9be') in 0.005593 seconds 
========================================================================
Received Prepare
Registering precompiled user dll's ...
Registered in 0.010164 seconds.
Begin MonoManager ReloadAssembly
Symbol file LoadedFromMemory doesn't match image C:\Users\shiro\Desktop\UnityGames\so-ra-game\3DAction\Library\PackageCache\com.unity.visualscripting@1.7.8\Editor\VisualScripting.Core\Dependencies\YamlDotNet\Unity.VisualScripting.YamlDotNet.dll
Symbol file LoadedFromMemory doesn't match image C:\Users\shiro\Desktop\UnityGames\so-ra-game\3DAction\Library\PackageCache\com.unity.visualscripting@1.7.8\Editor\VisualScripting.Core\Dependencies\DotNetZip\Unity.VisualScripting.IonicZip.dll
Native extension for WindowsStandalone target not found
Native extension for WebGL target not found
Refreshing native plugins compatible for Editor in 1.15 ms, found 4 plugins.
Preloading 0 native plugins for Editor in 0.00 ms.
Mono: successfully reloaded assembly
- Completed reload, in  1.401 seconds
Domain Reload Profiling:
	ReloadAssembly (1402ms)
		BeginReloadAssembly (145ms)
			ExecutionOrderSort (0ms)
			DisableScriptedObjects (4ms)
			BackupInstance (0ms)
			ReleaseScriptingObjects (0ms)
			CreateAndSetChildDomain (46ms)
		EndReloadAssembly (1154ms)
			LoadAssemblies (125ms)
			RebuildTransferFunctionScriptingTraits (0ms)
			SetupTypeCache (300ms)
			ReleaseScriptCaches (2ms)
			RebuildScriptCaches (53ms)
			SetupLoadedEditorAssemblies (596ms)
				LogAssemblyErrors (0ms)
				InitializePlatformSupportModulesInManaged (13ms)
				SetLoadedEditorAssemblies (0ms)
				RefreshPlugins (1ms)
				BeforeProcessingInitializeOnLoad (164ms)
				ProcessInitializeOnLoadAttributes (295ms)
				ProcessInitializeOnLoadMethodAttributes (118ms)
				AfterProcessingInitializeOnLoad (5ms)
				EditorAssembliesLoaded (0ms)
			ExecutionOrderSort2 (0ms)
			AwakeInstancesAfterBackupRestoration (17ms)
Platform modules already initialized, skipping
Refreshing native plugins compatible for Editor in 3.28 ms, found 4 plugins.
Preloading 0 native plugins for Editor in 0.00 ms.
Unloading 6463 Unused Serialized files (Serialized files now loaded: 0)
Unloading 73 unused Assets / (11.8 MB). Loaded Objects now: 7270.
Memory consumption went from 283.0 MB to 271.2 MB.
Total: 9.310700 ms (FindLiveObjects: 0.505100 ms CreateObjectMapping: 0.457000 ms MarkObjects: 2.721900 ms  DeleteObjects: 5.625400 ms)

AssetImportParameters requested are different than current active one (requested -> active):
  custom:video-decoder-ogg-theora: a1e56fd34408186e4bbccfd4996cb3dc -> 
  custom:container-muxer-webm: aa71ff27fc2769a1b78a27578f13a17b -> 
  custom:container-demuxer-webm: 4f35f7cbe854078d1ac9338744f61a02 -> 
  custom:video-encoder-webm-vp8: eb34c28f22e8b96e1ab97ce403110664 -> 
  custom:audio-encoder-webm-vorbis: bf7c407c2cedff20999df2af8eb42d56 -> 
  custom:framework-win-MediaFoundation: 216162199b28c13a410421893ffa2e32 -> 
  custom:container-demuxer-ogg: 62fdf1f143b41e24485cea50d1cbac27 -> 
  custom:video-decoder-webm-vp8: 9c59270c3fd7afecdb556c50c9e8de78 -> 
  custom:audio-decoder-ogg-vorbis: bf7c407c2cedff20999df2af8eb42d56 -> 
